TRACE::2022-02-23.20:16:22::SCWPlatform::Trying to open the hw design at C:/Users/owenm/OneDrive/Documents/programming/Verilog/ADC_interface_low_HZ/ADC_interface_low_HZ_mk2.vitus/ADC_interface_platform/hw/design_1_wrapper_mk2.xsa
TRACE::2022-02-23.20:16:22::SCWPlatform::DSA given C:/Users/owenm/OneDrive/Documents/programming/Verilog/ADC_interface_low_HZ/ADC_interface_low_HZ_mk2.vitus/ADC_interface_platform/hw/design_1_wrapper_mk2.xsa
TRACE::2022-02-23.20:16:22::SCWPlatform::DSA absoulate path C:/Users/owenm/OneDrive/Documents/programming/Verilog/ADC_interface_low_HZ/ADC_interface_low_HZ_mk2.vitus/ADC_interface_platform/hw/design_1_wrapper_mk2.xsa
TRACE::2022-02-23.20:16:22::SCWPlatform::DSA directory C:/Users/owenm/OneDrive/Documents/programming/Verilog/ADC_interface_low_HZ/ADC_interface_low_HZ_mk2.vitus/ADC_interface_platform/hw
TRACE::2022-02-23.20:16:22::SCWPlatform:: Platform Path C:/Users/owenm/OneDrive/Documents/programming/Verilog/ADC_interface_low_HZ/ADC_interface_low_HZ_mk2.vitus/ADC_interface_platform/hw/design_1_wrapper_mk2.xsa
TRACE::2022-02-23.20:16:22::SCWPlatform:: Unique name xilinx:cmod_a7-15t::0.0
TRACE::2022-02-23.20:16:22::SCWPlatform::Do not have an existing db opened. 
TRACE::2022-02-23.20:16:22::SCWPlatform::Opened new HwDB with name design_1_wrapper_7
TRACE::2022-02-23.20:16:22::SCWWriter::formatted JSON is {
	"platformName":	"ADC_interface_platform",
	"sprVersion":	"2.0",
	"mode":	"gui",
	"dsaType":	"Fixed",
	"platformDesc":	"ADC_interface_platform",
	"platHandOff":	"C:/Users/owenm/OneDrive/Documents/programming/Verilog/ADC_interface_low_HZ/design_1_wrapper_mk2.xsa",
	"platIntHandOff":	"<platformDir>/hw/design_1_wrapper_mk2.xsa",
	"deviceType":	"FPGA",
	"platIsPrebuiltAutogen":	"false",
	"platIsNoBootBsp":	"false",
	"hasFsblMakeHasChanges":	"false",
	"hasPmufwMakeHasChanges":	"false",
	"platPreBuiltFlag":	false,
	"platformSamplesDir":	""
}
TRACE::2022-02-23.20:16:22::SCWWriter::formatted JSON is {
	"platformName":	"ADC_interface_platform",
	"sprVersion":	"2.0",
	"mode":	"gui",
	"dsaType":	"Fixed",
	"platformDesc":	"ADC_interface_platform",
	"platHandOff":	"C:/Users/owenm/OneDrive/Documents/programming/Verilog/ADC_interface_low_HZ/design_1_wrapper_mk2.xsa",
	"platIntHandOff":	"<platformDir>/hw/design_1_wrapper_mk2.xsa",
	"deviceType":	"FPGA",
	"platIsPrebuiltAutogen":	"false",
	"platIsNoBootBsp":	"false",
	"hasFsblMakeHasChanges":	"false",
	"hasPmufwMakeHasChanges":	"false",
	"platPreBuiltFlag":	false,
	"platformSamplesDir":	"",
	"platActiveSys":	"ADC_interface_platform",
	"systems":	[{
			"systemName":	"ADC_interface_platform",
			"systemDesc":	"ADC_interface_platform",
			"sysIsBootAutoGen":	"true",
			"systemDispName":	"ADC_interface_platform"
		}]
}
TRACE::2022-02-23.20:16:22::SCWPlatform::Boot application domains not present, creating them
TRACE::2022-02-23.20:16:22::SCWPlatform::Pure FPGA device, no boot application will be created.
TRACE::2022-02-23.20:16:22::SCWWriter::formatted JSON is {
	"platformName":	"ADC_interface_platform",
	"sprVersion":	"2.0",
	"mode":	"gui",
	"dsaType":	"Fixed",
	"platformDesc":	"ADC_interface_platform",
	"platHandOff":	"C:/Users/owenm/OneDrive/Documents/programming/Verilog/ADC_interface_low_HZ/design_1_wrapper_mk2.xsa",
	"platIntHandOff":	"<platformDir>/hw/design_1_wrapper_mk2.xsa",
	"deviceType":	"FPGA",
	"platIsPrebuiltAutogen":	"false",
	"platIsNoBootBsp":	"false",
	"hasFsblMakeHasChanges":	"false",
	"hasPmufwMakeHasChanges":	"false",
	"platPreBuiltFlag":	false,
	"platformSamplesDir":	"",
	"platActiveSys":	"ADC_interface_platform",
	"systems":	[{
			"systemName":	"ADC_interface_platform",
			"systemDesc":	"ADC_interface_platform",
			"sysIsBootAutoGen":	"true",
			"systemDispName":	"ADC_interface_platform"
		}]
}
TRACE::2022-02-23.20:16:22::SCWPlatform::Trying to open the hw design at C:/Users/owenm/OneDrive/Documents/programming/Verilog/ADC_interface_low_HZ/ADC_interface_low_HZ_mk2.vitus/ADC_interface_platform/hw/design_1_wrapper_mk2.xsa
TRACE::2022-02-23.20:16:22::SCWPlatform::DSA given C:/Users/owenm/OneDrive/Documents/programming/Verilog/ADC_interface_low_HZ/ADC_interface_low_HZ_mk2.vitus/ADC_interface_platform/hw/design_1_wrapper_mk2.xsa
TRACE::2022-02-23.20:16:22::SCWPlatform::DSA absoulate path C:/Users/owenm/OneDrive/Documents/programming/Verilog/ADC_interface_low_HZ/ADC_interface_low_HZ_mk2.vitus/ADC_interface_platform/hw/design_1_wrapper_mk2.xsa
TRACE::2022-02-23.20:16:22::SCWPlatform::DSA directory C:/Users/owenm/OneDrive/Documents/programming/Verilog/ADC_interface_low_HZ/ADC_interface_low_HZ_mk2.vitus/ADC_interface_platform/hw
TRACE::2022-02-23.20:16:22::SCWPlatform:: Platform Path C:/Users/owenm/OneDrive/Documents/programming/Verilog/ADC_interface_low_HZ/ADC_interface_low_HZ_mk2.vitus/ADC_interface_platform/hw/design_1_wrapper_mk2.xsa
TRACE::2022-02-23.20:16:22::SCWPlatform:: Unique name xilinx:cmod_a7-15t::0.0
TRACE::2022-02-23.20:16:22::SCWPlatform::Trying to set the existing hwdb with name design_1_wrapper_7
TRACE::2022-02-23.20:16:22::SCWPlatform::Opened existing hwdb design_1_wrapper_7
TRACE::2022-02-23.20:16:22::SCWPlatform::Found the Hw Db part of the input DSA
TRACE::2022-02-23.20:16:22::SCWPlatform::Trying to open the hw design at C:/Users/owenm/OneDrive/Documents/programming/Verilog/ADC_interface_low_HZ/ADC_interface_low_HZ_mk2.vitus/ADC_interface_platform/hw/design_1_wrapper_mk2.xsa
TRACE::2022-02-23.20:16:22::SCWPlatform::DSA given C:/Users/owenm/OneDrive/Documents/programming/Verilog/ADC_interface_low_HZ/ADC_interface_low_HZ_mk2.vitus/ADC_interface_platform/hw/design_1_wrapper_mk2.xsa
TRACE::2022-02-23.20:16:22::SCWPlatform::DSA absoulate path C:/Users/owenm/OneDrive/Documents/programming/Verilog/ADC_interface_low_HZ/ADC_interface_low_HZ_mk2.vitus/ADC_interface_platform/hw/design_1_wrapper_mk2.xsa
TRACE::2022-02-23.20:16:22::SCWPlatform::DSA directory C:/Users/owenm/OneDrive/Documents/programming/Verilog/ADC_interface_low_HZ/ADC_interface_low_HZ_mk2.vitus/ADC_interface_platform/hw
TRACE::2022-02-23.20:16:22::SCWPlatform:: Platform Path C:/Users/owenm/OneDrive/Documents/programming/Verilog/ADC_interface_low_HZ/ADC_interface_low_HZ_mk2.vitus/ADC_interface_platform/hw/design_1_wrapper_mk2.xsa
TRACE::2022-02-23.20:16:22::SCWPlatform:: Unique name xilinx:cmod_a7-15t::0.0
TRACE::2022-02-23.20:16:22::SCWPlatform::Trying to set the existing hwdb with name design_1_wrapper_7
TRACE::2022-02-23.20:16:22::SCWPlatform::Opened existing hwdb design_1_wrapper_7
TRACE::2022-02-23.20:16:22::SCWPlatform::Found the Hw Db part of the input DSA
TRACE::2022-02-23.20:16:22::SCWPlatform::Trying to open the hw design at C:/Users/owenm/OneDrive/Documents/programming/Verilog/ADC_interface_low_HZ/ADC_interface_low_HZ_mk2.vitus/ADC_interface_platform/hw/design_1_wrapper_mk2.xsa
TRACE::2022-02-23.20:16:22::SCWPlatform::DSA given C:/Users/owenm/OneDrive/Documents/programming/Verilog/ADC_interface_low_HZ/ADC_interface_low_HZ_mk2.vitus/ADC_interface_platform/hw/design_1_wrapper_mk2.xsa
TRACE::2022-02-23.20:16:22::SCWPlatform::DSA absoulate path C:/Users/owenm/OneDrive/Documents/programming/Verilog/ADC_interface_low_HZ/ADC_interface_low_HZ_mk2.vitus/ADC_interface_platform/hw/design_1_wrapper_mk2.xsa
TRACE::2022-02-23.20:16:22::SCWPlatform::DSA directory C:/Users/owenm/OneDrive/Documents/programming/Verilog/ADC_interface_low_HZ/ADC_interface_low_HZ_mk2.vitus/ADC_interface_platform/hw
TRACE::2022-02-23.20:16:22::SCWPlatform:: Platform Path C:/Users/owenm/OneDrive/Documents/programming/Verilog/ADC_interface_low_HZ/ADC_interface_low_HZ_mk2.vitus/ADC_interface_platform/hw/design_1_wrapper_mk2.xsa
TRACE::2022-02-23.20:16:22::SCWPlatform:: Unique name xilinx:cmod_a7-15t::0.0
TRACE::2022-02-23.20:16:22::SCWPlatform::Trying to set the existing hwdb with name design_1_wrapper_7
TRACE::2022-02-23.20:16:22::SCWPlatform::Opened existing hwdb design_1_wrapper_7
TRACE::2022-02-23.20:16:22::SCWPlatform::Found the Hw Db part of the input DSA
TRACE::2022-02-23.20:16:22::SCWDomain::checking for install qemu data   : 
TRACE::2022-02-23.20:16:22::SCWPlatform::Trying to open the hw design at C:/Users/owenm/OneDrive/Documents/programming/Verilog/ADC_interface_low_HZ/ADC_interface_low_HZ_mk2.vitus/ADC_interface_platform/hw/design_1_wrapper_mk2.xsa
TRACE::2022-02-23.20:16:22::SCWPlatform::DSA given C:/Users/owenm/OneDrive/Documents/programming/Verilog/ADC_interface_low_HZ/ADC_interface_low_HZ_mk2.vitus/ADC_interface_platform/hw/design_1_wrapper_mk2.xsa
TRACE::2022-02-23.20:16:22::SCWPlatform::DSA absoulate path C:/Users/owenm/OneDrive/Documents/programming/Verilog/ADC_interface_low_HZ/ADC_interface_low_HZ_mk2.vitus/ADC_interface_platform/hw/design_1_wrapper_mk2.xsa
TRACE::2022-02-23.20:16:22::SCWPlatform::DSA directory C:/Users/owenm/OneDrive/Documents/programming/Verilog/ADC_interface_low_HZ/ADC_interface_low_HZ_mk2.vitus/ADC_interface_platform/hw
TRACE::2022-02-23.20:16:22::SCWPlatform:: Platform Path C:/Users/owenm/OneDrive/Documents/programming/Verilog/ADC_interface_low_HZ/ADC_interface_low_HZ_mk2.vitus/ADC_interface_platform/hw/design_1_wrapper_mk2.xsa
TRACE::2022-02-23.20:16:22::SCWPlatform:: Unique name xilinx:cmod_a7-15t::0.0
TRACE::2022-02-23.20:16:22::SCWPlatform::Trying to set the existing hwdb with name design_1_wrapper_7
TRACE::2022-02-23.20:16:22::SCWPlatform::Opened existing hwdb design_1_wrapper_7
TRACE::2022-02-23.20:16:22::SCWPlatform::Found the Hw Db part of the input DSA
TRACE::2022-02-23.20:16:22::SCWPlatform::Trying to open the hw design at C:/Users/owenm/OneDrive/Documents/programming/Verilog/ADC_interface_low_HZ/ADC_interface_low_HZ_mk2.vitus/ADC_interface_platform/hw/design_1_wrapper_mk2.xsa
TRACE::2022-02-23.20:16:22::SCWPlatform::DSA given C:/Users/owenm/OneDrive/Documents/programming/Verilog/ADC_interface_low_HZ/ADC_interface_low_HZ_mk2.vitus/ADC_interface_platform/hw/design_1_wrapper_mk2.xsa
TRACE::2022-02-23.20:16:22::SCWPlatform::DSA absoulate path C:/Users/owenm/OneDrive/Documents/programming/Verilog/ADC_interface_low_HZ/ADC_interface_low_HZ_mk2.vitus/ADC_interface_platform/hw/design_1_wrapper_mk2.xsa
TRACE::2022-02-23.20:16:22::SCWPlatform::DSA directory C:/Users/owenm/OneDrive/Documents/programming/Verilog/ADC_interface_low_HZ/ADC_interface_low_HZ_mk2.vitus/ADC_interface_platform/hw
TRACE::2022-02-23.20:16:22::SCWPlatform:: Platform Path C:/Users/owenm/OneDrive/Documents/programming/Verilog/ADC_interface_low_HZ/ADC_interface_low_HZ_mk2.vitus/ADC_interface_platform/hw/design_1_wrapper_mk2.xsa
TRACE::2022-02-23.20:16:22::SCWPlatform:: Unique name xilinx:cmod_a7-15t::0.0
TRACE::2022-02-23.20:16:22::SCWPlatform::Trying to set the existing hwdb with name design_1_wrapper_7
TRACE::2022-02-23.20:16:22::SCWPlatform::Opened existing hwdb design_1_wrapper_7
TRACE::2022-02-23.20:16:22::SCWPlatform::Found the Hw Db part of the input DSA
TRACE::2022-02-23.20:16:22::SCWPlatform::Trying to open the hw design at C:/Users/owenm/OneDrive/Documents/programming/Verilog/ADC_interface_low_HZ/ADC_interface_low_HZ_mk2.vitus/ADC_interface_platform/hw/design_1_wrapper_mk2.xsa
TRACE::2022-02-23.20:16:22::SCWPlatform::DSA given C:/Users/owenm/OneDrive/Documents/programming/Verilog/ADC_interface_low_HZ/ADC_interface_low_HZ_mk2.vitus/ADC_interface_platform/hw/design_1_wrapper_mk2.xsa
TRACE::2022-02-23.20:16:22::SCWPlatform::DSA absoulate path C:/Users/owenm/OneDrive/Documents/programming/Verilog/ADC_interface_low_HZ/ADC_interface_low_HZ_mk2.vitus/ADC_interface_platform/hw/design_1_wrapper_mk2.xsa
TRACE::2022-02-23.20:16:22::SCWPlatform::DSA directory C:/Users/owenm/OneDrive/Documents/programming/Verilog/ADC_interface_low_HZ/ADC_interface_low_HZ_mk2.vitus/ADC_interface_platform/hw
TRACE::2022-02-23.20:16:22::SCWPlatform:: Platform Path C:/Users/owenm/OneDrive/Documents/programming/Verilog/ADC_interface_low_HZ/ADC_interface_low_HZ_mk2.vitus/ADC_interface_platform/hw/design_1_wrapper_mk2.xsa
TRACE::2022-02-23.20:16:22::SCWPlatform:: Unique name xilinx:cmod_a7-15t::0.0
TRACE::2022-02-23.20:16:22::SCWPlatform::Trying to set the existing hwdb with name design_1_wrapper_7
TRACE::2022-02-23.20:16:22::SCWPlatform::Opened existing hwdb design_1_wrapper_7
TRACE::2022-02-23.20:16:22::SCWPlatform::Found the Hw Db part of the input DSA
TRACE::2022-02-23.20:16:22::SCWMssOS::Checking the sw design at  C:/Users/owenm/OneDrive/Documents/programming/Verilog/ADC_interface_low_HZ/ADC_interface_low_HZ_mk2.vitus/ADC_interface_platform/microblaze_0/standalone_domain/bsp/system.mss
TRACE::2022-02-23.20:16:22::SCWMssOS::DEBUG:  swdes dump  
TRACE::2022-02-23.20:16:22::SCWMssOS::No sw design opened at  C:/Users/owenm/OneDrive/Documents/programming/Verilog/ADC_interface_low_HZ/ADC_interface_low_HZ_mk2.vitus/ADC_interface_platform/microblaze_0/standalone_domain/bsp/system.mss
TRACE::2022-02-23.20:16:22::SCWMssOS::mss does not exists at C:/Users/owenm/OneDrive/Documents/programming/Verilog/ADC_interface_low_HZ/ADC_interface_low_HZ_mk2.vitus/ADC_interface_platform/microblaze_0/standalone_domain/bsp/system.mss
TRACE::2022-02-23.20:16:22::SCWMssOS::Creating sw design at  C:/Users/owenm/OneDrive/Documents/programming/Verilog/ADC_interface_low_HZ/ADC_interface_low_HZ_mk2.vitus/ADC_interface_platform/microblaze_0/standalone_domain/bsp/system.mss
TRACE::2022-02-23.20:16:22::SCWMssOS::Adding the swdes entry, created swdb C:/Users/owenm/OneDrive/Documents/programming/Verilog/ADC_interface_low_HZ/ADC_interface_low_HZ_mk2.vitus/ADC_interface_platform/microblaze_0/standalone_domain/bsp/system.mss with des name C:/Users/owenm/OneDrive/Documents/programming/Verilog/ADC_interface_low_HZ/ADC_interface_low_HZ_mk2.vitus/ADC_interface_platform/microblaze_0/standalone_domain/bsp/system.mss
TRACE::2022-02-23.20:16:22::SCWMssOS::updating the scw layer changes to swdes at   C:/Users/owenm/OneDrive/Documents/programming/Verilog/ADC_interface_low_HZ/ADC_interface_low_HZ_mk2.vitus/ADC_interface_platform/microblaze_0/standalone_domain/bsp/system.mss
TRACE::2022-02-23.20:16:22::SCWMssOS::Writing mss at C:/Users/owenm/OneDrive/Documents/programming/Verilog/ADC_interface_low_HZ/ADC_interface_low_HZ_mk2.vitus/ADC_interface_platform/microblaze_0/standalone_domain/bsp/system.mss
TRACE::2022-02-23.20:16:22::SCWMssOS::Completed writing the mss file at C:/Users/owenm/OneDrive/Documents/programming/Verilog/ADC_interface_low_HZ/ADC_interface_low_HZ_mk2.vitus/ADC_interface_platform/microblaze_0/standalone_domain/bsp
TRACE::2022-02-23.20:16:22::SCWMssOS::Picking up changes from newly written mss file into SCW Layer. 
TRACE::2022-02-23.20:16:22::SCWMssOS::Updated the changes from newly written mss file into SCW Layer. 
TRACE::2022-02-23.20:16:22::SCWMssOS::Completed writing the mss file at C:/Users/owenm/OneDrive/Documents/programming/Verilog/ADC_interface_low_HZ/ADC_interface_low_HZ_mk2.vitus/ADC_interface_platform/microblaze_0/standalone_domain/bsp
TRACE::2022-02-23.20:16:22::SCWMssOS::Forcing BSP Sources regeneration.
TRACE::2022-02-23.20:16:23::SCWMssOS::Saving the mss changes C:/Users/owenm/OneDrive/Documents/programming/Verilog/ADC_interface_low_HZ/ADC_interface_low_HZ_mk2.vitus/ADC_interface_platform/microblaze_0/standalone_domain/bsp/system.mss
TRACE::2022-02-23.20:16:23::SCWMssOS::Adding the swdes entry, mss present, able to open swdb C:/Users/owenm/OneDrive/Documents/programming/Verilog/ADC_interface_low_HZ/ADC_interface_low_HZ_mk2.vitus/ADC_interface_platform/microblaze_0/standalone_domain/bsp/system.mss with des name system
TRACE::2022-02-23.20:16:23::SCWMssOS::Writing the mss file completed C:/Users/owenm/OneDrive/Documents/programming/Verilog/ADC_interface_low_HZ/ADC_interface_low_HZ_mk2.vitus/ADC_interface_platform/microblaze_0/standalone_domain/bsp/system.mss
TRACE::2022-02-23.20:16:23::SCWMssOS::Commit changes completed.
TRACE::2022-02-23.20:16:23::SCWPlatform::Trying to open the hw design at C:/Users/owenm/OneDrive/Documents/programming/Verilog/ADC_interface_low_HZ/ADC_interface_low_HZ_mk2.vitus/ADC_interface_platform/hw/design_1_wrapper_mk2.xsa
TRACE::2022-02-23.20:16:23::SCWPlatform::DSA given C:/Users/owenm/OneDrive/Documents/programming/Verilog/ADC_interface_low_HZ/ADC_interface_low_HZ_mk2.vitus/ADC_interface_platform/hw/design_1_wrapper_mk2.xsa
TRACE::2022-02-23.20:16:23::SCWPlatform::DSA absoulate path C:/Users/owenm/OneDrive/Documents/programming/Verilog/ADC_interface_low_HZ/ADC_interface_low_HZ_mk2.vitus/ADC_interface_platform/hw/design_1_wrapper_mk2.xsa
TRACE::2022-02-23.20:16:23::SCWPlatform::DSA directory C:/Users/owenm/OneDrive/Documents/programming/Verilog/ADC_interface_low_HZ/ADC_interface_low_HZ_mk2.vitus/ADC_interface_platform/hw
TRACE::2022-02-23.20:16:23::SCWPlatform:: Platform Path C:/Users/owenm/OneDrive/Documents/programming/Verilog/ADC_interface_low_HZ/ADC_interface_low_HZ_mk2.vitus/ADC_interface_platform/hw/design_1_wrapper_mk2.xsa
TRACE::2022-02-23.20:16:23::SCWPlatform:: Unique name xilinx:cmod_a7-15t::0.0
TRACE::2022-02-23.20:16:23::SCWPlatform::Trying to set the existing hwdb with name design_1_wrapper_7
TRACE::2022-02-23.20:16:23::SCWPlatform::Opened existing hwdb design_1_wrapper_7
TRACE::2022-02-23.20:16:23::SCWPlatform::Found the Hw Db part of the input DSA
TRACE::2022-02-23.20:16:23::SCWMssOS::Checking the sw design at  C:/Users/owenm/OneDrive/Documents/programming/Verilog/ADC_interface_low_HZ/ADC_interface_low_HZ_mk2.vitus/ADC_interface_platform/microblaze_0/standalone_domain/bsp/system.mss
TRACE::2022-02-23.20:16:23::SCWMssOS::DEBUG:  swdes dump  C:/Users/owenm/OneDrive/Documents/programming/Verilog/ADC_interface_low_HZ/ADC_interface_low_HZ_mk2.vitus/ADC_interface_platform/microblaze_0/standalone_domain/bsp/system.mss|system||

TRACE::2022-02-23.20:16:23::SCWMssOS::Sw design exists and opened at  C:/Users/owenm/OneDrive/Documents/programming/Verilog/ADC_interface_low_HZ/ADC_interface_low_HZ_mk2.vitus/ADC_interface_platform/microblaze_0/standalone_domain/bsp/system.mss
TRACE::2022-02-23.20:16:23::SCWPlatform::Trying to open the hw design at C:/Users/owenm/OneDrive/Documents/programming/Verilog/ADC_interface_low_HZ/ADC_interface_low_HZ_mk2.vitus/ADC_interface_platform/hw/design_1_wrapper_mk2.xsa
TRACE::2022-02-23.20:16:23::SCWPlatform::DSA given C:/Users/owenm/OneDrive/Documents/programming/Verilog/ADC_interface_low_HZ/ADC_interface_low_HZ_mk2.vitus/ADC_interface_platform/hw/design_1_wrapper_mk2.xsa
TRACE::2022-02-23.20:16:23::SCWPlatform::DSA absoulate path C:/Users/owenm/OneDrive/Documents/programming/Verilog/ADC_interface_low_HZ/ADC_interface_low_HZ_mk2.vitus/ADC_interface_platform/hw/design_1_wrapper_mk2.xsa
TRACE::2022-02-23.20:16:23::SCWPlatform::DSA directory C:/Users/owenm/OneDrive/Documents/programming/Verilog/ADC_interface_low_HZ/ADC_interface_low_HZ_mk2.vitus/ADC_interface_platform/hw
TRACE::2022-02-23.20:16:23::SCWPlatform:: Platform Path C:/Users/owenm/OneDrive/Documents/programming/Verilog/ADC_interface_low_HZ/ADC_interface_low_HZ_mk2.vitus/ADC_interface_platform/hw/design_1_wrapper_mk2.xsa
TRACE::2022-02-23.20:16:23::SCWPlatform:: Unique name xilinx:cmod_a7-15t::0.0
TRACE::2022-02-23.20:16:23::SCWPlatform::Trying to set the existing hwdb with name design_1_wrapper_7
TRACE::2022-02-23.20:16:23::SCWPlatform::Opened existing hwdb design_1_wrapper_7
TRACE::2022-02-23.20:16:23::SCWPlatform::Found the Hw Db part of the input DSA
TRACE::2022-02-23.20:16:23::SCWMssOS::Checking the sw design at  C:/Users/owenm/OneDrive/Documents/programming/Verilog/ADC_interface_low_HZ/ADC_interface_low_HZ_mk2.vitus/ADC_interface_platform/microblaze_0/standalone_domain/bsp/system.mss
TRACE::2022-02-23.20:16:23::SCWMssOS::DEBUG:  swdes dump  C:/Users/owenm/OneDrive/Documents/programming/Verilog/ADC_interface_low_HZ/ADC_interface_low_HZ_mk2.vitus/ADC_interface_platform/microblaze_0/standalone_domain/bsp/system.mss|system||

TRACE::2022-02-23.20:16:23::SCWMssOS::Sw design exists and opened at  C:/Users/owenm/OneDrive/Documents/programming/Verilog/ADC_interface_low_HZ/ADC_interface_low_HZ_mk2.vitus/ADC_interface_platform/microblaze_0/standalone_domain/bsp/system.mss
TRACE::2022-02-23.20:16:23::SCWPlatform::Trying to open the hw design at C:/Users/owenm/OneDrive/Documents/programming/Verilog/ADC_interface_low_HZ/ADC_interface_low_HZ_mk2.vitus/ADC_interface_platform/hw/design_1_wrapper_mk2.xsa
TRACE::2022-02-23.20:16:23::SCWPlatform::DSA given C:/Users/owenm/OneDrive/Documents/programming/Verilog/ADC_interface_low_HZ/ADC_interface_low_HZ_mk2.vitus/ADC_interface_platform/hw/design_1_wrapper_mk2.xsa
TRACE::2022-02-23.20:16:23::SCWPlatform::DSA absoulate path C:/Users/owenm/OneDrive/Documents/programming/Verilog/ADC_interface_low_HZ/ADC_interface_low_HZ_mk2.vitus/ADC_interface_platform/hw/design_1_wrapper_mk2.xsa
TRACE::2022-02-23.20:16:23::SCWPlatform::DSA directory C:/Users/owenm/OneDrive/Documents/programming/Verilog/ADC_interface_low_HZ/ADC_interface_low_HZ_mk2.vitus/ADC_interface_platform/hw
TRACE::2022-02-23.20:16:23::SCWPlatform:: Platform Path C:/Users/owenm/OneDrive/Documents/programming/Verilog/ADC_interface_low_HZ/ADC_interface_low_HZ_mk2.vitus/ADC_interface_platform/hw/design_1_wrapper_mk2.xsa
TRACE::2022-02-23.20:16:23::SCWPlatform:: Unique name xilinx:cmod_a7-15t::0.0
TRACE::2022-02-23.20:16:23::SCWPlatform::Trying to set the existing hwdb with name design_1_wrapper_7
TRACE::2022-02-23.20:16:23::SCWPlatform::Opened existing hwdb design_1_wrapper_7
TRACE::2022-02-23.20:16:23::SCWPlatform::Found the Hw Db part of the input DSA
TRACE::2022-02-23.20:16:23::SCWMssOS::Checking the sw design at  C:/Users/owenm/OneDrive/Documents/programming/Verilog/ADC_interface_low_HZ/ADC_interface_low_HZ_mk2.vitus/ADC_interface_platform/microblaze_0/standalone_domain/bsp/system.mss
TRACE::2022-02-23.20:16:23::SCWMssOS::DEBUG:  swdes dump  C:/Users/owenm/OneDrive/Documents/programming/Verilog/ADC_interface_low_HZ/ADC_interface_low_HZ_mk2.vitus/ADC_interface_platform/microblaze_0/standalone_domain/bsp/system.mss|system||

TRACE::2022-02-23.20:16:23::SCWMssOS::Sw design exists and opened at  C:/Users/owenm/OneDrive/Documents/programming/Verilog/ADC_interface_low_HZ/ADC_interface_low_HZ_mk2.vitus/ADC_interface_platform/microblaze_0/standalone_domain/bsp/system.mss
TRACE::2022-02-23.20:16:23::SCWWriter::formatted JSON is {
	"platformName":	"ADC_interface_platform",
	"sprVersion":	"2.0",
	"mode":	"gui",
	"dsaType":	"Fixed",
	"platformDesc":	"ADC_interface_platform",
	"platHandOff":	"C:/Users/owenm/OneDrive/Documents/programming/Verilog/ADC_interface_low_HZ/design_1_wrapper_mk2.xsa",
	"platIntHandOff":	"<platformDir>/hw/design_1_wrapper_mk2.xsa",
	"deviceType":	"FPGA",
	"platIsPrebuiltAutogen":	"false",
	"platIsNoBootBsp":	"false",
	"hasFsblMakeHasChanges":	"false",
	"hasPmufwMakeHasChanges":	"false",
	"platPreBuiltFlag":	false,
	"platformSamplesDir":	"",
	"platActiveSys":	"ADC_interface_platform",
	"systems":	[{
			"systemName":	"ADC_interface_platform",
			"systemDesc":	"ADC_interface_platform",
			"sysIsBootAutoGen":	"true",
			"systemDispName":	"ADC_interface_platform",
			"sysActiveDom":	"standalone_domain",
			"sysDefaultDom":	"standalone_domain",
			"domains":	[{
					"domainName":	"standalone_domain",
					"domainDispName":	"standalone_domain",
					"domainDesc":	"standalone_domain",
					"processors":	"microblaze_0",
					"os":	"standalone",
					"sdxOs":	"standalone",
					"debugEnable":	"False",
					"domRuntimes":	["cpp"],
					"swRepo":	"",
					"mssOsVer":	"7.6",
					"mssFile":	"",
					"md5Digest":	"406f64e03333d168727a7cc528a41858",
					"compatibleApp":	"",
					"domType":	"mssDomain",
					"arch":	"32-bit",
					"appSettings":	{
						"appCompilerFlags":	"",
						"appLinkerFlags":	""
					},
					"addedLibs":	[],
					"libOptions":	{
						"libsContainingOptions":	[]
					},
					"prebuiltLibs":	{
						"prebuiltIncPath":	[],
						"prebuiltLibPath":	[]
					},
					"isolation":	{
					}
				}]
		}]
}
LOG::2022-02-23.20:16:23::SCWPlatform::Started generating the artifacts platform ADC_interface_platform
TRACE::2022-02-23.20:16:23::SCWPlatform::Sanity checking of platform is completed
LOG::2022-02-23.20:16:23::SCWPlatform::Started generating the artifacts for system configuration ADC_interface_platform
LOG::2022-02-23.20:16:23::SCWSystem::Checking the domain standalone_domain
LOG::2022-02-23.20:16:23::SCWSystem::Not a boot domain 
LOG::2022-02-23.20:16:23::SCWSystem::Started Processing the domain standalone_domain
TRACE::2022-02-23.20:16:23::SCWDomain::Generating domain artifcats
TRACE::2022-02-23.20:16:23::SCWMssOS::Generating standalone artifcats
TRACE::2022-02-23.20:16:23::SCWMssOS:: Copying the user libraries. 
TRACE::2022-02-23.20:16:23::SCWPlatform::Trying to open the hw design at C:/Users/owenm/OneDrive/Documents/programming/Verilog/ADC_interface_low_HZ/ADC_interface_low_HZ_mk2.vitus/ADC_interface_platform/hw/design_1_wrapper_mk2.xsa
TRACE::2022-02-23.20:16:23::SCWPlatform::DSA given C:/Users/owenm/OneDrive/Documents/programming/Verilog/ADC_interface_low_HZ/ADC_interface_low_HZ_mk2.vitus/ADC_interface_platform/hw/design_1_wrapper_mk2.xsa
TRACE::2022-02-23.20:16:23::SCWPlatform::DSA absoulate path C:/Users/owenm/OneDrive/Documents/programming/Verilog/ADC_interface_low_HZ/ADC_interface_low_HZ_mk2.vitus/ADC_interface_platform/hw/design_1_wrapper_mk2.xsa
TRACE::2022-02-23.20:16:23::SCWPlatform::DSA directory C:/Users/owenm/OneDrive/Documents/programming/Verilog/ADC_interface_low_HZ/ADC_interface_low_HZ_mk2.vitus/ADC_interface_platform/hw
TRACE::2022-02-23.20:16:23::SCWPlatform:: Platform Path C:/Users/owenm/OneDrive/Documents/programming/Verilog/ADC_interface_low_HZ/ADC_interface_low_HZ_mk2.vitus/ADC_interface_platform/hw/design_1_wrapper_mk2.xsa
TRACE::2022-02-23.20:16:23::SCWPlatform:: Unique name xilinx:cmod_a7-15t::0.0
TRACE::2022-02-23.20:16:23::SCWPlatform::Trying to set the existing hwdb with name design_1_wrapper_7
TRACE::2022-02-23.20:16:23::SCWPlatform::Opened existing hwdb design_1_wrapper_7
TRACE::2022-02-23.20:16:23::SCWPlatform::Found the Hw Db part of the input DSA
TRACE::2022-02-23.20:16:23::SCWMssOS::Checking the sw design at  C:/Users/owenm/OneDrive/Documents/programming/Verilog/ADC_interface_low_HZ/ADC_interface_low_HZ_mk2.vitus/ADC_interface_platform/microblaze_0/standalone_domain/bsp/system.mss
TRACE::2022-02-23.20:16:23::SCWMssOS::DEBUG:  swdes dump  C:/Users/owenm/OneDrive/Documents/programming/Verilog/ADC_interface_low_HZ/ADC_interface_low_HZ_mk2.vitus/ADC_interface_platform/microblaze_0/standalone_domain/bsp/system.mss|system||

TRACE::2022-02-23.20:16:23::SCWMssOS::Sw design exists and opened at  C:/Users/owenm/OneDrive/Documents/programming/Verilog/ADC_interface_low_HZ/ADC_interface_low_HZ_mk2.vitus/ADC_interface_platform/microblaze_0/standalone_domain/bsp/system.mss
TRACE::2022-02-23.20:16:23::SCWMssOS::Completed writing the mss file at C:/Users/owenm/OneDrive/Documents/programming/Verilog/ADC_interface_low_HZ/ADC_interface_low_HZ_mk2.vitus/ADC_interface_platform/microblaze_0/standalone_domain/bsp
TRACE::2022-02-23.20:16:23::SCWMssOS::Mss edits present, copying mssfile into export location C:/Users/owenm/OneDrive/Documents/programming/Verilog/ADC_interface_low_HZ/ADC_interface_low_HZ_mk2.vitus/ADC_interface_platform/microblaze_0/standalone_domain/bsp/system.mss
TRACE::2022-02-23.20:16:23::SCWMssOS::bsp generated is upto date with the mss file. Skipping bsp generation.
TRACE::2022-02-23.20:16:23::SCWMssOS::BSP is already built. skipping the bsp build ... 
TRACE::2022-02-23.20:16:23::SCWDomain::Skipping the build for domain :  standalone_domain
TRACE::2022-02-23.20:16:23::SCWMssOS::skipping the bsp build ... 
TRACE::2022-02-23.20:16:23::SCWMssOS::Copying to export directory.
TRACE::2022-02-23.20:16:23::SCWMssOS:: Checking if to create the Supporting Applications
TRACE::2022-02-23.20:16:23::SCWMssOS:: No Linux domain exists, trying to generate FSBL 
LOG::2022-02-23.20:16:23::SCWSystem::Completed Processing the domain standalone_domain
LOG::2022-02-23.20:16:23::SCWSystem::Completed Processing the sysconfig ADC_interface_platform
LOG::2022-02-23.20:16:23::SCWPlatform::Completed generating the artifacts for system configuration ADC_interface_platform
TRACE::2022-02-23.20:16:23::SCWPlatform::Started preparing the platform 
TRACE::2022-02-23.20:16:23::SCWSystem::Writing the bif file for system config ADC_interface_platform
TRACE::2022-02-23.20:16:23::SCWSystem::dir created 
TRACE::2022-02-23.20:16:23::SCWSystem::Writing the bif 
TRACE::2022-02-23.20:16:23::SCWPlatform::Started writing the spfm file 
TRACE::2022-02-23.20:16:23::SCWPlatform::Started writing the xpfm file 
TRACE::2022-02-23.20:16:23::SCWPlatform::Completed generating the platform
TRACE::2022-02-23.20:16:23::SCWMssOS::Saving the mss changes C:/Users/owenm/OneDrive/Documents/programming/Verilog/ADC_interface_low_HZ/ADC_interface_low_HZ_mk2.vitus/ADC_interface_platform/microblaze_0/standalone_domain/bsp/system.mss
TRACE::2022-02-23.20:16:23::SCWMssOS::Found a swdesign opened with the mssfile.
TRACE::2022-02-23.20:16:23::SCWMssOS::Completed writemss as part of save.
TRACE::2022-02-23.20:16:23::SCWMssOS::Commit changes completed.
TRACE::2022-02-23.20:16:23::SCWPlatform::Trying to open the hw design at C:/Users/owenm/OneDrive/Documents/programming/Verilog/ADC_interface_low_HZ/ADC_interface_low_HZ_mk2.vitus/ADC_interface_platform/hw/design_1_wrapper_mk2.xsa
TRACE::2022-02-23.20:16:23::SCWPlatform::DSA given C:/Users/owenm/OneDrive/Documents/programming/Verilog/ADC_interface_low_HZ/ADC_interface_low_HZ_mk2.vitus/ADC_interface_platform/hw/design_1_wrapper_mk2.xsa
TRACE::2022-02-23.20:16:23::SCWPlatform::DSA absoulate path C:/Users/owenm/OneDrive/Documents/programming/Verilog/ADC_interface_low_HZ/ADC_interface_low_HZ_mk2.vitus/ADC_interface_platform/hw/design_1_wrapper_mk2.xsa
TRACE::2022-02-23.20:16:23::SCWPlatform::DSA directory C:/Users/owenm/OneDrive/Documents/programming/Verilog/ADC_interface_low_HZ/ADC_interface_low_HZ_mk2.vitus/ADC_interface_platform/hw
TRACE::2022-02-23.20:16:23::SCWPlatform:: Platform Path C:/Users/owenm/OneDrive/Documents/programming/Verilog/ADC_interface_low_HZ/ADC_interface_low_HZ_mk2.vitus/ADC_interface_platform/hw/design_1_wrapper_mk2.xsa
TRACE::2022-02-23.20:16:23::SCWPlatform:: Unique name xilinx:cmod_a7-15t::0.0
TRACE::2022-02-23.20:16:23::SCWPlatform::Trying to set the existing hwdb with name design_1_wrapper_7
TRACE::2022-02-23.20:16:23::SCWPlatform::Opened existing hwdb design_1_wrapper_7
TRACE::2022-02-23.20:16:23::SCWPlatform::Found the Hw Db part of the input DSA
TRACE::2022-02-23.20:16:23::SCWMssOS::Checking the sw design at  C:/Users/owenm/OneDrive/Documents/programming/Verilog/ADC_interface_low_HZ/ADC_interface_low_HZ_mk2.vitus/ADC_interface_platform/microblaze_0/standalone_domain/bsp/system.mss
TRACE::2022-02-23.20:16:23::SCWMssOS::DEBUG:  swdes dump  C:/Users/owenm/OneDrive/Documents/programming/Verilog/ADC_interface_low_HZ/ADC_interface_low_HZ_mk2.vitus/ADC_interface_platform/microblaze_0/standalone_domain/bsp/system.mss|system||

TRACE::2022-02-23.20:16:23::SCWMssOS::Sw design exists and opened at  C:/Users/owenm/OneDrive/Documents/programming/Verilog/ADC_interface_low_HZ/ADC_interface_low_HZ_mk2.vitus/ADC_interface_platform/microblaze_0/standalone_domain/bsp/system.mss
TRACE::2022-02-23.20:16:23::SCWPlatform::Trying to open the hw design at C:/Users/owenm/OneDrive/Documents/programming/Verilog/ADC_interface_low_HZ/ADC_interface_low_HZ_mk2.vitus/ADC_interface_platform/hw/design_1_wrapper_mk2.xsa
TRACE::2022-02-23.20:16:23::SCWPlatform::DSA given C:/Users/owenm/OneDrive/Documents/programming/Verilog/ADC_interface_low_HZ/ADC_interface_low_HZ_mk2.vitus/ADC_interface_platform/hw/design_1_wrapper_mk2.xsa
TRACE::2022-02-23.20:16:23::SCWPlatform::DSA absoulate path C:/Users/owenm/OneDrive/Documents/programming/Verilog/ADC_interface_low_HZ/ADC_interface_low_HZ_mk2.vitus/ADC_interface_platform/hw/design_1_wrapper_mk2.xsa
TRACE::2022-02-23.20:16:23::SCWPlatform::DSA directory C:/Users/owenm/OneDrive/Documents/programming/Verilog/ADC_interface_low_HZ/ADC_interface_low_HZ_mk2.vitus/ADC_interface_platform/hw
TRACE::2022-02-23.20:16:23::SCWPlatform:: Platform Path C:/Users/owenm/OneDrive/Documents/programming/Verilog/ADC_interface_low_HZ/ADC_interface_low_HZ_mk2.vitus/ADC_interface_platform/hw/design_1_wrapper_mk2.xsa
TRACE::2022-02-23.20:16:23::SCWPlatform:: Unique name xilinx:cmod_a7-15t::0.0
TRACE::2022-02-23.20:16:23::SCWPlatform::Trying to set the existing hwdb with name design_1_wrapper_7
TRACE::2022-02-23.20:16:23::SCWPlatform::Opened existing hwdb design_1_wrapper_7
TRACE::2022-02-23.20:16:23::SCWPlatform::Found the Hw Db part of the input DSA
TRACE::2022-02-23.20:16:23::SCWMssOS::Checking the sw design at  C:/Users/owenm/OneDrive/Documents/programming/Verilog/ADC_interface_low_HZ/ADC_interface_low_HZ_mk2.vitus/ADC_interface_platform/microblaze_0/standalone_domain/bsp/system.mss
TRACE::2022-02-23.20:16:23::SCWMssOS::DEBUG:  swdes dump  C:/Users/owenm/OneDrive/Documents/programming/Verilog/ADC_interface_low_HZ/ADC_interface_low_HZ_mk2.vitus/ADC_interface_platform/microblaze_0/standalone_domain/bsp/system.mss|system||

TRACE::2022-02-23.20:16:24::SCWMssOS::Sw design exists and opened at  C:/Users/owenm/OneDrive/Documents/programming/Verilog/ADC_interface_low_HZ/ADC_interface_low_HZ_mk2.vitus/ADC_interface_platform/microblaze_0/standalone_domain/bsp/system.mss
TRACE::2022-02-23.20:16:24::SCWPlatform::Trying to open the hw design at C:/Users/owenm/OneDrive/Documents/programming/Verilog/ADC_interface_low_HZ/ADC_interface_low_HZ_mk2.vitus/ADC_interface_platform/hw/design_1_wrapper_mk2.xsa
TRACE::2022-02-23.20:16:24::SCWPlatform::DSA given C:/Users/owenm/OneDrive/Documents/programming/Verilog/ADC_interface_low_HZ/ADC_interface_low_HZ_mk2.vitus/ADC_interface_platform/hw/design_1_wrapper_mk2.xsa
TRACE::2022-02-23.20:16:24::SCWPlatform::DSA absoulate path C:/Users/owenm/OneDrive/Documents/programming/Verilog/ADC_interface_low_HZ/ADC_interface_low_HZ_mk2.vitus/ADC_interface_platform/hw/design_1_wrapper_mk2.xsa
TRACE::2022-02-23.20:16:24::SCWPlatform::DSA directory C:/Users/owenm/OneDrive/Documents/programming/Verilog/ADC_interface_low_HZ/ADC_interface_low_HZ_mk2.vitus/ADC_interface_platform/hw
TRACE::2022-02-23.20:16:24::SCWPlatform:: Platform Path C:/Users/owenm/OneDrive/Documents/programming/Verilog/ADC_interface_low_HZ/ADC_interface_low_HZ_mk2.vitus/ADC_interface_platform/hw/design_1_wrapper_mk2.xsa
TRACE::2022-02-23.20:16:24::SCWPlatform:: Unique name xilinx:cmod_a7-15t::0.0
TRACE::2022-02-23.20:16:24::SCWPlatform::Trying to set the existing hwdb with name design_1_wrapper_7
TRACE::2022-02-23.20:16:24::SCWPlatform::Opened existing hwdb design_1_wrapper_7
TRACE::2022-02-23.20:16:24::SCWPlatform::Found the Hw Db part of the input DSA
TRACE::2022-02-23.20:16:24::SCWMssOS::Checking the sw design at  C:/Users/owenm/OneDrive/Documents/programming/Verilog/ADC_interface_low_HZ/ADC_interface_low_HZ_mk2.vitus/ADC_interface_platform/microblaze_0/standalone_domain/bsp/system.mss
TRACE::2022-02-23.20:16:24::SCWMssOS::DEBUG:  swdes dump  C:/Users/owenm/OneDrive/Documents/programming/Verilog/ADC_interface_low_HZ/ADC_interface_low_HZ_mk2.vitus/ADC_interface_platform/microblaze_0/standalone_domain/bsp/system.mss|system||

TRACE::2022-02-23.20:16:24::SCWMssOS::Sw design exists and opened at  C:/Users/owenm/OneDrive/Documents/programming/Verilog/ADC_interface_low_HZ/ADC_interface_low_HZ_mk2.vitus/ADC_interface_platform/microblaze_0/standalone_domain/bsp/system.mss
TRACE::2022-02-23.20:16:24::SCWWriter::formatted JSON is {
	"platformName":	"ADC_interface_platform",
	"sprVersion":	"2.0",
	"mode":	"gui",
	"dsaType":	"Fixed",
	"platformDesc":	"ADC_interface_platform",
	"platHandOff":	"C:/Users/owenm/OneDrive/Documents/programming/Verilog/ADC_interface_low_HZ/design_1_wrapper_mk2.xsa",
	"platIntHandOff":	"<platformDir>/hw/design_1_wrapper_mk2.xsa",
	"deviceType":	"FPGA",
	"platIsPrebuiltAutogen":	"false",
	"platIsNoBootBsp":	"false",
	"hasFsblMakeHasChanges":	"false",
	"hasPmufwMakeHasChanges":	"false",
	"platPreBuiltFlag":	false,
	"platformSamplesDir":	"",
	"platActiveSys":	"ADC_interface_platform",
	"systems":	[{
			"systemName":	"ADC_interface_platform",
			"systemDesc":	"ADC_interface_platform",
			"sysIsBootAutoGen":	"true",
			"systemDispName":	"ADC_interface_platform",
			"sysActiveDom":	"standalone_domain",
			"sysDefaultDom":	"standalone_domain",
			"domains":	[{
					"domainName":	"standalone_domain",
					"domainDispName":	"standalone_domain",
					"domainDesc":	"standalone_domain",
					"processors":	"microblaze_0",
					"os":	"standalone",
					"sdxOs":	"standalone",
					"debugEnable":	"False",
					"domRuntimes":	["cpp"],
					"swRepo":	"",
					"mssOsVer":	"7.6",
					"mssFile":	"",
					"md5Digest":	"406f64e03333d168727a7cc528a41858",
					"compatibleApp":	"",
					"domType":	"mssDomain",
					"arch":	"32-bit",
					"appSettings":	{
						"appCompilerFlags":	"",
						"appLinkerFlags":	""
					},
					"addedLibs":	[],
					"libOptions":	{
						"libsContainingOptions":	[]
					},
					"prebuiltLibs":	{
						"prebuiltIncPath":	[],
						"prebuiltLibPath":	[]
					},
					"isolation":	{
					}
				}]
		}]
}
KEYINFO::2022-02-23.20:16:24::SCWPlatform::updated the xpfm file.
TRACE::2022-02-23.20:16:24::SCWPlatform::Trying to open the hw design at C:/Users/owenm/OneDrive/Documents/programming/Verilog/ADC_interface_low_HZ/ADC_interface_low_HZ_mk2.vitus/ADC_interface_platform/hw/design_1_wrapper_mk2.xsa
TRACE::2022-02-23.20:16:24::SCWPlatform::DSA given C:/Users/owenm/OneDrive/Documents/programming/Verilog/ADC_interface_low_HZ/ADC_interface_low_HZ_mk2.vitus/ADC_interface_platform/hw/design_1_wrapper_mk2.xsa
TRACE::2022-02-23.20:16:24::SCWPlatform::DSA absoulate path C:/Users/owenm/OneDrive/Documents/programming/Verilog/ADC_interface_low_HZ/ADC_interface_low_HZ_mk2.vitus/ADC_interface_platform/hw/design_1_wrapper_mk2.xsa
TRACE::2022-02-23.20:16:24::SCWPlatform::DSA directory C:/Users/owenm/OneDrive/Documents/programming/Verilog/ADC_interface_low_HZ/ADC_interface_low_HZ_mk2.vitus/ADC_interface_platform/hw
TRACE::2022-02-23.20:16:24::SCWPlatform:: Platform Path C:/Users/owenm/OneDrive/Documents/programming/Verilog/ADC_interface_low_HZ/ADC_interface_low_HZ_mk2.vitus/ADC_interface_platform/hw/design_1_wrapper_mk2.xsa
TRACE::2022-02-23.20:16:24::SCWPlatform:: Unique name xilinx:cmod_a7-15t::0.0
TRACE::2022-02-23.20:16:24::SCWPlatform::Trying to set the existing hwdb with name design_1_wrapper_7
TRACE::2022-02-23.20:16:24::SCWPlatform::Opened existing hwdb design_1_wrapper_7
TRACE::2022-02-23.20:16:24::SCWPlatform::Found the Hw Db part of the input DSA
TRACE::2022-02-23.20:16:24::SCWMssOS::Checking the sw design at  C:/Users/owenm/OneDrive/Documents/programming/Verilog/ADC_interface_low_HZ/ADC_interface_low_HZ_mk2.vitus/ADC_interface_platform/microblaze_0/standalone_domain/bsp/system.mss
TRACE::2022-02-23.20:16:24::SCWMssOS::DEBUG:  swdes dump  C:/Users/owenm/OneDrive/Documents/programming/Verilog/ADC_interface_low_HZ/ADC_interface_low_HZ_mk2.vitus/ADC_interface_platform/microblaze_0/standalone_domain/bsp/system.mss|system||

TRACE::2022-02-23.20:16:24::SCWMssOS::Sw design exists and opened at  C:/Users/owenm/OneDrive/Documents/programming/Verilog/ADC_interface_low_HZ/ADC_interface_low_HZ_mk2.vitus/ADC_interface_platform/microblaze_0/standalone_domain/bsp/system.mss
TRACE::2022-02-23.20:16:24::SCWMssOS::Saving the mss changes C:/Users/owenm/OneDrive/Documents/programming/Verilog/ADC_interface_low_HZ/ADC_interface_low_HZ_mk2.vitus/ADC_interface_platform/microblaze_0/standalone_domain/bsp/system.mss
TRACE::2022-02-23.20:16:24::SCWMssOS::Found a swdesign opened with the mssfile.
TRACE::2022-02-23.20:16:24::SCWMssOS::Completed writemss as part of save.
TRACE::2022-02-23.20:16:24::SCWMssOS::Commit changes completed.
TRACE::2022-02-23.20:16:24::SCWPlatform::Trying to open the hw design at C:/Users/owenm/OneDrive/Documents/programming/Verilog/ADC_interface_low_HZ/ADC_interface_low_HZ_mk2.vitus/ADC_interface_platform/hw/design_1_wrapper_mk2.xsa
TRACE::2022-02-23.20:16:24::SCWPlatform::DSA given C:/Users/owenm/OneDrive/Documents/programming/Verilog/ADC_interface_low_HZ/ADC_interface_low_HZ_mk2.vitus/ADC_interface_platform/hw/design_1_wrapper_mk2.xsa
TRACE::2022-02-23.20:16:24::SCWPlatform::DSA absoulate path C:/Users/owenm/OneDrive/Documents/programming/Verilog/ADC_interface_low_HZ/ADC_interface_low_HZ_mk2.vitus/ADC_interface_platform/hw/design_1_wrapper_mk2.xsa
TRACE::2022-02-23.20:16:24::SCWPlatform::DSA directory C:/Users/owenm/OneDrive/Documents/programming/Verilog/ADC_interface_low_HZ/ADC_interface_low_HZ_mk2.vitus/ADC_interface_platform/hw
TRACE::2022-02-23.20:16:24::SCWPlatform:: Platform Path C:/Users/owenm/OneDrive/Documents/programming/Verilog/ADC_interface_low_HZ/ADC_interface_low_HZ_mk2.vitus/ADC_interface_platform/hw/design_1_wrapper_mk2.xsa
TRACE::2022-02-23.20:16:24::SCWPlatform:: Unique name xilinx:cmod_a7-15t::0.0
TRACE::2022-02-23.20:16:24::SCWPlatform::Trying to set the existing hwdb with name design_1_wrapper_7
TRACE::2022-02-23.20:16:24::SCWPlatform::Opened existing hwdb design_1_wrapper_7
TRACE::2022-02-23.20:16:24::SCWPlatform::Found the Hw Db part of the input DSA
TRACE::2022-02-23.20:16:24::SCWMssOS::Checking the sw design at  C:/Users/owenm/OneDrive/Documents/programming/Verilog/ADC_interface_low_HZ/ADC_interface_low_HZ_mk2.vitus/ADC_interface_platform/microblaze_0/standalone_domain/bsp/system.mss
TRACE::2022-02-23.20:16:24::SCWMssOS::DEBUG:  swdes dump  C:/Users/owenm/OneDrive/Documents/programming/Verilog/ADC_interface_low_HZ/ADC_interface_low_HZ_mk2.vitus/ADC_interface_platform/microblaze_0/standalone_domain/bsp/system.mss|system||

TRACE::2022-02-23.20:16:24::SCWMssOS::Sw design exists and opened at  C:/Users/owenm/OneDrive/Documents/programming/Verilog/ADC_interface_low_HZ/ADC_interface_low_HZ_mk2.vitus/ADC_interface_platform/microblaze_0/standalone_domain/bsp/system.mss
TRACE::2022-02-23.20:16:24::SCWPlatform::Trying to open the hw design at C:/Users/owenm/OneDrive/Documents/programming/Verilog/ADC_interface_low_HZ/ADC_interface_low_HZ_mk2.vitus/ADC_interface_platform/hw/design_1_wrapper_mk2.xsa
TRACE::2022-02-23.20:16:24::SCWPlatform::DSA given C:/Users/owenm/OneDrive/Documents/programming/Verilog/ADC_interface_low_HZ/ADC_interface_low_HZ_mk2.vitus/ADC_interface_platform/hw/design_1_wrapper_mk2.xsa
TRACE::2022-02-23.20:16:24::SCWPlatform::DSA absoulate path C:/Users/owenm/OneDrive/Documents/programming/Verilog/ADC_interface_low_HZ/ADC_interface_low_HZ_mk2.vitus/ADC_interface_platform/hw/design_1_wrapper_mk2.xsa
TRACE::2022-02-23.20:16:24::SCWPlatform::DSA directory C:/Users/owenm/OneDrive/Documents/programming/Verilog/ADC_interface_low_HZ/ADC_interface_low_HZ_mk2.vitus/ADC_interface_platform/hw
TRACE::2022-02-23.20:16:24::SCWPlatform:: Platform Path C:/Users/owenm/OneDrive/Documents/programming/Verilog/ADC_interface_low_HZ/ADC_interface_low_HZ_mk2.vitus/ADC_interface_platform/hw/design_1_wrapper_mk2.xsa
TRACE::2022-02-23.20:16:24::SCWPlatform:: Unique name xilinx:cmod_a7-15t::0.0
TRACE::2022-02-23.20:16:24::SCWPlatform::Trying to set the existing hwdb with name design_1_wrapper_7
TRACE::2022-02-23.20:16:24::SCWPlatform::Opened existing hwdb design_1_wrapper_7
TRACE::2022-02-23.20:16:24::SCWPlatform::Found the Hw Db part of the input DSA
TRACE::2022-02-23.20:16:24::SCWMssOS::Checking the sw design at  C:/Users/owenm/OneDrive/Documents/programming/Verilog/ADC_interface_low_HZ/ADC_interface_low_HZ_mk2.vitus/ADC_interface_platform/microblaze_0/standalone_domain/bsp/system.mss
TRACE::2022-02-23.20:16:24::SCWMssOS::DEBUG:  swdes dump  C:/Users/owenm/OneDrive/Documents/programming/Verilog/ADC_interface_low_HZ/ADC_interface_low_HZ_mk2.vitus/ADC_interface_platform/microblaze_0/standalone_domain/bsp/system.mss|system||

TRACE::2022-02-23.20:16:24::SCWMssOS::Sw design exists and opened at  C:/Users/owenm/OneDrive/Documents/programming/Verilog/ADC_interface_low_HZ/ADC_interface_low_HZ_mk2.vitus/ADC_interface_platform/microblaze_0/standalone_domain/bsp/system.mss
TRACE::2022-02-23.20:16:24::SCWPlatform::Trying to open the hw design at C:/Users/owenm/OneDrive/Documents/programming/Verilog/ADC_interface_low_HZ/ADC_interface_low_HZ_mk2.vitus/ADC_interface_platform/hw/design_1_wrapper_mk2.xsa
TRACE::2022-02-23.20:16:24::SCWPlatform::DSA given C:/Users/owenm/OneDrive/Documents/programming/Verilog/ADC_interface_low_HZ/ADC_interface_low_HZ_mk2.vitus/ADC_interface_platform/hw/design_1_wrapper_mk2.xsa
TRACE::2022-02-23.20:16:24::SCWPlatform::DSA absoulate path C:/Users/owenm/OneDrive/Documents/programming/Verilog/ADC_interface_low_HZ/ADC_interface_low_HZ_mk2.vitus/ADC_interface_platform/hw/design_1_wrapper_mk2.xsa
TRACE::2022-02-23.20:16:24::SCWPlatform::DSA directory C:/Users/owenm/OneDrive/Documents/programming/Verilog/ADC_interface_low_HZ/ADC_interface_low_HZ_mk2.vitus/ADC_interface_platform/hw
TRACE::2022-02-23.20:16:24::SCWPlatform:: Platform Path C:/Users/owenm/OneDrive/Documents/programming/Verilog/ADC_interface_low_HZ/ADC_interface_low_HZ_mk2.vitus/ADC_interface_platform/hw/design_1_wrapper_mk2.xsa
TRACE::2022-02-23.20:16:24::SCWPlatform:: Unique name xilinx:cmod_a7-15t::0.0
TRACE::2022-02-23.20:16:24::SCWPlatform::Trying to set the existing hwdb with name design_1_wrapper_7
TRACE::2022-02-23.20:16:24::SCWPlatform::Opened existing hwdb design_1_wrapper_7
TRACE::2022-02-23.20:16:24::SCWPlatform::Found the Hw Db part of the input DSA
TRACE::2022-02-23.20:16:24::SCWMssOS::Checking the sw design at  C:/Users/owenm/OneDrive/Documents/programming/Verilog/ADC_interface_low_HZ/ADC_interface_low_HZ_mk2.vitus/ADC_interface_platform/microblaze_0/standalone_domain/bsp/system.mss
TRACE::2022-02-23.20:16:24::SCWMssOS::DEBUG:  swdes dump  C:/Users/owenm/OneDrive/Documents/programming/Verilog/ADC_interface_low_HZ/ADC_interface_low_HZ_mk2.vitus/ADC_interface_platform/microblaze_0/standalone_domain/bsp/system.mss|system||

TRACE::2022-02-23.20:16:24::SCWMssOS::Sw design exists and opened at  C:/Users/owenm/OneDrive/Documents/programming/Verilog/ADC_interface_low_HZ/ADC_interface_low_HZ_mk2.vitus/ADC_interface_platform/microblaze_0/standalone_domain/bsp/system.mss
TRACE::2022-02-23.20:16:24::SCWWriter::formatted JSON is {
	"platformName":	"ADC_interface_platform",
	"sprVersion":	"2.0",
	"mode":	"gui",
	"dsaType":	"Fixed",
	"platformDesc":	"ADC_interface_platform",
	"platHandOff":	"C:/Users/owenm/OneDrive/Documents/programming/Verilog/ADC_interface_low_HZ/design_1_wrapper_mk2.xsa",
	"platIntHandOff":	"<platformDir>/hw/design_1_wrapper_mk2.xsa",
	"deviceType":	"FPGA",
	"platIsPrebuiltAutogen":	"false",
	"platIsNoBootBsp":	"false",
	"hasFsblMakeHasChanges":	"false",
	"hasPmufwMakeHasChanges":	"false",
	"platPreBuiltFlag":	false,
	"platformSamplesDir":	"",
	"platActiveSys":	"ADC_interface_platform",
	"systems":	[{
			"systemName":	"ADC_interface_platform",
			"systemDesc":	"ADC_interface_platform",
			"sysIsBootAutoGen":	"true",
			"systemDispName":	"ADC_interface_platform",
			"sysActiveDom":	"standalone_domain",
			"sysDefaultDom":	"standalone_domain",
			"domains":	[{
					"domainName":	"standalone_domain",
					"domainDispName":	"standalone_domain",
					"domainDesc":	"standalone_domain",
					"processors":	"microblaze_0",
					"os":	"standalone",
					"sdxOs":	"standalone",
					"debugEnable":	"False",
					"domRuntimes":	["cpp"],
					"swRepo":	"",
					"mssOsVer":	"7.6",
					"mssFile":	"",
					"md5Digest":	"406f64e03333d168727a7cc528a41858",
					"compatibleApp":	"",
					"domType":	"mssDomain",
					"arch":	"32-bit",
					"appSettings":	{
						"appCompilerFlags":	"",
						"appLinkerFlags":	""
					},
					"addedLibs":	[],
					"libOptions":	{
						"libsContainingOptions":	[]
					},
					"prebuiltLibs":	{
						"prebuiltIncPath":	[],
						"prebuiltLibPath":	[]
					},
					"isolation":	{
					}
				}]
		}]
}
TRACE::2022-02-23.20:16:24::SCWPlatform::Trying to open the hw design at C:/Users/owenm/OneDrive/Documents/programming/Verilog/ADC_interface_low_HZ/ADC_interface_low_HZ_mk2.vitus/ADC_interface_platform/hw/design_1_wrapper_mk2.xsa
TRACE::2022-02-23.20:16:24::SCWPlatform::DSA given C:/Users/owenm/OneDrive/Documents/programming/Verilog/ADC_interface_low_HZ/ADC_interface_low_HZ_mk2.vitus/ADC_interface_platform/hw/design_1_wrapper_mk2.xsa
TRACE::2022-02-23.20:16:24::SCWPlatform::DSA absoulate path C:/Users/owenm/OneDrive/Documents/programming/Verilog/ADC_interface_low_HZ/ADC_interface_low_HZ_mk2.vitus/ADC_interface_platform/hw/design_1_wrapper_mk2.xsa
TRACE::2022-02-23.20:16:24::SCWPlatform::DSA directory C:/Users/owenm/OneDrive/Documents/programming/Verilog/ADC_interface_low_HZ/ADC_interface_low_HZ_mk2.vitus/ADC_interface_platform/hw
TRACE::2022-02-23.20:16:24::SCWPlatform:: Platform Path C:/Users/owenm/OneDrive/Documents/programming/Verilog/ADC_interface_low_HZ/ADC_interface_low_HZ_mk2.vitus/ADC_interface_platform/hw/design_1_wrapper_mk2.xsa
TRACE::2022-02-23.20:16:24::SCWPlatform:: Unique name xilinx:cmod_a7-15t::0.0
TRACE::2022-02-23.20:16:24::SCWPlatform::Trying to set the existing hwdb with name design_1_wrapper_7
TRACE::2022-02-23.20:16:24::SCWPlatform::Opened existing hwdb design_1_wrapper_7
TRACE::2022-02-23.20:16:24::SCWPlatform::Found the Hw Db part of the input DSA
TRACE::2022-02-23.20:16:24::SCWMssOS::Checking the sw design at  C:/Users/owenm/OneDrive/Documents/programming/Verilog/ADC_interface_low_HZ/ADC_interface_low_HZ_mk2.vitus/ADC_interface_platform/microblaze_0/standalone_domain/bsp/system.mss
TRACE::2022-02-23.20:16:24::SCWMssOS::DEBUG:  swdes dump  C:/Users/owenm/OneDrive/Documents/programming/Verilog/ADC_interface_low_HZ/ADC_interface_low_HZ_mk2.vitus/ADC_interface_platform/microblaze_0/standalone_domain/bsp/system.mss|system||

TRACE::2022-02-23.20:16:24::SCWMssOS::Sw design exists and opened at  C:/Users/owenm/OneDrive/Documents/programming/Verilog/ADC_interface_low_HZ/ADC_interface_low_HZ_mk2.vitus/ADC_interface_platform/microblaze_0/standalone_domain/bsp/system.mss
TRACE::2022-02-23.20:16:24::SCWPlatform::Trying to open the hw design at C:/Users/owenm/OneDrive/Documents/programming/Verilog/ADC_interface_low_HZ/ADC_interface_low_HZ_mk2.vitus/ADC_interface_platform/hw/design_1_wrapper_mk2.xsa
TRACE::2022-02-23.20:16:24::SCWPlatform::DSA given C:/Users/owenm/OneDrive/Documents/programming/Verilog/ADC_interface_low_HZ/ADC_interface_low_HZ_mk2.vitus/ADC_interface_platform/hw/design_1_wrapper_mk2.xsa
TRACE::2022-02-23.20:16:24::SCWPlatform::DSA absoulate path C:/Users/owenm/OneDrive/Documents/programming/Verilog/ADC_interface_low_HZ/ADC_interface_low_HZ_mk2.vitus/ADC_interface_platform/hw/design_1_wrapper_mk2.xsa
TRACE::2022-02-23.20:16:24::SCWPlatform::DSA directory C:/Users/owenm/OneDrive/Documents/programming/Verilog/ADC_interface_low_HZ/ADC_interface_low_HZ_mk2.vitus/ADC_interface_platform/hw
TRACE::2022-02-23.20:16:24::SCWPlatform:: Platform Path C:/Users/owenm/OneDrive/Documents/programming/Verilog/ADC_interface_low_HZ/ADC_interface_low_HZ_mk2.vitus/ADC_interface_platform/hw/design_1_wrapper_mk2.xsa
TRACE::2022-02-23.20:16:24::SCWPlatform:: Unique name xilinx:cmod_a7-15t::0.0
TRACE::2022-02-23.20:16:24::SCWPlatform::Trying to set the existing hwdb with name design_1_wrapper_7
TRACE::2022-02-23.20:16:24::SCWPlatform::Opened existing hwdb design_1_wrapper_7
TRACE::2022-02-23.20:16:24::SCWPlatform::Found the Hw Db part of the input DSA
TRACE::2022-02-23.20:16:24::SCWMssOS::Checking the sw design at  C:/Users/owenm/OneDrive/Documents/programming/Verilog/ADC_interface_low_HZ/ADC_interface_low_HZ_mk2.vitus/ADC_interface_platform/microblaze_0/standalone_domain/bsp/system.mss
TRACE::2022-02-23.20:16:24::SCWMssOS::DEBUG:  swdes dump  C:/Users/owenm/OneDrive/Documents/programming/Verilog/ADC_interface_low_HZ/ADC_interface_low_HZ_mk2.vitus/ADC_interface_platform/microblaze_0/standalone_domain/bsp/system.mss|system||

TRACE::2022-02-23.20:16:24::SCWMssOS::Sw design exists and opened at  C:/Users/owenm/OneDrive/Documents/programming/Verilog/ADC_interface_low_HZ/ADC_interface_low_HZ_mk2.vitus/ADC_interface_platform/microblaze_0/standalone_domain/bsp/system.mss
TRACE::2022-02-23.20:16:24::SCWPlatform::Trying to open the hw design at C:/Users/owenm/OneDrive/Documents/programming/Verilog/ADC_interface_low_HZ/ADC_interface_low_HZ_mk2.vitus/ADC_interface_platform/hw/design_1_wrapper_mk2.xsa
TRACE::2022-02-23.20:16:24::SCWPlatform::DSA given C:/Users/owenm/OneDrive/Documents/programming/Verilog/ADC_interface_low_HZ/ADC_interface_low_HZ_mk2.vitus/ADC_interface_platform/hw/design_1_wrapper_mk2.xsa
TRACE::2022-02-23.20:16:24::SCWPlatform::DSA absoulate path C:/Users/owenm/OneDrive/Documents/programming/Verilog/ADC_interface_low_HZ/ADC_interface_low_HZ_mk2.vitus/ADC_interface_platform/hw/design_1_wrapper_mk2.xsa
TRACE::2022-02-23.20:16:24::SCWPlatform::DSA directory C:/Users/owenm/OneDrive/Documents/programming/Verilog/ADC_interface_low_HZ/ADC_interface_low_HZ_mk2.vitus/ADC_interface_platform/hw
TRACE::2022-02-23.20:16:24::SCWPlatform:: Platform Path C:/Users/owenm/OneDrive/Documents/programming/Verilog/ADC_interface_low_HZ/ADC_interface_low_HZ_mk2.vitus/ADC_interface_platform/hw/design_1_wrapper_mk2.xsa
TRACE::2022-02-23.20:16:24::SCWPlatform:: Unique name xilinx:cmod_a7-15t::0.0
TRACE::2022-02-23.20:16:24::SCWPlatform::Trying to set the existing hwdb with name design_1_wrapper_7
TRACE::2022-02-23.20:16:24::SCWPlatform::Opened existing hwdb design_1_wrapper_7
TRACE::2022-02-23.20:16:24::SCWPlatform::Found the Hw Db part of the input DSA
TRACE::2022-02-23.20:16:24::SCWMssOS::Checking the sw design at  C:/Users/owenm/OneDrive/Documents/programming/Verilog/ADC_interface_low_HZ/ADC_interface_low_HZ_mk2.vitus/ADC_interface_platform/microblaze_0/standalone_domain/bsp/system.mss
TRACE::2022-02-23.20:16:24::SCWMssOS::DEBUG:  swdes dump  C:/Users/owenm/OneDrive/Documents/programming/Verilog/ADC_interface_low_HZ/ADC_interface_low_HZ_mk2.vitus/ADC_interface_platform/microblaze_0/standalone_domain/bsp/system.mss|system||

TRACE::2022-02-23.20:16:24::SCWMssOS::Sw design exists and opened at  C:/Users/owenm/OneDrive/Documents/programming/Verilog/ADC_interface_low_HZ/ADC_interface_low_HZ_mk2.vitus/ADC_interface_platform/microblaze_0/standalone_domain/bsp/system.mss
TRACE::2022-02-23.20:16:24::SCWMssOS::Saving the mss changes C:/Users/owenm/OneDrive/Documents/programming/Verilog/ADC_interface_low_HZ/ADC_interface_low_HZ_mk2.vitus/ADC_interface_platform/microblaze_0/standalone_domain/bsp/system.mss
TRACE::2022-02-23.20:16:24::SCWMssOS::Found a swdesign opened with the mssfile.
TRACE::2022-02-23.20:16:24::SCWMssOS::Completed writemss as part of save.
TRACE::2022-02-23.20:16:24::SCWMssOS::Commit changes completed.
TRACE::2022-02-23.20:16:24::SCWPlatform::Trying to open the hw design at C:/Users/owenm/OneDrive/Documents/programming/Verilog/ADC_interface_low_HZ/ADC_interface_low_HZ_mk2.vitus/ADC_interface_platform/hw/design_1_wrapper_mk2.xsa
TRACE::2022-02-23.20:16:24::SCWPlatform::DSA given C:/Users/owenm/OneDrive/Documents/programming/Verilog/ADC_interface_low_HZ/ADC_interface_low_HZ_mk2.vitus/ADC_interface_platform/hw/design_1_wrapper_mk2.xsa
TRACE::2022-02-23.20:16:24::SCWPlatform::DSA absoulate path C:/Users/owenm/OneDrive/Documents/programming/Verilog/ADC_interface_low_HZ/ADC_interface_low_HZ_mk2.vitus/ADC_interface_platform/hw/design_1_wrapper_mk2.xsa
TRACE::2022-02-23.20:16:24::SCWPlatform::DSA directory C:/Users/owenm/OneDrive/Documents/programming/Verilog/ADC_interface_low_HZ/ADC_interface_low_HZ_mk2.vitus/ADC_interface_platform/hw
TRACE::2022-02-23.20:16:24::SCWPlatform:: Platform Path C:/Users/owenm/OneDrive/Documents/programming/Verilog/ADC_interface_low_HZ/ADC_interface_low_HZ_mk2.vitus/ADC_interface_platform/hw/design_1_wrapper_mk2.xsa
TRACE::2022-02-23.20:16:24::SCWPlatform:: Unique name xilinx:cmod_a7-15t::0.0
TRACE::2022-02-23.20:16:24::SCWPlatform::Trying to set the existing hwdb with name design_1_wrapper_7
TRACE::2022-02-23.20:16:24::SCWPlatform::Opened existing hwdb design_1_wrapper_7
TRACE::2022-02-23.20:16:24::SCWPlatform::Found the Hw Db part of the input DSA
TRACE::2022-02-23.20:16:24::SCWMssOS::Checking the sw design at  C:/Users/owenm/OneDrive/Documents/programming/Verilog/ADC_interface_low_HZ/ADC_interface_low_HZ_mk2.vitus/ADC_interface_platform/microblaze_0/standalone_domain/bsp/system.mss
TRACE::2022-02-23.20:16:24::SCWMssOS::DEBUG:  swdes dump  C:/Users/owenm/OneDrive/Documents/programming/Verilog/ADC_interface_low_HZ/ADC_interface_low_HZ_mk2.vitus/ADC_interface_platform/microblaze_0/standalone_domain/bsp/system.mss|system||

TRACE::2022-02-23.20:16:24::SCWMssOS::Sw design exists and opened at  C:/Users/owenm/OneDrive/Documents/programming/Verilog/ADC_interface_low_HZ/ADC_interface_low_HZ_mk2.vitus/ADC_interface_platform/microblaze_0/standalone_domain/bsp/system.mss
TRACE::2022-02-23.20:16:24::SCWPlatform::Trying to open the hw design at C:/Users/owenm/OneDrive/Documents/programming/Verilog/ADC_interface_low_HZ/ADC_interface_low_HZ_mk2.vitus/ADC_interface_platform/hw/design_1_wrapper_mk2.xsa
TRACE::2022-02-23.20:16:24::SCWPlatform::DSA given C:/Users/owenm/OneDrive/Documents/programming/Verilog/ADC_interface_low_HZ/ADC_interface_low_HZ_mk2.vitus/ADC_interface_platform/hw/design_1_wrapper_mk2.xsa
TRACE::2022-02-23.20:16:24::SCWPlatform::DSA absoulate path C:/Users/owenm/OneDrive/Documents/programming/Verilog/ADC_interface_low_HZ/ADC_interface_low_HZ_mk2.vitus/ADC_interface_platform/hw/design_1_wrapper_mk2.xsa
TRACE::2022-02-23.20:16:24::SCWPlatform::DSA directory C:/Users/owenm/OneDrive/Documents/programming/Verilog/ADC_interface_low_HZ/ADC_interface_low_HZ_mk2.vitus/ADC_interface_platform/hw
TRACE::2022-02-23.20:16:24::SCWPlatform:: Platform Path C:/Users/owenm/OneDrive/Documents/programming/Verilog/ADC_interface_low_HZ/ADC_interface_low_HZ_mk2.vitus/ADC_interface_platform/hw/design_1_wrapper_mk2.xsa
TRACE::2022-02-23.20:16:24::SCWPlatform:: Unique name xilinx:cmod_a7-15t::0.0
TRACE::2022-02-23.20:16:24::SCWPlatform::Trying to set the existing hwdb with name design_1_wrapper_7
TRACE::2022-02-23.20:16:24::SCWPlatform::Opened existing hwdb design_1_wrapper_7
TRACE::2022-02-23.20:16:24::SCWPlatform::Found the Hw Db part of the input DSA
TRACE::2022-02-23.20:16:24::SCWMssOS::Checking the sw design at  C:/Users/owenm/OneDrive/Documents/programming/Verilog/ADC_interface_low_HZ/ADC_interface_low_HZ_mk2.vitus/ADC_interface_platform/microblaze_0/standalone_domain/bsp/system.mss
TRACE::2022-02-23.20:16:24::SCWMssOS::DEBUG:  swdes dump  C:/Users/owenm/OneDrive/Documents/programming/Verilog/ADC_interface_low_HZ/ADC_interface_low_HZ_mk2.vitus/ADC_interface_platform/microblaze_0/standalone_domain/bsp/system.mss|system||

TRACE::2022-02-23.20:16:24::SCWMssOS::Sw design exists and opened at  C:/Users/owenm/OneDrive/Documents/programming/Verilog/ADC_interface_low_HZ/ADC_interface_low_HZ_mk2.vitus/ADC_interface_platform/microblaze_0/standalone_domain/bsp/system.mss
TRACE::2022-02-23.20:16:24::SCWPlatform::Trying to open the hw design at C:/Users/owenm/OneDrive/Documents/programming/Verilog/ADC_interface_low_HZ/ADC_interface_low_HZ_mk2.vitus/ADC_interface_platform/hw/design_1_wrapper_mk2.xsa
TRACE::2022-02-23.20:16:24::SCWPlatform::DSA given C:/Users/owenm/OneDrive/Documents/programming/Verilog/ADC_interface_low_HZ/ADC_interface_low_HZ_mk2.vitus/ADC_interface_platform/hw/design_1_wrapper_mk2.xsa
TRACE::2022-02-23.20:16:24::SCWPlatform::DSA absoulate path C:/Users/owenm/OneDrive/Documents/programming/Verilog/ADC_interface_low_HZ/ADC_interface_low_HZ_mk2.vitus/ADC_interface_platform/hw/design_1_wrapper_mk2.xsa
TRACE::2022-02-23.20:16:24::SCWPlatform::DSA directory C:/Users/owenm/OneDrive/Documents/programming/Verilog/ADC_interface_low_HZ/ADC_interface_low_HZ_mk2.vitus/ADC_interface_platform/hw
TRACE::2022-02-23.20:16:24::SCWPlatform:: Platform Path C:/Users/owenm/OneDrive/Documents/programming/Verilog/ADC_interface_low_HZ/ADC_interface_low_HZ_mk2.vitus/ADC_interface_platform/hw/design_1_wrapper_mk2.xsa
TRACE::2022-02-23.20:16:24::SCWPlatform:: Unique name xilinx:cmod_a7-15t::0.0
TRACE::2022-02-23.20:16:24::SCWPlatform::Trying to set the existing hwdb with name design_1_wrapper_7
TRACE::2022-02-23.20:16:24::SCWPlatform::Opened existing hwdb design_1_wrapper_7
TRACE::2022-02-23.20:16:24::SCWPlatform::Found the Hw Db part of the input DSA
TRACE::2022-02-23.20:16:24::SCWMssOS::Checking the sw design at  C:/Users/owenm/OneDrive/Documents/programming/Verilog/ADC_interface_low_HZ/ADC_interface_low_HZ_mk2.vitus/ADC_interface_platform/microblaze_0/standalone_domain/bsp/system.mss
TRACE::2022-02-23.20:16:24::SCWMssOS::DEBUG:  swdes dump  C:/Users/owenm/OneDrive/Documents/programming/Verilog/ADC_interface_low_HZ/ADC_interface_low_HZ_mk2.vitus/ADC_interface_platform/microblaze_0/standalone_domain/bsp/system.mss|system||

TRACE::2022-02-23.20:16:24::SCWMssOS::Sw design exists and opened at  C:/Users/owenm/OneDrive/Documents/programming/Verilog/ADC_interface_low_HZ/ADC_interface_low_HZ_mk2.vitus/ADC_interface_platform/microblaze_0/standalone_domain/bsp/system.mss
TRACE::2022-02-23.20:16:24::SCWWriter::formatted JSON is {
	"platformName":	"ADC_interface_platform",
	"sprVersion":	"2.0",
	"mode":	"gui",
	"dsaType":	"Fixed",
	"platformDesc":	"ADC_interface_platform",
	"platHandOff":	"C:/Users/owenm/OneDrive/Documents/programming/Verilog/ADC_interface_low_HZ/design_1_wrapper_mk2.xsa",
	"platIntHandOff":	"<platformDir>/hw/design_1_wrapper_mk2.xsa",
	"deviceType":	"FPGA",
	"platIsPrebuiltAutogen":	"false",
	"platIsNoBootBsp":	"false",
	"hasFsblMakeHasChanges":	"false",
	"hasPmufwMakeHasChanges":	"false",
	"platPreBuiltFlag":	false,
	"platformSamplesDir":	"",
	"platActiveSys":	"ADC_interface_platform",
	"systems":	[{
			"systemName":	"ADC_interface_platform",
			"systemDesc":	"ADC_interface_platform",
			"sysIsBootAutoGen":	"true",
			"systemDispName":	"ADC_interface_platform",
			"sysActiveDom":	"standalone_domain",
			"sysDefaultDom":	"standalone_domain",
			"domains":	[{
					"domainName":	"standalone_domain",
					"domainDispName":	"standalone on microblaze_0",
					"domainDesc":	"standalone_domain",
					"processors":	"microblaze_0",
					"os":	"standalone",
					"sdxOs":	"standalone",
					"debugEnable":	"False",
					"domRuntimes":	["cpp"],
					"swRepo":	"",
					"mssOsVer":	"7.6",
					"mssFile":	"",
					"md5Digest":	"406f64e03333d168727a7cc528a41858",
					"compatibleApp":	"",
					"domType":	"mssDomain",
					"arch":	"32-bit",
					"appSettings":	{
						"appCompilerFlags":	"",
						"appLinkerFlags":	""
					},
					"addedLibs":	[],
					"libOptions":	{
						"libsContainingOptions":	[]
					},
					"prebuiltLibs":	{
						"prebuiltIncPath":	[],
						"prebuiltLibPath":	[]
					},
					"isolation":	{
					}
				}]
		}]
}
TRACE::2022-02-23.20:16:24::SCWMssOS::Saving the mss changes C:/Users/owenm/OneDrive/Documents/programming/Verilog/ADC_interface_low_HZ/ADC_interface_low_HZ_mk2.vitus/ADC_interface_platform/microblaze_0/standalone_domain/bsp/system.mss
TRACE::2022-02-23.20:16:24::SCWMssOS::Found a swdesign opened with the mssfile.
TRACE::2022-02-23.20:16:24::SCWMssOS::Completed writemss as part of save.
TRACE::2022-02-23.20:16:24::SCWMssOS::Commit changes completed.
TRACE::2022-02-23.20:16:24::SCWPlatform::Trying to open the hw design at C:/Users/owenm/OneDrive/Documents/programming/Verilog/ADC_interface_low_HZ/ADC_interface_low_HZ_mk2.vitus/ADC_interface_platform/hw/design_1_wrapper_mk2.xsa
TRACE::2022-02-23.20:16:24::SCWPlatform::DSA given C:/Users/owenm/OneDrive/Documents/programming/Verilog/ADC_interface_low_HZ/ADC_interface_low_HZ_mk2.vitus/ADC_interface_platform/hw/design_1_wrapper_mk2.xsa
TRACE::2022-02-23.20:16:24::SCWPlatform::DSA absoulate path C:/Users/owenm/OneDrive/Documents/programming/Verilog/ADC_interface_low_HZ/ADC_interface_low_HZ_mk2.vitus/ADC_interface_platform/hw/design_1_wrapper_mk2.xsa
TRACE::2022-02-23.20:16:24::SCWPlatform::DSA directory C:/Users/owenm/OneDrive/Documents/programming/Verilog/ADC_interface_low_HZ/ADC_interface_low_HZ_mk2.vitus/ADC_interface_platform/hw
TRACE::2022-02-23.20:16:24::SCWPlatform:: Platform Path C:/Users/owenm/OneDrive/Documents/programming/Verilog/ADC_interface_low_HZ/ADC_interface_low_HZ_mk2.vitus/ADC_interface_platform/hw/design_1_wrapper_mk2.xsa
TRACE::2022-02-23.20:16:24::SCWPlatform:: Unique name xilinx:cmod_a7-15t::0.0
TRACE::2022-02-23.20:16:24::SCWPlatform::Trying to set the existing hwdb with name design_1_wrapper_7
TRACE::2022-02-23.20:16:24::SCWPlatform::Opened existing hwdb design_1_wrapper_7
TRACE::2022-02-23.20:16:24::SCWPlatform::Found the Hw Db part of the input DSA
TRACE::2022-02-23.20:16:24::SCWMssOS::Checking the sw design at  C:/Users/owenm/OneDrive/Documents/programming/Verilog/ADC_interface_low_HZ/ADC_interface_low_HZ_mk2.vitus/ADC_interface_platform/microblaze_0/standalone_domain/bsp/system.mss
TRACE::2022-02-23.20:16:24::SCWMssOS::DEBUG:  swdes dump  C:/Users/owenm/OneDrive/Documents/programming/Verilog/ADC_interface_low_HZ/ADC_interface_low_HZ_mk2.vitus/ADC_interface_platform/microblaze_0/standalone_domain/bsp/system.mss|system||

TRACE::2022-02-23.20:16:24::SCWMssOS::Sw design exists and opened at  C:/Users/owenm/OneDrive/Documents/programming/Verilog/ADC_interface_low_HZ/ADC_interface_low_HZ_mk2.vitus/ADC_interface_platform/microblaze_0/standalone_domain/bsp/system.mss
TRACE::2022-02-23.20:16:24::SCWPlatform::Trying to open the hw design at C:/Users/owenm/OneDrive/Documents/programming/Verilog/ADC_interface_low_HZ/ADC_interface_low_HZ_mk2.vitus/ADC_interface_platform/hw/design_1_wrapper_mk2.xsa
TRACE::2022-02-23.20:16:24::SCWPlatform::DSA given C:/Users/owenm/OneDrive/Documents/programming/Verilog/ADC_interface_low_HZ/ADC_interface_low_HZ_mk2.vitus/ADC_interface_platform/hw/design_1_wrapper_mk2.xsa
TRACE::2022-02-23.20:16:24::SCWPlatform::DSA absoulate path C:/Users/owenm/OneDrive/Documents/programming/Verilog/ADC_interface_low_HZ/ADC_interface_low_HZ_mk2.vitus/ADC_interface_platform/hw/design_1_wrapper_mk2.xsa
TRACE::2022-02-23.20:16:24::SCWPlatform::DSA directory C:/Users/owenm/OneDrive/Documents/programming/Verilog/ADC_interface_low_HZ/ADC_interface_low_HZ_mk2.vitus/ADC_interface_platform/hw
TRACE::2022-02-23.20:16:24::SCWPlatform:: Platform Path C:/Users/owenm/OneDrive/Documents/programming/Verilog/ADC_interface_low_HZ/ADC_interface_low_HZ_mk2.vitus/ADC_interface_platform/hw/design_1_wrapper_mk2.xsa
TRACE::2022-02-23.20:16:24::SCWPlatform:: Unique name xilinx:cmod_a7-15t::0.0
TRACE::2022-02-23.20:16:24::SCWPlatform::Trying to set the existing hwdb with name design_1_wrapper_7
TRACE::2022-02-23.20:16:24::SCWPlatform::Opened existing hwdb design_1_wrapper_7
TRACE::2022-02-23.20:16:24::SCWPlatform::Found the Hw Db part of the input DSA
TRACE::2022-02-23.20:16:24::SCWMssOS::Checking the sw design at  C:/Users/owenm/OneDrive/Documents/programming/Verilog/ADC_interface_low_HZ/ADC_interface_low_HZ_mk2.vitus/ADC_interface_platform/microblaze_0/standalone_domain/bsp/system.mss
TRACE::2022-02-23.20:16:24::SCWMssOS::DEBUG:  swdes dump  C:/Users/owenm/OneDrive/Documents/programming/Verilog/ADC_interface_low_HZ/ADC_interface_low_HZ_mk2.vitus/ADC_interface_platform/microblaze_0/standalone_domain/bsp/system.mss|system||

TRACE::2022-02-23.20:16:24::SCWMssOS::Sw design exists and opened at  C:/Users/owenm/OneDrive/Documents/programming/Verilog/ADC_interface_low_HZ/ADC_interface_low_HZ_mk2.vitus/ADC_interface_platform/microblaze_0/standalone_domain/bsp/system.mss
TRACE::2022-02-23.20:16:24::SCWPlatform::Trying to open the hw design at C:/Users/owenm/OneDrive/Documents/programming/Verilog/ADC_interface_low_HZ/ADC_interface_low_HZ_mk2.vitus/ADC_interface_platform/hw/design_1_wrapper_mk2.xsa
TRACE::2022-02-23.20:16:24::SCWPlatform::DSA given C:/Users/owenm/OneDrive/Documents/programming/Verilog/ADC_interface_low_HZ/ADC_interface_low_HZ_mk2.vitus/ADC_interface_platform/hw/design_1_wrapper_mk2.xsa
TRACE::2022-02-23.20:16:24::SCWPlatform::DSA absoulate path C:/Users/owenm/OneDrive/Documents/programming/Verilog/ADC_interface_low_HZ/ADC_interface_low_HZ_mk2.vitus/ADC_interface_platform/hw/design_1_wrapper_mk2.xsa
TRACE::2022-02-23.20:16:24::SCWPlatform::DSA directory C:/Users/owenm/OneDrive/Documents/programming/Verilog/ADC_interface_low_HZ/ADC_interface_low_HZ_mk2.vitus/ADC_interface_platform/hw
TRACE::2022-02-23.20:16:24::SCWPlatform:: Platform Path C:/Users/owenm/OneDrive/Documents/programming/Verilog/ADC_interface_low_HZ/ADC_interface_low_HZ_mk2.vitus/ADC_interface_platform/hw/design_1_wrapper_mk2.xsa
TRACE::2022-02-23.20:16:24::SCWPlatform:: Unique name xilinx:cmod_a7-15t::0.0
TRACE::2022-02-23.20:16:24::SCWPlatform::Trying to set the existing hwdb with name design_1_wrapper_7
TRACE::2022-02-23.20:16:24::SCWPlatform::Opened existing hwdb design_1_wrapper_7
TRACE::2022-02-23.20:16:24::SCWPlatform::Found the Hw Db part of the input DSA
TRACE::2022-02-23.20:16:24::SCWMssOS::Checking the sw design at  C:/Users/owenm/OneDrive/Documents/programming/Verilog/ADC_interface_low_HZ/ADC_interface_low_HZ_mk2.vitus/ADC_interface_platform/microblaze_0/standalone_domain/bsp/system.mss
TRACE::2022-02-23.20:16:24::SCWMssOS::DEBUG:  swdes dump  C:/Users/owenm/OneDrive/Documents/programming/Verilog/ADC_interface_low_HZ/ADC_interface_low_HZ_mk2.vitus/ADC_interface_platform/microblaze_0/standalone_domain/bsp/system.mss|system||

TRACE::2022-02-23.20:16:24::SCWMssOS::Sw design exists and opened at  C:/Users/owenm/OneDrive/Documents/programming/Verilog/ADC_interface_low_HZ/ADC_interface_low_HZ_mk2.vitus/ADC_interface_platform/microblaze_0/standalone_domain/bsp/system.mss
TRACE::2022-02-23.20:16:24::SCWWriter::formatted JSON is {
	"platformName":	"ADC_interface_platform",
	"sprVersion":	"2.0",
	"mode":	"gui",
	"dsaType":	"Fixed",
	"platformDesc":	"ADC_interface_platform",
	"platHandOff":	"C:/Users/owenm/OneDrive/Documents/programming/Verilog/ADC_interface_low_HZ/design_1_wrapper_mk2.xsa",
	"platIntHandOff":	"<platformDir>/hw/design_1_wrapper_mk2.xsa",
	"deviceType":	"FPGA",
	"platIsPrebuiltAutogen":	"false",
	"platIsNoBootBsp":	"false",
	"hasFsblMakeHasChanges":	"false",
	"hasPmufwMakeHasChanges":	"false",
	"platPreBuiltFlag":	false,
	"platformSamplesDir":	"",
	"platActiveSys":	"ADC_interface_platform",
	"systems":	[{
			"systemName":	"ADC_interface_platform",
			"systemDesc":	"ADC_interface_platform",
			"sysIsBootAutoGen":	"true",
			"systemDispName":	"ADC_interface_platform",
			"sysActiveDom":	"standalone_domain",
			"sysDefaultDom":	"standalone_domain",
			"domains":	[{
					"domainName":	"standalone_domain",
					"domainDispName":	"standalone on microblaze_0",
					"domainDesc":	"standalone_domain",
					"processors":	"microblaze_0",
					"os":	"standalone",
					"sdxOs":	"standalone",
					"debugEnable":	"False",
					"domRuntimes":	["cpp"],
					"swRepo":	"",
					"mssOsVer":	"7.6",
					"mssFile":	"",
					"md5Digest":	"406f64e03333d168727a7cc528a41858",
					"compatibleApp":	"",
					"domType":	"mssDomain",
					"arch":	"32-bit",
					"appSettings":	{
						"appCompilerFlags":	"",
						"appLinkerFlags":	""
					},
					"addedLibs":	[],
					"libOptions":	{
						"libsContainingOptions":	[]
					},
					"prebuiltLibs":	{
						"prebuiltIncPath":	[],
						"prebuiltLibPath":	[]
					},
					"isolation":	{
					}
				}]
		}]
}
TRACE::2022-02-23.20:16:24::SCWPlatform::Clearing the existing platform
TRACE::2022-02-23.20:16:24::SCWSystem::Clearing the existing sysconfig
TRACE::2022-02-23.20:16:24::SCWMssOS::Removing the swdes entry for  C:/Users/owenm/OneDrive/Documents/programming/Verilog/ADC_interface_low_HZ/ADC_interface_low_HZ_mk2.vitus/ADC_interface_platform/microblaze_0/standalone_domain/bsp/system.mss
TRACE::2022-02-23.20:16:24::SCWSystem::Clearing the domains completed.
TRACE::2022-02-23.20:16:24::SCWPlatform::Clearing the opened hw db.
TRACE::2022-02-23.20:16:24::SCWPlatform::DSA given C:/Users/owenm/OneDrive/Documents/programming/Verilog/ADC_interface_low_HZ/ADC_interface_low_HZ_mk2.vitus/ADC_interface_platform/hw/design_1_wrapper_mk2.xsa
TRACE::2022-02-23.20:16:24::SCWPlatform::DSA absoulate path C:/Users/owenm/OneDrive/Documents/programming/Verilog/ADC_interface_low_HZ/ADC_interface_low_HZ_mk2.vitus/ADC_interface_platform/hw/design_1_wrapper_mk2.xsa
TRACE::2022-02-23.20:16:24::SCWPlatform:: Platform location is C:/Users/owenm/OneDrive/Documents/programming/Verilog/ADC_interface_low_HZ/ADC_interface_low_HZ_mk2.vitus/ADC_interface_platform/hw
TRACE::2022-02-23.20:16:24::SCWPlatform:: Platform Path C:/Users/owenm/OneDrive/Documents/programming/Verilog/ADC_interface_low_HZ/ADC_interface_low_HZ_mk2.vitus/ADC_interface_platform/hw/design_1_wrapper_mk2.xsa
TRACE::2022-02-23.20:16:24::SCWPlatform:: Unique name xilinx:cmod_a7-15t::0.0
TRACE::2022-02-23.20:16:24::SCWPlatform::Removing the HwDB with name C:/Users/owenm/OneDrive/Documents/programming/Verilog/ADC_interface_low_HZ/ADC_interface_low_HZ_mk2.vitus/ADC_interface_platform/hw/design_1_wrapper_mk2.xsa
TRACE::2022-02-23.20:16:24::SCWPlatform::Trying to open the hw design at C:/Users/owenm/OneDrive/Documents/programming/Verilog/ADC_interface_low_HZ/ADC_interface_low_HZ_mk2.vitus/ADC_interface_platform/hw/design_1_wrapper_mk2.xsa
TRACE::2022-02-23.20:16:24::SCWPlatform::DSA given C:/Users/owenm/OneDrive/Documents/programming/Verilog/ADC_interface_low_HZ/ADC_interface_low_HZ_mk2.vitus/ADC_interface_platform/hw/design_1_wrapper_mk2.xsa
TRACE::2022-02-23.20:16:24::SCWPlatform::DSA absoulate path C:/Users/owenm/OneDrive/Documents/programming/Verilog/ADC_interface_low_HZ/ADC_interface_low_HZ_mk2.vitus/ADC_interface_platform/hw/design_1_wrapper_mk2.xsa
TRACE::2022-02-23.20:16:24::SCWPlatform::DSA directory C:/Users/owenm/OneDrive/Documents/programming/Verilog/ADC_interface_low_HZ/ADC_interface_low_HZ_mk2.vitus/ADC_interface_platform/hw
TRACE::2022-02-23.20:16:24::SCWPlatform:: Platform Path C:/Users/owenm/OneDrive/Documents/programming/Verilog/ADC_interface_low_HZ/ADC_interface_low_HZ_mk2.vitus/ADC_interface_platform/hw/design_1_wrapper_mk2.xsa
TRACE::2022-02-23.20:16:24::SCWPlatform:: Unique name xilinx:cmod_a7-15t::0.0
TRACE::2022-02-23.20:16:24::SCWPlatform::Do not have an existing db opened. 
TRACE::2022-02-23.20:16:24::SCWPlatform::Opened new HwDB with name design_1_wrapper_8
TRACE::2022-02-23.20:16:24::SCWReader::Active system found as  ADC_interface_platform
TRACE::2022-02-23.20:16:24::SCWReader::Handling sysconfig ADC_interface_platform
TRACE::2022-02-23.20:16:24::SCWDomain::checking for install qemu data   : 
TRACE::2022-02-23.20:16:24::SCWPlatform::Trying to open the hw design at C:/Users/owenm/OneDrive/Documents/programming/Verilog/ADC_interface_low_HZ/ADC_interface_low_HZ_mk2.vitus/ADC_interface_platform/hw/design_1_wrapper_mk2.xsa
TRACE::2022-02-23.20:16:24::SCWPlatform::DSA given C:/Users/owenm/OneDrive/Documents/programming/Verilog/ADC_interface_low_HZ/ADC_interface_low_HZ_mk2.vitus/ADC_interface_platform/hw/design_1_wrapper_mk2.xsa
TRACE::2022-02-23.20:16:24::SCWPlatform::DSA absoulate path C:/Users/owenm/OneDrive/Documents/programming/Verilog/ADC_interface_low_HZ/ADC_interface_low_HZ_mk2.vitus/ADC_interface_platform/hw/design_1_wrapper_mk2.xsa
TRACE::2022-02-23.20:16:24::SCWPlatform::DSA directory C:/Users/owenm/OneDrive/Documents/programming/Verilog/ADC_interface_low_HZ/ADC_interface_low_HZ_mk2.vitus/ADC_interface_platform/hw
TRACE::2022-02-23.20:16:24::SCWPlatform:: Platform Path C:/Users/owenm/OneDrive/Documents/programming/Verilog/ADC_interface_low_HZ/ADC_interface_low_HZ_mk2.vitus/ADC_interface_platform/hw/design_1_wrapper_mk2.xsa
TRACE::2022-02-23.20:16:24::SCWPlatform:: Unique name xilinx:cmod_a7-15t::0.0
TRACE::2022-02-23.20:16:24::SCWPlatform::Trying to set the existing hwdb with name design_1_wrapper_8
TRACE::2022-02-23.20:16:24::SCWPlatform::Opened existing hwdb design_1_wrapper_8
TRACE::2022-02-23.20:16:24::SCWPlatform::Found the Hw Db part of the input DSA
TRACE::2022-02-23.20:16:24::SCWPlatform::Trying to open the hw design at C:/Users/owenm/OneDrive/Documents/programming/Verilog/ADC_interface_low_HZ/ADC_interface_low_HZ_mk2.vitus/ADC_interface_platform/hw/design_1_wrapper_mk2.xsa
TRACE::2022-02-23.20:16:24::SCWPlatform::DSA given C:/Users/owenm/OneDrive/Documents/programming/Verilog/ADC_interface_low_HZ/ADC_interface_low_HZ_mk2.vitus/ADC_interface_platform/hw/design_1_wrapper_mk2.xsa
TRACE::2022-02-23.20:16:24::SCWPlatform::DSA absoulate path C:/Users/owenm/OneDrive/Documents/programming/Verilog/ADC_interface_low_HZ/ADC_interface_low_HZ_mk2.vitus/ADC_interface_platform/hw/design_1_wrapper_mk2.xsa
TRACE::2022-02-23.20:16:24::SCWPlatform::DSA directory C:/Users/owenm/OneDrive/Documents/programming/Verilog/ADC_interface_low_HZ/ADC_interface_low_HZ_mk2.vitus/ADC_interface_platform/hw
TRACE::2022-02-23.20:16:24::SCWPlatform:: Platform Path C:/Users/owenm/OneDrive/Documents/programming/Verilog/ADC_interface_low_HZ/ADC_interface_low_HZ_mk2.vitus/ADC_interface_platform/hw/design_1_wrapper_mk2.xsa
TRACE::2022-02-23.20:16:24::SCWPlatform:: Unique name xilinx:cmod_a7-15t::0.0
TRACE::2022-02-23.20:16:24::SCWPlatform::Trying to set the existing hwdb with name design_1_wrapper_8
TRACE::2022-02-23.20:16:24::SCWPlatform::Opened existing hwdb design_1_wrapper_8
TRACE::2022-02-23.20:16:24::SCWPlatform::Found the Hw Db part of the input DSA
TRACE::2022-02-23.20:16:24::SCWPlatform::Trying to open the hw design at C:/Users/owenm/OneDrive/Documents/programming/Verilog/ADC_interface_low_HZ/ADC_interface_low_HZ_mk2.vitus/ADC_interface_platform/hw/design_1_wrapper_mk2.xsa
TRACE::2022-02-23.20:16:24::SCWPlatform::DSA given C:/Users/owenm/OneDrive/Documents/programming/Verilog/ADC_interface_low_HZ/ADC_interface_low_HZ_mk2.vitus/ADC_interface_platform/hw/design_1_wrapper_mk2.xsa
TRACE::2022-02-23.20:16:24::SCWPlatform::DSA absoulate path C:/Users/owenm/OneDrive/Documents/programming/Verilog/ADC_interface_low_HZ/ADC_interface_low_HZ_mk2.vitus/ADC_interface_platform/hw/design_1_wrapper_mk2.xsa
TRACE::2022-02-23.20:16:24::SCWPlatform::DSA directory C:/Users/owenm/OneDrive/Documents/programming/Verilog/ADC_interface_low_HZ/ADC_interface_low_HZ_mk2.vitus/ADC_interface_platform/hw
TRACE::2022-02-23.20:16:24::SCWPlatform:: Platform Path C:/Users/owenm/OneDrive/Documents/programming/Verilog/ADC_interface_low_HZ/ADC_interface_low_HZ_mk2.vitus/ADC_interface_platform/hw/design_1_wrapper_mk2.xsa
TRACE::2022-02-23.20:16:24::SCWPlatform:: Unique name xilinx:cmod_a7-15t::0.0
TRACE::2022-02-23.20:16:24::SCWPlatform::Trying to set the existing hwdb with name design_1_wrapper_8
TRACE::2022-02-23.20:16:24::SCWPlatform::Opened existing hwdb design_1_wrapper_8
TRACE::2022-02-23.20:16:24::SCWPlatform::Found the Hw Db part of the input DSA
TRACE::2022-02-23.20:16:24::SCWPlatform::Trying to open the hw design at C:/Users/owenm/OneDrive/Documents/programming/Verilog/ADC_interface_low_HZ/ADC_interface_low_HZ_mk2.vitus/ADC_interface_platform/hw/design_1_wrapper_mk2.xsa
TRACE::2022-02-23.20:16:24::SCWPlatform::DSA given C:/Users/owenm/OneDrive/Documents/programming/Verilog/ADC_interface_low_HZ/ADC_interface_low_HZ_mk2.vitus/ADC_interface_platform/hw/design_1_wrapper_mk2.xsa
TRACE::2022-02-23.20:16:24::SCWPlatform::DSA absoulate path C:/Users/owenm/OneDrive/Documents/programming/Verilog/ADC_interface_low_HZ/ADC_interface_low_HZ_mk2.vitus/ADC_interface_platform/hw/design_1_wrapper_mk2.xsa
TRACE::2022-02-23.20:16:24::SCWPlatform::DSA directory C:/Users/owenm/OneDrive/Documents/programming/Verilog/ADC_interface_low_HZ/ADC_interface_low_HZ_mk2.vitus/ADC_interface_platform/hw
TRACE::2022-02-23.20:16:24::SCWPlatform:: Platform Path C:/Users/owenm/OneDrive/Documents/programming/Verilog/ADC_interface_low_HZ/ADC_interface_low_HZ_mk2.vitus/ADC_interface_platform/hw/design_1_wrapper_mk2.xsa
TRACE::2022-02-23.20:16:24::SCWPlatform:: Unique name xilinx:cmod_a7-15t::0.0
TRACE::2022-02-23.20:16:24::SCWPlatform::Trying to set the existing hwdb with name design_1_wrapper_8
TRACE::2022-02-23.20:16:24::SCWPlatform::Opened existing hwdb design_1_wrapper_8
TRACE::2022-02-23.20:16:24::SCWPlatform::Found the Hw Db part of the input DSA
TRACE::2022-02-23.20:16:24::SCWMssOS::Checking the sw design at  C:/Users/owenm/OneDrive/Documents/programming/Verilog/ADC_interface_low_HZ/ADC_interface_low_HZ_mk2.vitus/ADC_interface_platform/microblaze_0/standalone_domain/bsp/system.mss
TRACE::2022-02-23.20:16:24::SCWMssOS::DEBUG:  swdes dump  
TRACE::2022-02-23.20:16:24::SCWMssOS::No sw design opened at  C:/Users/owenm/OneDrive/Documents/programming/Verilog/ADC_interface_low_HZ/ADC_interface_low_HZ_mk2.vitus/ADC_interface_platform/microblaze_0/standalone_domain/bsp/system.mss
TRACE::2022-02-23.20:16:24::SCWMssOS::mss exists loading the mss file  C:/Users/owenm/OneDrive/Documents/programming/Verilog/ADC_interface_low_HZ/ADC_interface_low_HZ_mk2.vitus/ADC_interface_platform/microblaze_0/standalone_domain/bsp/system.mss
TRACE::2022-02-23.20:16:24::SCWMssOS::Opened the sw design from mss  C:/Users/owenm/OneDrive/Documents/programming/Verilog/ADC_interface_low_HZ/ADC_interface_low_HZ_mk2.vitus/ADC_interface_platform/microblaze_0/standalone_domain/bsp/system.mss
TRACE::2022-02-23.20:16:24::SCWMssOS::Adding the swdes entry C:/Users/owenm/OneDrive/Documents/programming/Verilog/ADC_interface_low_HZ/ADC_interface_low_HZ_mk2.vitus/ADC_interface_platform/microblaze_0/standalone_domain/bsp/system.mss with des name system
TRACE::2022-02-23.20:16:24::SCWMssOS::updating the scw layer about changes
TRACE::2022-02-23.20:16:24::SCWMssOS::Opened the sw design.  C:/Users/owenm/OneDrive/Documents/programming/Verilog/ADC_interface_low_HZ/ADC_interface_low_HZ_mk2.vitus/ADC_interface_platform/microblaze_0/standalone_domain/bsp/system.mss
TRACE::2022-02-23.20:16:24::SCWMssOS::Saving the mss changes C:/Users/owenm/OneDrive/Documents/programming/Verilog/ADC_interface_low_HZ/ADC_interface_low_HZ_mk2.vitus/ADC_interface_platform/microblaze_0/standalone_domain/bsp/system.mss
TRACE::2022-02-23.20:16:24::SCWMssOS::Found a swdesign opened with the mssfile.
TRACE::2022-02-23.20:16:24::SCWMssOS::Completed writemss as part of save.
TRACE::2022-02-23.20:16:24::SCWMssOS::Commit changes completed.
TRACE::2022-02-23.20:16:24::SCWReader::Adding prebuilt librarypaths as   
TRACE::2022-02-23.20:16:24::SCWReader::Adding prebuilt incpaths  as   
TRACE::2022-02-23.20:16:24::SCWPlatform::Trying to open the hw design at C:/Users/owenm/OneDrive/Documents/programming/Verilog/ADC_interface_low_HZ/ADC_interface_low_HZ_mk2.vitus/ADC_interface_platform/hw/design_1_wrapper_mk2.xsa
TRACE::2022-02-23.20:16:24::SCWPlatform::DSA given C:/Users/owenm/OneDrive/Documents/programming/Verilog/ADC_interface_low_HZ/ADC_interface_low_HZ_mk2.vitus/ADC_interface_platform/hw/design_1_wrapper_mk2.xsa
TRACE::2022-02-23.20:16:24::SCWPlatform::DSA absoulate path C:/Users/owenm/OneDrive/Documents/programming/Verilog/ADC_interface_low_HZ/ADC_interface_low_HZ_mk2.vitus/ADC_interface_platform/hw/design_1_wrapper_mk2.xsa
TRACE::2022-02-23.20:16:24::SCWPlatform::DSA directory C:/Users/owenm/OneDrive/Documents/programming/Verilog/ADC_interface_low_HZ/ADC_interface_low_HZ_mk2.vitus/ADC_interface_platform/hw
TRACE::2022-02-23.20:16:24::SCWPlatform:: Platform Path C:/Users/owenm/OneDrive/Documents/programming/Verilog/ADC_interface_low_HZ/ADC_interface_low_HZ_mk2.vitus/ADC_interface_platform/hw/design_1_wrapper_mk2.xsa
TRACE::2022-02-23.20:16:24::SCWPlatform:: Unique name xilinx:cmod_a7-15t::0.0
TRACE::2022-02-23.20:16:24::SCWPlatform::Trying to set the existing hwdb with name design_1_wrapper_8
TRACE::2022-02-23.20:16:24::SCWPlatform::Opened existing hwdb design_1_wrapper_8
TRACE::2022-02-23.20:16:24::SCWPlatform::Found the Hw Db part of the input DSA
TRACE::2022-02-23.20:16:24::SCWMssOS::Checking the sw design at  C:/Users/owenm/OneDrive/Documents/programming/Verilog/ADC_interface_low_HZ/ADC_interface_low_HZ_mk2.vitus/ADC_interface_platform/microblaze_0/standalone_domain/bsp/system.mss
TRACE::2022-02-23.20:16:24::SCWMssOS::DEBUG:  swdes dump  C:/Users/owenm/OneDrive/Documents/programming/Verilog/ADC_interface_low_HZ/ADC_interface_low_HZ_mk2.vitus/ADC_interface_platform/microblaze_0/standalone_domain/bsp/system.mss|system||

TRACE::2022-02-23.20:16:24::SCWMssOS::Sw design exists and opened at  C:/Users/owenm/OneDrive/Documents/programming/Verilog/ADC_interface_low_HZ/ADC_interface_low_HZ_mk2.vitus/ADC_interface_platform/microblaze_0/standalone_domain/bsp/system.mss
TRACE::2022-02-23.20:16:24::SCWReader::No isolation master present  
LOG::2022-02-23.20:17:12::SCWPlatform::Started generating the artifacts platform ADC_interface_platform
TRACE::2022-02-23.20:17:12::SCWPlatform::Sanity checking of platform is completed
LOG::2022-02-23.20:17:12::SCWPlatform::Started generating the artifacts for system configuration ADC_interface_platform
LOG::2022-02-23.20:17:12::SCWSystem::Checking the domain standalone_domain
LOG::2022-02-23.20:17:12::SCWSystem::Not a boot domain 
LOG::2022-02-23.20:17:12::SCWSystem::Started Processing the domain standalone_domain
TRACE::2022-02-23.20:17:12::SCWDomain::Generating domain artifcats
TRACE::2022-02-23.20:17:12::SCWMssOS::Generating standalone artifcats
TRACE::2022-02-23.20:17:12::SCWMssOS:: Copying the user libraries. 
TRACE::2022-02-23.20:17:12::SCWPlatform::Trying to open the hw design at C:/Users/owenm/OneDrive/Documents/programming/Verilog/ADC_interface_low_HZ/ADC_interface_low_HZ_mk2.vitus/ADC_interface_platform/hw/design_1_wrapper_mk2.xsa
TRACE::2022-02-23.20:17:12::SCWPlatform::DSA given C:/Users/owenm/OneDrive/Documents/programming/Verilog/ADC_interface_low_HZ/ADC_interface_low_HZ_mk2.vitus/ADC_interface_platform/hw/design_1_wrapper_mk2.xsa
TRACE::2022-02-23.20:17:12::SCWPlatform::DSA absoulate path C:/Users/owenm/OneDrive/Documents/programming/Verilog/ADC_interface_low_HZ/ADC_interface_low_HZ_mk2.vitus/ADC_interface_platform/hw/design_1_wrapper_mk2.xsa
TRACE::2022-02-23.20:17:12::SCWPlatform::DSA directory C:/Users/owenm/OneDrive/Documents/programming/Verilog/ADC_interface_low_HZ/ADC_interface_low_HZ_mk2.vitus/ADC_interface_platform/hw
TRACE::2022-02-23.20:17:12::SCWPlatform:: Platform Path C:/Users/owenm/OneDrive/Documents/programming/Verilog/ADC_interface_low_HZ/ADC_interface_low_HZ_mk2.vitus/ADC_interface_platform/hw/design_1_wrapper_mk2.xsa
TRACE::2022-02-23.20:17:12::SCWPlatform:: Unique name xilinx:cmod_a7-15t::0.0
TRACE::2022-02-23.20:17:12::SCWPlatform::Trying to set the existing hwdb with name design_1_wrapper_8
TRACE::2022-02-23.20:17:12::SCWPlatform::Opened existing hwdb design_1_wrapper_8
TRACE::2022-02-23.20:17:12::SCWPlatform::Found the Hw Db part of the input DSA
TRACE::2022-02-23.20:17:12::SCWMssOS::Checking the sw design at  C:/Users/owenm/OneDrive/Documents/programming/Verilog/ADC_interface_low_HZ/ADC_interface_low_HZ_mk2.vitus/ADC_interface_platform/microblaze_0/standalone_domain/bsp/system.mss
TRACE::2022-02-23.20:17:12::SCWMssOS::DEBUG:  swdes dump  C:/Users/owenm/OneDrive/Documents/programming/Verilog/ADC_interface_low_HZ/ADC_interface_low_HZ_mk2.vitus/ADC_interface_platform/microblaze_0/standalone_domain/bsp/system.mss|system||

TRACE::2022-02-23.20:17:12::SCWMssOS::Sw design exists and opened at  C:/Users/owenm/OneDrive/Documents/programming/Verilog/ADC_interface_low_HZ/ADC_interface_low_HZ_mk2.vitus/ADC_interface_platform/microblaze_0/standalone_domain/bsp/system.mss
TRACE::2022-02-23.20:17:12::SCWMssOS::Completed writing the mss file at C:/Users/owenm/OneDrive/Documents/programming/Verilog/ADC_interface_low_HZ/ADC_interface_low_HZ_mk2.vitus/ADC_interface_platform/microblaze_0/standalone_domain/bsp
TRACE::2022-02-23.20:17:12::SCWMssOS::Mss edits present, copying mssfile into export location C:/Users/owenm/OneDrive/Documents/programming/Verilog/ADC_interface_low_HZ/ADC_interface_low_HZ_mk2.vitus/ADC_interface_platform/microblaze_0/standalone_domain/bsp/system.mss
TRACE::2022-02-23.20:17:12::SCWMssOS::bsp generated is upto date with the mss file. Skipping bsp generation.
TRACE::2022-02-23.20:17:12::SCWMssOS::BSP is already built. skipping the bsp build ... 
TRACE::2022-02-23.20:17:12::SCWDomain::Building the domain as part of full build :  standalone_domain
TRACE::2022-02-23.20:17:12::SCWMssOS::doing bsp build ... 
TRACE::2022-02-23.20:17:12::SCWMssOS::System Command Ran  C: & cd  C:/Users/owenm/OneDrive/Documents/programming/Verilog/ADC_interface_low_HZ/ADC_interface_low_HZ_mk2.vitus/ADC_interface_platform/microblaze_0/standalone_domain/bsp & make 
TRACE::2022-02-23.20:17:12::SCWMssOS::make --no-print-directory seq_libs

TRACE::2022-02-23.20:17:12::SCWMssOS::'Finished building libraries sequentially.'

TRACE::2022-02-23.20:17:12::SCWMssOS::make -j 6 --no-print-directory par_libs

TRACE::2022-02-23.20:17:12::SCWMssOS::"Running Make include in microblaze_0/libsrc/bram_v4_7/src"

TRACE::2022-02-23.20:17:12::SCWMssOS::make -C microblaze_0/libsrc/bram_v4_7/src -s include  "SHELL=CMD" "COMPILER=mb-gcc" "ASSEMBLER=mb-as" "ARCHIVER=mb-ar" "COMPILE
TRACE::2022-02-23.20:17:12::SCWMssOS::R_FLAGS=  -O2 -c -mcpu=v11.0 -mlittle-endian -mxl-soft-mul" "EXTRA_COMPILER_FLAGS=-g -ffunction-sections -fdata-sections -Wall 
TRACE::2022-02-23.20:17:12::SCWMssOS::-Wextra -fno-tree-loop-distribute-patterns"

TRACE::2022-02-23.20:17:12::SCWMssOS::"Running Make include in microblaze_0/libsrc/cpu_v2_14/src"

TRACE::2022-02-23.20:17:12::SCWMssOS::make -C microblaze_0/libsrc/cpu_v2_14/src -s include  "SHELL=CMD" "COMPILER=mb-gcc" "ASSEMBLER=mb-as" "ARCHIVER=mb-ar" "COMPILE
TRACE::2022-02-23.20:17:12::SCWMssOS::R_FLAGS=  -O2 -c -mcpu=v11.0 -mlittle-endian -mxl-soft-mul" "EXTRA_COMPILER_FLAGS=-g -ffunction-sections -fdata-sections -Wall 
TRACE::2022-02-23.20:17:12::SCWMssOS::-Wextra -fno-tree-loop-distribute-patterns"

TRACE::2022-02-23.20:17:12::SCWMssOS::"Running Make include in microblaze_0/libsrc/gpio_v4_8/src"

TRACE::2022-02-23.20:17:12::SCWMssOS::make -C microblaze_0/libsrc/gpio_v4_8/src -s include  "SHELL=CMD" "COMPILER=mb-gcc" "ASSEMBLER=mb-as" "ARCHIVER=mb-ar" "COMPILE
TRACE::2022-02-23.20:17:12::SCWMssOS::R_FLAGS=  -O2 -c -mcpu=v11.0 -mlittle-endian -mxl-soft-mul" "EXTRA_COMPILER_FLAGS=-g -ffunction-sections -fdata-sections -Wall 
TRACE::2022-02-23.20:17:12::SCWMssOS::-Wextra -fno-tree-loop-distribute-patterns"

TRACE::2022-02-23.20:17:12::SCWMssOS::"Running Make include in microblaze_0/libsrc/intc_v3_13/src"

TRACE::2022-02-23.20:17:12::SCWMssOS::make -C microblaze_0/libsrc/intc_v3_13/src -s include  "SHELL=CMD" "COMPILER=mb-gcc" "ASSEMBLER=mb-as" "ARCHIVER=mb-ar" "COMPIL
TRACE::2022-02-23.20:17:12::SCWMssOS::ER_FLAGS=  -O2 -c -mcpu=v11.0 -mlittle-endian -mxl-soft-mul" "EXTRA_COMPILER_FLAGS=-g -ffunction-sections -fdata-sections -Wall
TRACE::2022-02-23.20:17:12::SCWMssOS:: -Wextra -fno-tree-loop-distribute-patterns"

TRACE::2022-02-23.20:17:12::SCWMssOS::"Running Make include in microblaze_0/libsrc/spi_v4_8/src"

TRACE::2022-02-23.20:17:12::SCWMssOS::make -C microblaze_0/libsrc/spi_v4_8/src -s include  "SHELL=CMD" "COMPILER=mb-gcc" "ASSEMBLER=mb-as" "ARCHIVER=mb-ar" "COMPILER
TRACE::2022-02-23.20:17:12::SCWMssOS::_FLAGS=  -O2 -c -mcpu=v11.0 -mlittle-endian -mxl-soft-mul" "EXTRA_COMPILER_FLAGS=-g -ffunction-sections -fdata-sections -Wall -
TRACE::2022-02-23.20:17:12::SCWMssOS::Wextra -fno-tree-loop-distribute-patterns"

TRACE::2022-02-23.20:17:13::SCWMssOS::"Running Make include in microblaze_0/libsrc/uartlite_v3_6/src"

TRACE::2022-02-23.20:17:13::SCWMssOS::make -C microblaze_0/libsrc/uartlite_v3_6/src -s include  "SHELL=CMD" "COMPILER=mb-gcc" "ASSEMBLER=mb-as" "ARCHIVER=mb-ar" "COM
TRACE::2022-02-23.20:17:13::SCWMssOS::PILER_FLAGS=  -O2 -c -mcpu=v11.0 -mlittle-endian -mxl-soft-mul" "EXTRA_COMPILER_FLAGS=-g -ffunction-sections -fdata-sections -W
TRACE::2022-02-23.20:17:13::SCWMssOS::all -Wextra -fno-tree-loop-distribute-patterns"

TRACE::2022-02-23.20:17:13::SCWMssOS::"Running Make libs in microblaze_0/libsrc/bram_v4_7/src"

TRACE::2022-02-23.20:17:13::SCWMssOS::make -C microblaze_0/libsrc/bram_v4_7/src -s libs  "SHELL=CMD" "COMPILER=mb-gcc" "ASSEMBLER=mb-as" "ARCHIVER=mb-ar" "COMPILER_F
TRACE::2022-02-23.20:17:13::SCWMssOS::LAGS=  -O2 -c -mcpu=v11.0 -mlittle-endian -mxl-soft-mul" "EXTRA_COMPILER_FLAGS=-g -ffunction-sections -fdata-sections -Wall -We
TRACE::2022-02-23.20:17:13::SCWMssOS::xtra -fno-tree-loop-distribute-patterns"

TRACE::2022-02-23.20:17:13::SCWMssOS::"Running Make libs in microblaze_0/libsrc/cpu_v2_14/src"

TRACE::2022-02-23.20:17:13::SCWMssOS::make -C microblaze_0/libsrc/cpu_v2_14/src -s libs  "SHELL=CMD" "COMPILER=mb-gcc" "ASSEMBLER=mb-as" "ARCHIVER=mb-ar" "COMPILER_F
TRACE::2022-02-23.20:17:13::SCWMssOS::LAGS=  -O2 -c -mcpu=v11.0 -mlittle-endian -mxl-soft-mul" "EXTRA_COMPILER_FLAGS=-g -ffunction-sections -fdata-sections -Wall -We
TRACE::2022-02-23.20:17:13::SCWMssOS::xtra -fno-tree-loop-distribute-patterns"

TRACE::2022-02-23.20:17:13::SCWMssOS::"Running Make libs in microblaze_0/libsrc/gpio_v4_8/src"

TRACE::2022-02-23.20:17:13::SCWMssOS::make -C microblaze_0/libsrc/gpio_v4_8/src -s libs  "SHELL=CMD" "COMPILER=mb-gcc" "ASSEMBLER=mb-as" "ARCHIVER=mb-ar" "COMPILER_F
TRACE::2022-02-23.20:17:13::SCWMssOS::LAGS=  -O2 -c -mcpu=v11.0 -mlittle-endian -mxl-soft-mul" "EXTRA_COMPILER_FLAGS=-g -ffunction-sections -fdata-sections -Wall -We
TRACE::2022-02-23.20:17:13::SCWMssOS::xtra -fno-tree-loop-distribute-patterns"

TRACE::2022-02-23.20:17:13::SCWMssOS::"Running Make libs in microblaze_0/libsrc/intc_v3_13/src"

TRACE::2022-02-23.20:17:13::SCWMssOS::make -C microblaze_0/libsrc/intc_v3_13/src -s libs  "SHELL=CMD" "COMPILER=mb-gcc" "ASSEMBLER=mb-as" "ARCHIVER=mb-ar" "COMPILER_
TRACE::2022-02-23.20:17:13::SCWMssOS::FLAGS=  -O2 -c -mcpu=v11.0 -mlittle-endian -mxl-soft-mul" "EXTRA_COMPILER_FLAGS=-g -ffunction-sections -fdata-sections -Wall -W
TRACE::2022-02-23.20:17:13::SCWMssOS::extra -fno-tree-loop-distribute-patterns"

TRACE::2022-02-23.20:17:13::SCWMssOS::"Running Make libs in microblaze_0/libsrc/spi_v4_8/src"

TRACE::2022-02-23.20:17:13::SCWMssOS::make -C microblaze_0/libsrc/spi_v4_8/src -s libs  "SHELL=CMD" "COMPILER=mb-gcc" "ASSEMBLER=mb-as" "ARCHIVER=mb-ar" "COMPILER_FL
TRACE::2022-02-23.20:17:13::SCWMssOS::AGS=  -O2 -c -mcpu=v11.0 -mlittle-endian -mxl-soft-mul" "EXTRA_COMPILER_FLAGS=-g -ffunction-sections -fdata-sections -Wall -Wex
TRACE::2022-02-23.20:17:13::SCWMssOS::tra -fno-tree-loop-distribute-patterns"

ERROR::2022-02-23.20:17:13::SCWMssOS::Failed to build  the bsp sources for domain - standalone_domain
ERROR::2022-02-23.20:17:13::SCWSystem::Error in Processing the domain standalone_domain
