20:15:00 **** Build of project design_1_wrapper_mk2 ****
buildplatform.bat 50972 design_1_wrapper_mk2  
XSDB Server Channel: tcfchan#4
Building the BSP Library for domain  - standalone_microblaze_0 on processor microblaze_0
make --no-print-directory seq_libs

'Finished building libraries sequentially.'

make -j 6 --no-print-directory par_libs

"Running Make include in microblaze_0/libsrc/bram_v4_7/src"

"Running Make include in microblaze_0/libsrc/cpu_v2_14/src"

make -C microblaze_0/libsrc/bram_v4_7/src -s include  "SHELL=CMD" "COMPILER=mb-gcc" "ASSEMBLER=mb-as" "ARCHIVER=mb-ar" "COMPILE
R_FLAGS=  -O2 -c -mcpu=v11.0 -mlittle-endian -mxl-soft-mul" "EXTRA_COMPILER_FLAGS=-g -ffunction-sections -fdata-sections -Wall 
-Wextra -fno-tree-loop-distribute-patterns"

make -C microblaze_0/libsrc/cpu_v2_14/src -s include  "SHELL=CMD" "COMPILER=mb-gcc" "ASSEMBLER=mb-as" "ARCHIVER=mb-ar" "COMPILE
R_FLAGS=  -O2 -c -mcpu=v11.0 -mlittle-endian -mxl-soft-mul" "EXTRA_COMPILER_FLAGS=-g -ffunction-sections -fdata-sections -Wall 
-Wextra -fno-tree-loop-distribute-patterns"

"Running Make include in microblaze_0/libsrc/gpio_v4_8/src"

make -C microblaze_0/libsrc/gpio_v4_8/src -s include  "SHELL=CMD" "COMPILER=mb-gcc" "ASSEMBLER=mb-as" "ARCHIVER=mb-ar" "COMPILE
R_FLAGS=  -O2 -c -mcpu=v11.0 -mlittle-endian -mxl-soft-mul" "EXTRA_COMPILER_FLAGS=-g -ffunction-sections -fdata-sections -Wall 
-Wextra -fno-tree-loop-distribute-patterns"

"Running Make include in microblaze_0/libsrc/intc_v3_13/src"

make -C microblaze_0/libsrc/intc_v3_13/src -s include  "SHELL=CMD" "COMPILER=mb-gcc" "ASSEMBLER=mb-as" "ARCHIVER=mb-ar" "COMPIL
ER_FLAGS=  -O2 -c -mcpu=v11.0 -mlittle-endian -mxl-soft-mul" "EXTRA_COMPILER_FLAGS=-g -ffunction-sections -fdata-sections -Wall
 -Wextra -fno-tree-loop-distribute-patterns"

"Running Make include in microblaze_0/libsrc/spi_v4_8/src"

make -C microblaze_0/libsrc/spi_v4_8/src -s include  "SHELL=CMD" "COMPILER=mb-gcc" "ASSEMBLER=mb-as" "ARCHIVER=mb-ar" "COMPILER
_FLAGS=  -O2 -c -mcpu=v11.0 -mlittle-endian -mxl-soft-mul" "EXTRA_COMPILER_FLAGS=-g -ffunction-sections -fdata-sections -Wall -
Wextra -fno-tree-loop-distribute-patterns"

"Running Make include in microblaze_0/libsrc/uartlite_v3_6/src"

make -C microblaze_0/libsrc/uartlite_v3_6/src -s include  "SHELL=CMD" "COMPILER=mb-gcc" "ASSEMBLER=mb-as" "ARCHIVER=mb-ar" "COM
PILER_FLAGS=  -O2 -c -mcpu=v11.0 -mlittle-endian -mxl-soft-mul" "EXTRA_COMPILER_FLAGS=-g -ffunction-sections -fdata-sections -W
all -Wextra -fno-tree-loop-distribute-patterns"

"Running Make libs in microblaze_0/libsrc/bram_v4_7/src"

make -C microblaze_0/libsrc/bram_v4_7/src -s libs  "SHELL=CMD" "COMPILER=mb-gcc" "ASSEMBLER=mb-as" "ARCHIVER=mb-ar" "COMPILER_F
LAGS=  -O2 -c -mcpu=v11.0 -mlittle-endian -mxl-soft-mul" "EXTRA_COMPILER_FLAGS=-g -ffunction-sections -fdata-sections -Wall -We
xtra -fno-tree-loop-distribute-patterns"

"Running Make libs in microblaze_0/libsrc/cpu_v2_14/src"

make -C microblaze_0/libsrc/cpu_v2_14/src -s libs  "SHELL=CMD" "COMPILER=mb-gcc" "ASSEMBLER=mb-as" "ARCHIVER=mb-ar" "COMPILER_F
LAGS=  -O2 -c -mcpu=v11.0 -mlittle-endian -mxl-soft-mul" "EXTRA_COMPILER_FLAGS=-g -ffunction-sections -fdata-sections -Wall -We
xtra -fno-tree-loop-distribute-patterns"

"Running Make libs in microblaze_0/libsrc/gpio_v4_8/src"

make -C microblaze_0/libsrc/gpio_v4_8/src -s libs  "SHELL=CMD" "COMPILER=mb-gcc" "ASSEMBLER=mb-as" "ARCHIVER=mb-ar" "COMPILER_F
LAGS=  -O2 -c -mcpu=v11.0 -mlittle-endian -mxl-soft-mul" "EXTRA_COMPILER_FLAGS=-g -ffunction-sections -fdata-sections -Wall -We
xtra -fno-tree-loop-distribute-patterns"

"Running Make libs in microblaze_0/libsrc/intc_v3_13/src"

make -C microblaze_0/libsrc/intc_v3_13/src -s libs  "SHELL=CMD" "COMPILER=mb-gcc" "ASSEMBLER=mb-as" "ARCHIVER=mb-ar" "COMPILER_
FLAGS=  -O2 -c -mcpu=v11.0 -mlittle-endian -mxl-soft-mul" "EXTRA_COMPILER_FLAGS=-g -ffunction-sections -fdata-sections -Wall -W
extra -fno-tree-loop-distribute-patterns"

"Running Make libs in microblaze_0/libsrc/spi_v4_8/src"

make -C microblaze_0/libsrc/spi_v4_8/src -s libs  "SHELL=CMD" "COMPILER=mb-gcc" "ASSEMBLER=mb-as" "ARCHIVER=mb-ar" "COMPILER_FL
AGS=  -O2 -c -mcpu=v11.0 -mlittle-endian -mxl-soft-mul" "EXTRA_COMPILER_FLAGS=-g -ffunction-sections -fdata-sections -Wall -Wex
tra -fno-tree-loop-distribute-patterns"

In file included from xbram_g.c:17:
xbram.h:112:10: fatal error: xil_types.h: No such file or directory
  112 | #include "xil_types.h"
      |          ^~~~~~~~~~~~~
compilation terminated.
In file included from xbram.c:36:
xbram.h:112:10: fatal error: xil_types.h: No such file or directory
  112 | #include "xil_types.h"
      |          ^~~~~~~~~~~~~
In file included from xio.c:36:
xio.h:69:10: fatal error: xil_types.h: No such file or directory
   69 | #include "xil_types.h"
      |          ^~~~~~~~~~~~~
compilation terminated.
compilation terminated.
make[2]: *** [Makefile:29: ../../../lib/xbram_g.o] Error 1
make[2]: *** Waiting for unfinished jobs....
make[2]: *** [Makefile:29: ../../../lib/xio.o] Error 1
make[2]: *** [Makefile:29: ../../../lib/xbram.o] Error 1
make[1]: *** [Makefile:46: microblaze_0/libsrc/bram_v4_7/src/make.libs] Error 2
make[1]: *** Waiting for unfinished jobs....
make[1]: *** [Makefile:46: microblaze_0/libsrc/cpu_v2_14/src/make.libs] Error 2
In file included from xgpio_g.c:17:
xgpio.h:112:10: fatal error: xil_types.h: No such file or directory
  112 | #include "xil_types.h"
      |          ^~~~~~~~~~~~~
compilation terminated.
"Running Make libs in microblaze_0/libsrc/uartlite_v3_6/src"

make -C microblaze_0/libsrc/uartlite_v3_6/src -s libs  "SHELL=CMD" "COMPILER=mb-gcc" "ASSEMBLER=mb-as" "ARCHIVER=mb-ar" "COMPIL
ER_FLAGS=  -O2 -c -mcpu=v11.0 -mlittle-endian -mxl-soft-mul" "EXTRA_COMPILER_FLAGS=-g -ffunction-sections -fdata-sections -Wall
 -Wextra -fno-tree-loop-distribute-patterns"

make[2]: *** [Makefile:29: ../../../lib/xgpio_g.o] Error 1
make[2]: *** Waiting for unfinished jobs....
xintc_intr.c:72:10: fatal error: xil_types.h: No such file or directory
   72 | #include "xil_types.h"
      |          ^~~~~~~~~~~~~
compilation terminated.
In file included from xspi.c:89:
xspi.h:299:10: fatal error: xil_types.h: No such file or directory
  299 | #include "xil_types.h"
      |          ^~~~~~~~~~~~~
compilation terminated.
make[2]: *** [Makefile:29: ../../../lib/xintc_intr.o] Error 1
make[2]: *** Waiting for unfinished jobs....
make[2]: *** [Makefile:29: ../../../lib/xspi.o] Error 1
make[2]: *** Waiting for unfinished jobs....
In file included from xgpio.c:48:
xgpio.h:112:10: fatal error: xil_types.h: No such file or directory
  112 | #include "xil_types.h"
      |          ^~~~~~~~~~~~~
compilation terminated.
make[2]: *** [Makefile:29: ../../../lib/xgpio.o] Error 1
In file included from xintc_g.c:17:
xintc.h:217:10: fatal error: xil_types.h: No such file or directory
  217 | #include "xil_types.h"
      |          ^~~~~~~~~~~~~
compilation terminated.
make[1]: *** [Makefile:46: microblaze_0/libsrc/gpio_v4_8/src/make.libs] Error 2
make[2]: *** [Makefile:29: ../../../lib/xintc_g.o] Error 1
make[1]: *** [Makefile:46: microblaze_0/libsrc/intc_v3_13/src/make.libs] Error 2
In file included from xspi_sinit.c:31:
xspi.h:299:10: fatal error: xil_types.h: No such file or directory
  299 | #include "xil_types.h"
      |          ^~~~~~~~~~~~~
compilation terminated.
make[2]: *** [Makefile:29: ../../../lib/xspi_sinit.o] Error 1
In file included from xspi_selftest.c:39:
xspi.h:299:10: fatal error: xil_types.h: No such file or directory
  299 | #include "xil_types.h"
      |          ^~~~~~~~~~~~~
compilation terminated.
make[2]: *** [Makefile:29: ../../../lib/xspi_selftest.o] Error 1
make[1]: *** [Makefile:46: microblaze_0/libsrc/spi_v4_8/src/make.libs] Error 2
xuartlite_selftest.c:35:10: fatal error: xil_types.h: No such file or directory
   35 | #include "xil_types.h"
      |          ^~~~~~~~~~~~~
compilation terminated.
xuartlite_stats.c:31:10: fatal error: xil_types.h: No such file or directory
   31 | #include "xil_types.h"
      |          ^~~~~~~~~~~~~
compilation terminated.
In file included from xuartlite_intr.c:34:
xuartlite.h:138:10: fatal error: xil_types.h: No such file or directory
  138 | #include "xil_types.h"
      |          ^~~~~~~~~~~~~
compilation terminated.
make[2]: *** [Makefile:29: ../../../lib/xuartlite_selftest.o] Error 1
make[2]: *** Waiting for unfinished jobs....
make[2]: *** [Makefile:29: ../../../lib/xuartlite_stats.o] Error 1
make[2]: *** [Makefile:29: ../../../lib/xuartlite_intr.o] Error 1
In file included from xuartlite_g.c:17:
xuartlite.h:138:10: fatal error: xil_types.h: No such file or directory
  138 | #include "xil_types.h"
      |          ^~~~~~~~~~~~~
compilation terminated.
make[2]: *** [Makefile:29: ../../../lib/xuartlite_g.o] Error 1
In file included from xuartlite_l.c:34:
xuartlite_l.h:45:10: fatal error: xil_types.h: No such file or directory
   45 | #include "xil_types.h"
      |          ^~~~~~~~~~~~~
compilation terminated.
make[2]: *** [Makefile:29: ../../../lib/xuartlite_l.o] Error 1
In file included from xuartlite.c:60:
xuartlite.h:138:10: fatal error: xil_types.h: No such file or directory
  138 | #include "xil_types.h"
      |          ^~~~~~~~~~~~~
compilation terminated.
make[2]: *** [Makefile:29: ../../../lib/xuartlite.o] Error 1
make[1]: *** [Makefile:46: microblaze_0/libsrc/uartlite_v3_6/src/make.libs] Error 2
make: *** [Makefile:19: all] Error 2
Failed to build  the bsp sources for domain - standalone_microblaze_0
Failed to generate the platform.
Reason: Failed to build  the bsp sources for domain - standalone_microblaze_0
    invoked from within
"::tcf::eval -progress {apply {{msg} {puts $msg}}} {tcf_send_command tcfchan#0 xsdb eval s es {{platform active design_1_wrapper_mk2; platform generate }}}"
    (procedure "::tcf::send_command" line 4)
    invoked from within
"tcf send_command $::xsdb::curchan xsdb eval s es [list "platform active $PLATFORM_NAME; platform generate $target"]"
    invoked from within
"if { $iswindows == 1 } {    

    set XSDB_PORT [lindex $argv 0]
    set PLATFORM_NAME [lindex $argv 1]
    set arglen [llength $argv]
    set lastind..."
    (file "C:/Xilinx/Vitis/2021.2\scripts\vitis\util\buildplatform.tcl" line 11)

20:15:03 Build Finished (took 3s.106ms)

