
*** Running vivado
    with args -log design_1_axi_gpio_0_0.vds -m64 -product Vivado -mode batch -messageDb vivado.pb -notrace -source design_1_axi_gpio_0_0.tcl



****** Vivado v2022.1 (64-bit)
  **** SW Build 3526262 on Mon Apr 18 15:48:16 MDT 2022
  **** IP Build 3524634 on Mon Apr 18 20:55:01 MDT 2022
    ** Copyright 1986-2022 Xilinx, Inc. All Rights Reserved.

source design_1_axi_gpio_0_0.tcl -notrace
create_project: Time (s): cpu = 00:00:03 ; elapsed = 00:00:13 . Memory (MB): peak = 1246.531 ; gain = 88.148
Command: synth_design -top design_1_axi_gpio_0_0 -part xc7a15tcpg236-1 -incremental_mode off -mode out_of_context
Starting synth_design
Attempting to get a license for feature 'Synthesis' and/or device 'xc7a15t'
INFO: [Common 17-349] Got license for feature 'Synthesis' and/or device 'xc7a15t'
INFO: [Device 21-403] Loading part xc7a15tcpg236-1
INFO: [Synth 8-7079] Multithreading enabled for synth_design using a maximum of 2 processes.
INFO: [Synth 8-7078] Launching helper process for spawning children vivado processes
INFO: [Synth 8-7075] Helper process launched with PID 21060
WARNING: [Synth 8-9501] generate block is allowed only inside loop and conditional generate in SystemVerilog mode [C:/Xilinx/Vivado/2022.1/data/ip/xpm/xpm_fifo/hdl/xpm_fifo.sv:4023]
---------------------------------------------------------------------------------
Starting RTL Elaboration : Time (s): cpu = 00:00:07 ; elapsed = 00:01:54 . Memory (MB): peak = 2570.879 ; gain = 395.324
---------------------------------------------------------------------------------
INFO: [Synth 8-638] synthesizing module 'design_1_axi_gpio_0_0' [c:/Users/owenm/Programming/Verilog/ADC_interface_low_HZ/ADC_interface_low_HZ.gen/sources_1/bd/design_1/ip/design_1_axi_gpio_0_0/synth/design_1_axi_gpio_0_0.vhd:89]
	Parameter C_FAMILY bound to: artix7 - type: string 
	Parameter C_S_AXI_ADDR_WIDTH bound to: 9 - type: integer 
	Parameter C_S_AXI_DATA_WIDTH bound to: 32 - type: integer 
	Parameter C_GPIO_WIDTH bound to: 32 - type: integer 
	Parameter C_GPIO2_WIDTH bound to: 1 - type: integer 
	Parameter C_ALL_INPUTS bound to: 0 - type: integer 
	Parameter C_ALL_INPUTS_2 bound to: 0 - type: integer 
	Parameter C_ALL_OUTPUTS bound to: 0 - type: integer 
	Parameter C_ALL_OUTPUTS_2 bound to: 0 - type: integer 
	Parameter C_INTERRUPT_PRESENT bound to: 0 - type: integer 
	Parameter C_DOUT_DEFAULT bound to: 32'b00000000000000000000000000000000 
	Parameter C_TRI_DEFAULT bound to: 32'b11111111111111111111111111111111 
	Parameter C_IS_DUAL bound to: 1 - type: integer 
	Parameter C_DOUT_DEFAULT_2 bound to: 32'b00000000000000000000000000000000 
	Parameter C_TRI_DEFAULT_2 bound to: 32'b11111111111111111111111111111111 
INFO: [Synth 8-3491] module 'axi_gpio' declared at 'c:/Users/owenm/Programming/Verilog/ADC_interface_low_HZ/ADC_interface_low_HZ.gen/sources_1/bd/design_1/ipshared/3ed9/hdl/axi_gpio_v2_0_vh_rfs.vhd:1265' bound to instance 'U0' of component 'axi_gpio' [c:/Users/owenm/Programming/Verilog/ADC_interface_low_HZ/ADC_interface_low_HZ.gen/sources_1/bd/design_1/ip/design_1_axi_gpio_0_0/synth/design_1_axi_gpio_0_0.vhd:179]
INFO: [Synth 8-638] synthesizing module 'axi_gpio' [c:/Users/owenm/Programming/Verilog/ADC_interface_low_HZ/ADC_interface_low_HZ.gen/sources_1/bd/design_1/ipshared/3ed9/hdl/axi_gpio_v2_0_vh_rfs.vhd:1351]
INFO: [Synth 8-638] synthesizing module 'axi_lite_ipif' [c:/Users/owenm/Programming/Verilog/ADC_interface_low_HZ/ADC_interface_low_HZ.gen/sources_1/bd/design_1/ipshared/66ea/hdl/axi_lite_ipif_v3_0_vh_rfs.vhd:2948]
INFO: [Synth 8-638] synthesizing module 'slave_attachment' [c:/Users/owenm/Programming/Verilog/ADC_interface_low_HZ/ADC_interface_low_HZ.gen/sources_1/bd/design_1/ipshared/66ea/hdl/axi_lite_ipif_v3_0_vh_rfs.vhd:2341]
INFO: [Synth 8-638] synthesizing module 'address_decoder' [c:/Users/owenm/Programming/Verilog/ADC_interface_low_HZ/ADC_interface_low_HZ.gen/sources_1/bd/design_1/ipshared/66ea/hdl/axi_lite_ipif_v3_0_vh_rfs.vhd:1775]
INFO: [Synth 8-638] synthesizing module 'pselect_f' [c:/Users/owenm/Programming/Verilog/ADC_interface_low_HZ/ADC_interface_low_HZ.gen/sources_1/bd/design_1/ipshared/66ea/hdl/axi_lite_ipif_v3_0_vh_rfs.vhd:1534]
INFO: [Synth 8-256] done synthesizing module 'pselect_f' (0#1) [c:/Users/owenm/Programming/Verilog/ADC_interface_low_HZ/ADC_interface_low_HZ.gen/sources_1/bd/design_1/ipshared/66ea/hdl/axi_lite_ipif_v3_0_vh_rfs.vhd:1534]
INFO: [Synth 8-638] synthesizing module 'pselect_f__parameterized0' [c:/Users/owenm/Programming/Verilog/ADC_interface_low_HZ/ADC_interface_low_HZ.gen/sources_1/bd/design_1/ipshared/66ea/hdl/axi_lite_ipif_v3_0_vh_rfs.vhd:1534]
INFO: [Synth 8-256] done synthesizing module 'pselect_f__parameterized0' (0#1) [c:/Users/owenm/Programming/Verilog/ADC_interface_low_HZ/ADC_interface_low_HZ.gen/sources_1/bd/design_1/ipshared/66ea/hdl/axi_lite_ipif_v3_0_vh_rfs.vhd:1534]
INFO: [Synth 8-638] synthesizing module 'pselect_f__parameterized1' [c:/Users/owenm/Programming/Verilog/ADC_interface_low_HZ/ADC_interface_low_HZ.gen/sources_1/bd/design_1/ipshared/66ea/hdl/axi_lite_ipif_v3_0_vh_rfs.vhd:1534]
INFO: [Synth 8-256] done synthesizing module 'pselect_f__parameterized1' (0#1) [c:/Users/owenm/Programming/Verilog/ADC_interface_low_HZ/ADC_interface_low_HZ.gen/sources_1/bd/design_1/ipshared/66ea/hdl/axi_lite_ipif_v3_0_vh_rfs.vhd:1534]
INFO: [Synth 8-638] synthesizing module 'pselect_f__parameterized2' [c:/Users/owenm/Programming/Verilog/ADC_interface_low_HZ/ADC_interface_low_HZ.gen/sources_1/bd/design_1/ipshared/66ea/hdl/axi_lite_ipif_v3_0_vh_rfs.vhd:1534]
INFO: [Synth 8-256] done synthesizing module 'pselect_f__parameterized2' (0#1) [c:/Users/owenm/Programming/Verilog/ADC_interface_low_HZ/ADC_interface_low_HZ.gen/sources_1/bd/design_1/ipshared/66ea/hdl/axi_lite_ipif_v3_0_vh_rfs.vhd:1534]
INFO: [Synth 8-256] done synthesizing module 'address_decoder' (0#1) [c:/Users/owenm/Programming/Verilog/ADC_interface_low_HZ/ADC_interface_low_HZ.gen/sources_1/bd/design_1/ipshared/66ea/hdl/axi_lite_ipif_v3_0_vh_rfs.vhd:1775]
INFO: [Synth 8-226] default block is never used [c:/Users/owenm/Programming/Verilog/ADC_interface_low_HZ/ADC_interface_low_HZ.gen/sources_1/bd/design_1/ipshared/66ea/hdl/axi_lite_ipif_v3_0_vh_rfs.vhd:2550]
INFO: [Synth 8-256] done synthesizing module 'slave_attachment' (0#1) [c:/Users/owenm/Programming/Verilog/ADC_interface_low_HZ/ADC_interface_low_HZ.gen/sources_1/bd/design_1/ipshared/66ea/hdl/axi_lite_ipif_v3_0_vh_rfs.vhd:2341]
INFO: [Synth 8-256] done synthesizing module 'axi_lite_ipif' (0#1) [c:/Users/owenm/Programming/Verilog/ADC_interface_low_HZ/ADC_interface_low_HZ.gen/sources_1/bd/design_1/ipshared/66ea/hdl/axi_lite_ipif_v3_0_vh_rfs.vhd:2948]
INFO: [Synth 8-638] synthesizing module 'GPIO_Core' [c:/Users/owenm/Programming/Verilog/ADC_interface_low_HZ/ADC_interface_low_HZ.gen/sources_1/bd/design_1/ipshared/3ed9/hdl/axi_gpio_v2_0_vh_rfs.vhd:178]
INFO: [Synth 8-226] default block is never used [c:/Users/owenm/Programming/Verilog/ADC_interface_low_HZ/ADC_interface_low_HZ.gen/sources_1/bd/design_1/ipshared/3ed9/hdl/axi_gpio_v2_0_vh_rfs.vhd:835]
INFO: [Synth 8-638] synthesizing module 'cdc_sync' [c:/Users/owenm/Programming/Verilog/ADC_interface_low_HZ/ADC_interface_low_HZ.gen/sources_1/bd/design_1/ipshared/ef1e/hdl/lib_cdc_v1_0_rfs.vhd:106]
	Parameter INIT bound to: 1'b0 
INFO: [Synth 8-113] binding component instance 'CROSS2_PLEVEL_IN2SCNDRY_IN_cdc_to' to cell 'FDR' [c:/Users/owenm/Programming/Verilog/ADC_interface_low_HZ/ADC_interface_low_HZ.gen/sources_1/bd/design_1/ipshared/ef1e/hdl/lib_cdc_v1_0_rfs.vhd:736]
	Parameter INIT bound to: 1'b0 
INFO: [Synth 8-113] binding component instance 'CROSS2_PLEVEL_IN2SCNDRY_IN_cdc_to' to cell 'FDR' [c:/Users/owenm/Programming/Verilog/ADC_interface_low_HZ/ADC_interface_low_HZ.gen/sources_1/bd/design_1/ipshared/ef1e/hdl/lib_cdc_v1_0_rfs.vhd:736]
	Parameter INIT bound to: 1'b0 
INFO: [Synth 8-113] binding component instance 'CROSS2_PLEVEL_IN2SCNDRY_IN_cdc_to' to cell 'FDR' [c:/Users/owenm/Programming/Verilog/ADC_interface_low_HZ/ADC_interface_low_HZ.gen/sources_1/bd/design_1/ipshared/ef1e/hdl/lib_cdc_v1_0_rfs.vhd:736]
	Parameter INIT bound to: 1'b0 
INFO: [Synth 8-113] binding component instance 'CROSS2_PLEVEL_IN2SCNDRY_IN_cdc_to' to cell 'FDR' [c:/Users/owenm/Programming/Verilog/ADC_interface_low_HZ/ADC_interface_low_HZ.gen/sources_1/bd/design_1/ipshared/ef1e/hdl/lib_cdc_v1_0_rfs.vhd:736]
	Parameter INIT bound to: 1'b0 
INFO: [Synth 8-113] binding component instance 'CROSS2_PLEVEL_IN2SCNDRY_IN_cdc_to' to cell 'FDR' [c:/Users/owenm/Programming/Verilog/ADC_interface_low_HZ/ADC_interface_low_HZ.gen/sources_1/bd/design_1/ipshared/ef1e/hdl/lib_cdc_v1_0_rfs.vhd:736]
	Parameter INIT bound to: 1'b0 
INFO: [Synth 8-113] binding component instance 'CROSS2_PLEVEL_IN2SCNDRY_IN_cdc_to' to cell 'FDR' [c:/Users/owenm/Programming/Verilog/ADC_interface_low_HZ/ADC_interface_low_HZ.gen/sources_1/bd/design_1/ipshared/ef1e/hdl/lib_cdc_v1_0_rfs.vhd:736]
	Parameter INIT bound to: 1'b0 
INFO: [Synth 8-113] binding component instance 'CROSS2_PLEVEL_IN2SCNDRY_IN_cdc_to' to cell 'FDR' [c:/Users/owenm/Programming/Verilog/ADC_interface_low_HZ/ADC_interface_low_HZ.gen/sources_1/bd/design_1/ipshared/ef1e/hdl/lib_cdc_v1_0_rfs.vhd:736]
	Parameter INIT bound to: 1'b0 
INFO: [Synth 8-113] binding component instance 'CROSS2_PLEVEL_IN2SCNDRY_IN_cdc_to' to cell 'FDR' [c:/Users/owenm/Programming/Verilog/ADC_interface_low_HZ/ADC_interface_low_HZ.gen/sources_1/bd/design_1/ipshared/ef1e/hdl/lib_cdc_v1_0_rfs.vhd:736]
	Parameter INIT bound to: 1'b0 
INFO: [Synth 8-113] binding component instance 'CROSS2_PLEVEL_IN2SCNDRY_IN_cdc_to' to cell 'FDR' [c:/Users/owenm/Programming/Verilog/ADC_interface_low_HZ/ADC_interface_low_HZ.gen/sources_1/bd/design_1/ipshared/ef1e/hdl/lib_cdc_v1_0_rfs.vhd:736]
	Parameter INIT bound to: 1'b0 
INFO: [Synth 8-113] binding component instance 'CROSS2_PLEVEL_IN2SCNDRY_IN_cdc_to' to cell 'FDR' [c:/Users/owenm/Programming/Verilog/ADC_interface_low_HZ/ADC_interface_low_HZ.gen/sources_1/bd/design_1/ipshared/ef1e/hdl/lib_cdc_v1_0_rfs.vhd:736]
	Parameter INIT bound to: 1'b0 
INFO: [Synth 8-113] binding component instance 'CROSS2_PLEVEL_IN2SCNDRY_IN_cdc_to' to cell 'FDR' [c:/Users/owenm/Programming/Verilog/ADC_interface_low_HZ/ADC_interface_low_HZ.gen/sources_1/bd/design_1/ipshared/ef1e/hdl/lib_cdc_v1_0_rfs.vhd:736]
	Parameter INIT bound to: 1'b0 
INFO: [Synth 8-113] binding component instance 'CROSS2_PLEVEL_IN2SCNDRY_IN_cdc_to' to cell 'FDR' [c:/Users/owenm/Programming/Verilog/ADC_interface_low_HZ/ADC_interface_low_HZ.gen/sources_1/bd/design_1/ipshared/ef1e/hdl/lib_cdc_v1_0_rfs.vhd:736]
	Parameter INIT bound to: 1'b0 
INFO: [Synth 8-113] binding component instance 'CROSS2_PLEVEL_IN2SCNDRY_IN_cdc_to' to cell 'FDR' [c:/Users/owenm/Programming/Verilog/ADC_interface_low_HZ/ADC_interface_low_HZ.gen/sources_1/bd/design_1/ipshared/ef1e/hdl/lib_cdc_v1_0_rfs.vhd:736]
	Parameter INIT bound to: 1'b0 
INFO: [Synth 8-113] binding component instance 'CROSS2_PLEVEL_IN2SCNDRY_IN_cdc_to' to cell 'FDR' [c:/Users/owenm/Programming/Verilog/ADC_interface_low_HZ/ADC_interface_low_HZ.gen/sources_1/bd/design_1/ipshared/ef1e/hdl/lib_cdc_v1_0_rfs.vhd:736]
	Parameter INIT bound to: 1'b0 
INFO: [Synth 8-113] binding component instance 'CROSS2_PLEVEL_IN2SCNDRY_IN_cdc_to' to cell 'FDR' [c:/Users/owenm/Programming/Verilog/ADC_interface_low_HZ/ADC_interface_low_HZ.gen/sources_1/bd/design_1/ipshared/ef1e/hdl/lib_cdc_v1_0_rfs.vhd:736]
	Parameter INIT bound to: 1'b0 
INFO: [Synth 8-113] binding component instance 'CROSS2_PLEVEL_IN2SCNDRY_IN_cdc_to' to cell 'FDR' [c:/Users/owenm/Programming/Verilog/ADC_interface_low_HZ/ADC_interface_low_HZ.gen/sources_1/bd/design_1/ipshared/ef1e/hdl/lib_cdc_v1_0_rfs.vhd:736]
	Parameter INIT bound to: 1'b0 
INFO: [Synth 8-113] binding component instance 'CROSS2_PLEVEL_IN2SCNDRY_IN_cdc_to' to cell 'FDR' [c:/Users/owenm/Programming/Verilog/ADC_interface_low_HZ/ADC_interface_low_HZ.gen/sources_1/bd/design_1/ipshared/ef1e/hdl/lib_cdc_v1_0_rfs.vhd:736]
	Parameter INIT bound to: 1'b0 
INFO: [Synth 8-113] binding component instance 'CROSS2_PLEVEL_IN2SCNDRY_IN_cdc_to' to cell 'FDR' [c:/Users/owenm/Programming/Verilog/ADC_interface_low_HZ/ADC_interface_low_HZ.gen/sources_1/bd/design_1/ipshared/ef1e/hdl/lib_cdc_v1_0_rfs.vhd:736]
	Parameter INIT bound to: 1'b0 
INFO: [Synth 8-113] binding component instance 'CROSS2_PLEVEL_IN2SCNDRY_IN_cdc_to' to cell 'FDR' [c:/Users/owenm/Programming/Verilog/ADC_interface_low_HZ/ADC_interface_low_HZ.gen/sources_1/bd/design_1/ipshared/ef1e/hdl/lib_cdc_v1_0_rfs.vhd:736]
	Parameter INIT bound to: 1'b0 
INFO: [Synth 8-113] binding component instance 'CROSS2_PLEVEL_IN2SCNDRY_IN_cdc_to' to cell 'FDR' [c:/Users/owenm/Programming/Verilog/ADC_interface_low_HZ/ADC_interface_low_HZ.gen/sources_1/bd/design_1/ipshared/ef1e/hdl/lib_cdc_v1_0_rfs.vhd:736]
	Parameter INIT bound to: 1'b0 
INFO: [Synth 8-113] binding component instance 'CROSS2_PLEVEL_IN2SCNDRY_IN_cdc_to' to cell 'FDR' [c:/Users/owenm/Programming/Verilog/ADC_interface_low_HZ/ADC_interface_low_HZ.gen/sources_1/bd/design_1/ipshared/ef1e/hdl/lib_cdc_v1_0_rfs.vhd:736]
	Parameter INIT bound to: 1'b0 
INFO: [Synth 8-113] binding component instance 'CROSS2_PLEVEL_IN2SCNDRY_IN_cdc_to' to cell 'FDR' [c:/Users/owenm/Programming/Verilog/ADC_interface_low_HZ/ADC_interface_low_HZ.gen/sources_1/bd/design_1/ipshared/ef1e/hdl/lib_cdc_v1_0_rfs.vhd:736]
	Parameter INIT bound to: 1'b0 
INFO: [Synth 8-113] binding component instance 'CROSS2_PLEVEL_IN2SCNDRY_IN_cdc_to' to cell 'FDR' [c:/Users/owenm/Programming/Verilog/ADC_interface_low_HZ/ADC_interface_low_HZ.gen/sources_1/bd/design_1/ipshared/ef1e/hdl/lib_cdc_v1_0_rfs.vhd:736]
	Parameter INIT bound to: 1'b0 
INFO: [Synth 8-113] binding component instance 'CROSS2_PLEVEL_IN2SCNDRY_IN_cdc_to' to cell 'FDR' [c:/Users/owenm/Programming/Verilog/ADC_interface_low_HZ/ADC_interface_low_HZ.gen/sources_1/bd/design_1/ipshared/ef1e/hdl/lib_cdc_v1_0_rfs.vhd:736]
	Parameter INIT bound to: 1'b0 
INFO: [Synth 8-113] binding component instance 'CROSS2_PLEVEL_IN2SCNDRY_IN_cdc_to' to cell 'FDR' [c:/Users/owenm/Programming/Verilog/ADC_interface_low_HZ/ADC_interface_low_HZ.gen/sources_1/bd/design_1/ipshared/ef1e/hdl/lib_cdc_v1_0_rfs.vhd:736]
	Parameter INIT bound to: 1'b0 
INFO: [Synth 8-113] binding component instance 'CROSS2_PLEVEL_IN2SCNDRY_IN_cdc_to' to cell 'FDR' [c:/Users/owenm/Programming/Verilog/ADC_interface_low_HZ/ADC_interface_low_HZ.gen/sources_1/bd/design_1/ipshared/ef1e/hdl/lib_cdc_v1_0_rfs.vhd:736]
	Parameter INIT bound to: 1'b0 
INFO: [Synth 8-113] binding component instance 'CROSS2_PLEVEL_IN2SCNDRY_IN_cdc_to' to cell 'FDR' [c:/Users/owenm/Programming/Verilog/ADC_interface_low_HZ/ADC_interface_low_HZ.gen/sources_1/bd/design_1/ipshared/ef1e/hdl/lib_cdc_v1_0_rfs.vhd:736]
	Parameter INIT bound to: 1'b0 
INFO: [Synth 8-113] binding component instance 'CROSS2_PLEVEL_IN2SCNDRY_IN_cdc_to' to cell 'FDR' [c:/Users/owenm/Programming/Verilog/ADC_interface_low_HZ/ADC_interface_low_HZ.gen/sources_1/bd/design_1/ipshared/ef1e/hdl/lib_cdc_v1_0_rfs.vhd:736]
	Parameter INIT bound to: 1'b0 
INFO: [Synth 8-113] binding component instance 'CROSS2_PLEVEL_IN2SCNDRY_IN_cdc_to' to cell 'FDR' [c:/Users/owenm/Programming/Verilog/ADC_interface_low_HZ/ADC_interface_low_HZ.gen/sources_1/bd/design_1/ipshared/ef1e/hdl/lib_cdc_v1_0_rfs.vhd:736]
	Parameter INIT bound to: 1'b0 
INFO: [Synth 8-113] binding component instance 'CROSS2_PLEVEL_IN2SCNDRY_IN_cdc_to' to cell 'FDR' [c:/Users/owenm/Programming/Verilog/ADC_interface_low_HZ/ADC_interface_low_HZ.gen/sources_1/bd/design_1/ipshared/ef1e/hdl/lib_cdc_v1_0_rfs.vhd:736]
	Parameter INIT bound to: 1'b0 
INFO: [Synth 8-113] binding component instance 'CROSS2_PLEVEL_IN2SCNDRY_IN_cdc_to' to cell 'FDR' [c:/Users/owenm/Programming/Verilog/ADC_interface_low_HZ/ADC_interface_low_HZ.gen/sources_1/bd/design_1/ipshared/ef1e/hdl/lib_cdc_v1_0_rfs.vhd:736]
	Parameter INIT bound to: 1'b0 
INFO: [Synth 8-113] binding component instance 'CROSS2_PLEVEL_IN2SCNDRY_IN_cdc_to' to cell 'FDR' [c:/Users/owenm/Programming/Verilog/ADC_interface_low_HZ/ADC_interface_low_HZ.gen/sources_1/bd/design_1/ipshared/ef1e/hdl/lib_cdc_v1_0_rfs.vhd:736]
	Parameter INIT bound to: 1'b0 
INFO: [Synth 8-113] binding component instance 'CROSS2_PLEVEL_IN2SCNDRY_s_level_out_bus_d2' to cell 'FDR' [c:/Users/owenm/Programming/Verilog/ADC_interface_low_HZ/ADC_interface_low_HZ.gen/sources_1/bd/design_1/ipshared/ef1e/hdl/lib_cdc_v1_0_rfs.vhd:772]
	Parameter INIT bound to: 1'b0 
INFO: [Synth 8-113] binding component instance 'CROSS2_PLEVEL_IN2SCNDRY_s_level_out_bus_d2' to cell 'FDR' [c:/Users/owenm/Programming/Verilog/ADC_interface_low_HZ/ADC_interface_low_HZ.gen/sources_1/bd/design_1/ipshared/ef1e/hdl/lib_cdc_v1_0_rfs.vhd:772]
	Parameter INIT bound to: 1'b0 
INFO: [Synth 8-113] binding component instance 'CROSS2_PLEVEL_IN2SCNDRY_s_level_out_bus_d2' to cell 'FDR' [c:/Users/owenm/Programming/Verilog/ADC_interface_low_HZ/ADC_interface_low_HZ.gen/sources_1/bd/design_1/ipshared/ef1e/hdl/lib_cdc_v1_0_rfs.vhd:772]
	Parameter INIT bound to: 1'b0 
INFO: [Synth 8-113] binding component instance 'CROSS2_PLEVEL_IN2SCNDRY_s_level_out_bus_d2' to cell 'FDR' [c:/Users/owenm/Programming/Verilog/ADC_interface_low_HZ/ADC_interface_low_HZ.gen/sources_1/bd/design_1/ipshared/ef1e/hdl/lib_cdc_v1_0_rfs.vhd:772]
	Parameter INIT bound to: 1'b0 
INFO: [Synth 8-113] binding component instance 'CROSS2_PLEVEL_IN2SCNDRY_s_level_out_bus_d2' to cell 'FDR' [c:/Users/owenm/Programming/Verilog/ADC_interface_low_HZ/ADC_interface_low_HZ.gen/sources_1/bd/design_1/ipshared/ef1e/hdl/lib_cdc_v1_0_rfs.vhd:772]
	Parameter INIT bound to: 1'b0 
INFO: [Synth 8-113] binding component instance 'CROSS2_PLEVEL_IN2SCNDRY_s_level_out_bus_d2' to cell 'FDR' [c:/Users/owenm/Programming/Verilog/ADC_interface_low_HZ/ADC_interface_low_HZ.gen/sources_1/bd/design_1/ipshared/ef1e/hdl/lib_cdc_v1_0_rfs.vhd:772]
	Parameter INIT bound to: 1'b0 
INFO: [Synth 8-113] binding component instance 'CROSS2_PLEVEL_IN2SCNDRY_s_level_out_bus_d2' to cell 'FDR' [c:/Users/owenm/Programming/Verilog/ADC_interface_low_HZ/ADC_interface_low_HZ.gen/sources_1/bd/design_1/ipshared/ef1e/hdl/lib_cdc_v1_0_rfs.vhd:772]
	Parameter INIT bound to: 1'b0 
INFO: [Synth 8-113] binding component instance 'CROSS2_PLEVEL_IN2SCNDRY_s_level_out_bus_d2' to cell 'FDR' [c:/Users/owenm/Programming/Verilog/ADC_interface_low_HZ/ADC_interface_low_HZ.gen/sources_1/bd/design_1/ipshared/ef1e/hdl/lib_cdc_v1_0_rfs.vhd:772]
	Parameter INIT bound to: 1'b0 
INFO: [Synth 8-113] binding component instance 'CROSS2_PLEVEL_IN2SCNDRY_s_level_out_bus_d2' to cell 'FDR' [c:/Users/owenm/Programming/Verilog/ADC_interface_low_HZ/ADC_interface_low_HZ.gen/sources_1/bd/design_1/ipshared/ef1e/hdl/lib_cdc_v1_0_rfs.vhd:772]
	Parameter INIT bound to: 1'b0 
INFO: [Synth 8-113] binding component instance 'CROSS2_PLEVEL_IN2SCNDRY_s_level_out_bus_d2' to cell 'FDR' [c:/Users/owenm/Programming/Verilog/ADC_interface_low_HZ/ADC_interface_low_HZ.gen/sources_1/bd/design_1/ipshared/ef1e/hdl/lib_cdc_v1_0_rfs.vhd:772]
	Parameter INIT bound to: 1'b0 
INFO: [Synth 8-113] binding component instance 'CROSS2_PLEVEL_IN2SCNDRY_s_level_out_bus_d2' to cell 'FDR' [c:/Users/owenm/Programming/Verilog/ADC_interface_low_HZ/ADC_interface_low_HZ.gen/sources_1/bd/design_1/ipshared/ef1e/hdl/lib_cdc_v1_0_rfs.vhd:772]
	Parameter INIT bound to: 1'b0 
INFO: [Synth 8-113] binding component instance 'CROSS2_PLEVEL_IN2SCNDRY_s_level_out_bus_d2' to cell 'FDR' [c:/Users/owenm/Programming/Verilog/ADC_interface_low_HZ/ADC_interface_low_HZ.gen/sources_1/bd/design_1/ipshared/ef1e/hdl/lib_cdc_v1_0_rfs.vhd:772]
	Parameter INIT bound to: 1'b0 
INFO: [Synth 8-113] binding component instance 'CROSS2_PLEVEL_IN2SCNDRY_s_level_out_bus_d2' to cell 'FDR' [c:/Users/owenm/Programming/Verilog/ADC_interface_low_HZ/ADC_interface_low_HZ.gen/sources_1/bd/design_1/ipshared/ef1e/hdl/lib_cdc_v1_0_rfs.vhd:772]
	Parameter INIT bound to: 1'b0 
INFO: [Synth 8-113] binding component instance 'CROSS2_PLEVEL_IN2SCNDRY_s_level_out_bus_d2' to cell 'FDR' [c:/Users/owenm/Programming/Verilog/ADC_interface_low_HZ/ADC_interface_low_HZ.gen/sources_1/bd/design_1/ipshared/ef1e/hdl/lib_cdc_v1_0_rfs.vhd:772]
	Parameter INIT bound to: 1'b0 
INFO: [Synth 8-113] binding component instance 'CROSS2_PLEVEL_IN2SCNDRY_s_level_out_bus_d2' to cell 'FDR' [c:/Users/owenm/Programming/Verilog/ADC_interface_low_HZ/ADC_interface_low_HZ.gen/sources_1/bd/design_1/ipshared/ef1e/hdl/lib_cdc_v1_0_rfs.vhd:772]
	Parameter INIT bound to: 1'b0 
INFO: [Synth 8-113] binding component instance 'CROSS2_PLEVEL_IN2SCNDRY_s_level_out_bus_d2' to cell 'FDR' [c:/Users/owenm/Programming/Verilog/ADC_interface_low_HZ/ADC_interface_low_HZ.gen/sources_1/bd/design_1/ipshared/ef1e/hdl/lib_cdc_v1_0_rfs.vhd:772]
	Parameter INIT bound to: 1'b0 
INFO: [Synth 8-113] binding component instance 'CROSS2_PLEVEL_IN2SCNDRY_s_level_out_bus_d2' to cell 'FDR' [c:/Users/owenm/Programming/Verilog/ADC_interface_low_HZ/ADC_interface_low_HZ.gen/sources_1/bd/design_1/ipshared/ef1e/hdl/lib_cdc_v1_0_rfs.vhd:772]
	Parameter INIT bound to: 1'b0 
INFO: [Synth 8-113] binding component instance 'CROSS2_PLEVEL_IN2SCNDRY_s_level_out_bus_d2' to cell 'FDR' [c:/Users/owenm/Programming/Verilog/ADC_interface_low_HZ/ADC_interface_low_HZ.gen/sources_1/bd/design_1/ipshared/ef1e/hdl/lib_cdc_v1_0_rfs.vhd:772]
	Parameter INIT bound to: 1'b0 
INFO: [Synth 8-113] binding component instance 'CROSS2_PLEVEL_IN2SCNDRY_s_level_out_bus_d2' to cell 'FDR' [c:/Users/owenm/Programming/Verilog/ADC_interface_low_HZ/ADC_interface_low_HZ.gen/sources_1/bd/design_1/ipshared/ef1e/hdl/lib_cdc_v1_0_rfs.vhd:772]
	Parameter INIT bound to: 1'b0 
INFO: [Synth 8-113] binding component instance 'CROSS2_PLEVEL_IN2SCNDRY_s_level_out_bus_d2' to cell 'FDR' [c:/Users/owenm/Programming/Verilog/ADC_interface_low_HZ/ADC_interface_low_HZ.gen/sources_1/bd/design_1/ipshared/ef1e/hdl/lib_cdc_v1_0_rfs.vhd:772]
	Parameter INIT bound to: 1'b0 
INFO: [Synth 8-113] binding component instance 'CROSS2_PLEVEL_IN2SCNDRY_s_level_out_bus_d2' to cell 'FDR' [c:/Users/owenm/Programming/Verilog/ADC_interface_low_HZ/ADC_interface_low_HZ.gen/sources_1/bd/design_1/ipshared/ef1e/hdl/lib_cdc_v1_0_rfs.vhd:772]
	Parameter INIT bound to: 1'b0 
INFO: [Synth 8-113] binding component instance 'CROSS2_PLEVEL_IN2SCNDRY_s_level_out_bus_d2' to cell 'FDR' [c:/Users/owenm/Programming/Verilog/ADC_interface_low_HZ/ADC_interface_low_HZ.gen/sources_1/bd/design_1/ipshared/ef1e/hdl/lib_cdc_v1_0_rfs.vhd:772]
	Parameter INIT bound to: 1'b0 
INFO: [Synth 8-113] binding component instance 'CROSS2_PLEVEL_IN2SCNDRY_s_level_out_bus_d2' to cell 'FDR' [c:/Users/owenm/Programming/Verilog/ADC_interface_low_HZ/ADC_interface_low_HZ.gen/sources_1/bd/design_1/ipshared/ef1e/hdl/lib_cdc_v1_0_rfs.vhd:772]
	Parameter INIT bound to: 1'b0 
INFO: [Synth 8-113] binding component instance 'CROSS2_PLEVEL_IN2SCNDRY_s_level_out_bus_d2' to cell 'FDR' [c:/Users/owenm/Programming/Verilog/ADC_interface_low_HZ/ADC_interface_low_HZ.gen/sources_1/bd/design_1/ipshared/ef1e/hdl/lib_cdc_v1_0_rfs.vhd:772]
	Parameter INIT bound to: 1'b0 
INFO: [Synth 8-113] binding component instance 'CROSS2_PLEVEL_IN2SCNDRY_s_level_out_bus_d2' to cell 'FDR' [c:/Users/owenm/Programming/Verilog/ADC_interface_low_HZ/ADC_interface_low_HZ.gen/sources_1/bd/design_1/ipshared/ef1e/hdl/lib_cdc_v1_0_rfs.vhd:772]
	Parameter INIT bound to: 1'b0 
INFO: [Synth 8-113] binding component instance 'CROSS2_PLEVEL_IN2SCNDRY_s_level_out_bus_d2' to cell 'FDR' [c:/Users/owenm/Programming/Verilog/ADC_interface_low_HZ/ADC_interface_low_HZ.gen/sources_1/bd/design_1/ipshared/ef1e/hdl/lib_cdc_v1_0_rfs.vhd:772]
	Parameter INIT bound to: 1'b0 
INFO: [Synth 8-113] binding component instance 'CROSS2_PLEVEL_IN2SCNDRY_s_level_out_bus_d2' to cell 'FDR' [c:/Users/owenm/Programming/Verilog/ADC_interface_low_HZ/ADC_interface_low_HZ.gen/sources_1/bd/design_1/ipshared/ef1e/hdl/lib_cdc_v1_0_rfs.vhd:772]
	Parameter INIT bound to: 1'b0 
INFO: [Synth 8-113] binding component instance 'CROSS2_PLEVEL_IN2SCNDRY_s_level_out_bus_d2' to cell 'FDR' [c:/Users/owenm/Programming/Verilog/ADC_interface_low_HZ/ADC_interface_low_HZ.gen/sources_1/bd/design_1/ipshared/ef1e/hdl/lib_cdc_v1_0_rfs.vhd:772]
	Parameter INIT bound to: 1'b0 
INFO: [Synth 8-113] binding component instance 'CROSS2_PLEVEL_IN2SCNDRY_s_level_out_bus_d2' to cell 'FDR' [c:/Users/owenm/Programming/Verilog/ADC_interface_low_HZ/ADC_interface_low_HZ.gen/sources_1/bd/design_1/ipshared/ef1e/hdl/lib_cdc_v1_0_rfs.vhd:772]
	Parameter INIT bound to: 1'b0 
INFO: [Synth 8-113] binding component instance 'CROSS2_PLEVEL_IN2SCNDRY_s_level_out_bus_d2' to cell 'FDR' [c:/Users/owenm/Programming/Verilog/ADC_interface_low_HZ/ADC_interface_low_HZ.gen/sources_1/bd/design_1/ipshared/ef1e/hdl/lib_cdc_v1_0_rfs.vhd:772]
	Parameter INIT bound to: 1'b0 
INFO: [Synth 8-113] binding component instance 'CROSS2_PLEVEL_IN2SCNDRY_s_level_out_bus_d2' to cell 'FDR' [c:/Users/owenm/Programming/Verilog/ADC_interface_low_HZ/ADC_interface_low_HZ.gen/sources_1/bd/design_1/ipshared/ef1e/hdl/lib_cdc_v1_0_rfs.vhd:772]
	Parameter INIT bound to: 1'b0 
INFO: [Synth 8-113] binding component instance 'CROSS2_PLEVEL_IN2SCNDRY_s_level_out_bus_d2' to cell 'FDR' [c:/Users/owenm/Programming/Verilog/ADC_interface_low_HZ/ADC_interface_low_HZ.gen/sources_1/bd/design_1/ipshared/ef1e/hdl/lib_cdc_v1_0_rfs.vhd:772]
	Parameter INIT bound to: 1'b0 
INFO: [Synth 8-113] binding component instance 'CROSS2_PLEVEL_IN2SCNDRY_s_level_out_bus_d3' to cell 'FDR' [c:/Users/owenm/Programming/Verilog/ADC_interface_low_HZ/ADC_interface_low_HZ.gen/sources_1/bd/design_1/ipshared/ef1e/hdl/lib_cdc_v1_0_rfs.vhd:788]
	Parameter INIT bound to: 1'b0 
INFO: [Synth 8-113] binding component instance 'CROSS2_PLEVEL_IN2SCNDRY_s_level_out_bus_d3' to cell 'FDR' [c:/Users/owenm/Programming/Verilog/ADC_interface_low_HZ/ADC_interface_low_HZ.gen/sources_1/bd/design_1/ipshared/ef1e/hdl/lib_cdc_v1_0_rfs.vhd:788]
	Parameter INIT bound to: 1'b0 
INFO: [Synth 8-113] binding component instance 'CROSS2_PLEVEL_IN2SCNDRY_s_level_out_bus_d3' to cell 'FDR' [c:/Users/owenm/Programming/Verilog/ADC_interface_low_HZ/ADC_interface_low_HZ.gen/sources_1/bd/design_1/ipshared/ef1e/hdl/lib_cdc_v1_0_rfs.vhd:788]
	Parameter INIT bound to: 1'b0 
INFO: [Synth 8-113] binding component instance 'CROSS2_PLEVEL_IN2SCNDRY_s_level_out_bus_d3' to cell 'FDR' [c:/Users/owenm/Programming/Verilog/ADC_interface_low_HZ/ADC_interface_low_HZ.gen/sources_1/bd/design_1/ipshared/ef1e/hdl/lib_cdc_v1_0_rfs.vhd:788]
	Parameter INIT bound to: 1'b0 
INFO: [Synth 8-113] binding component instance 'CROSS2_PLEVEL_IN2SCNDRY_s_level_out_bus_d3' to cell 'FDR' [c:/Users/owenm/Programming/Verilog/ADC_interface_low_HZ/ADC_interface_low_HZ.gen/sources_1/bd/design_1/ipshared/ef1e/hdl/lib_cdc_v1_0_rfs.vhd:788]
	Parameter INIT bound to: 1'b0 
INFO: [Synth 8-113] binding component instance 'CROSS2_PLEVEL_IN2SCNDRY_s_level_out_bus_d3' to cell 'FDR' [c:/Users/owenm/Programming/Verilog/ADC_interface_low_HZ/ADC_interface_low_HZ.gen/sources_1/bd/design_1/ipshared/ef1e/hdl/lib_cdc_v1_0_rfs.vhd:788]
	Parameter INIT bound to: 1'b0 
INFO: [Synth 8-113] binding component instance 'CROSS2_PLEVEL_IN2SCNDRY_s_level_out_bus_d3' to cell 'FDR' [c:/Users/owenm/Programming/Verilog/ADC_interface_low_HZ/ADC_interface_low_HZ.gen/sources_1/bd/design_1/ipshared/ef1e/hdl/lib_cdc_v1_0_rfs.vhd:788]
	Parameter INIT bound to: 1'b0 
INFO: [Synth 8-113] binding component instance 'CROSS2_PLEVEL_IN2SCNDRY_s_level_out_bus_d3' to cell 'FDR' [c:/Users/owenm/Programming/Verilog/ADC_interface_low_HZ/ADC_interface_low_HZ.gen/sources_1/bd/design_1/ipshared/ef1e/hdl/lib_cdc_v1_0_rfs.vhd:788]
	Parameter INIT bound to: 1'b0 
INFO: [Synth 8-113] binding component instance 'CROSS2_PLEVEL_IN2SCNDRY_s_level_out_bus_d3' to cell 'FDR' [c:/Users/owenm/Programming/Verilog/ADC_interface_low_HZ/ADC_interface_low_HZ.gen/sources_1/bd/design_1/ipshared/ef1e/hdl/lib_cdc_v1_0_rfs.vhd:788]
	Parameter INIT bound to: 1'b0 
INFO: [Synth 8-113] binding component instance 'CROSS2_PLEVEL_IN2SCNDRY_s_level_out_bus_d3' to cell 'FDR' [c:/Users/owenm/Programming/Verilog/ADC_interface_low_HZ/ADC_interface_low_HZ.gen/sources_1/bd/design_1/ipshared/ef1e/hdl/lib_cdc_v1_0_rfs.vhd:788]
	Parameter INIT bound to: 1'b0 
INFO: [Synth 8-113] binding component instance 'CROSS2_PLEVEL_IN2SCNDRY_s_level_out_bus_d3' to cell 'FDR' [c:/Users/owenm/Programming/Verilog/ADC_interface_low_HZ/ADC_interface_low_HZ.gen/sources_1/bd/design_1/ipshared/ef1e/hdl/lib_cdc_v1_0_rfs.vhd:788]
	Parameter INIT bound to: 1'b0 
INFO: [Synth 8-113] binding component instance 'CROSS2_PLEVEL_IN2SCNDRY_s_level_out_bus_d3' to cell 'FDR' [c:/Users/owenm/Programming/Verilog/ADC_interface_low_HZ/ADC_interface_low_HZ.gen/sources_1/bd/design_1/ipshared/ef1e/hdl/lib_cdc_v1_0_rfs.vhd:788]
	Parameter INIT bound to: 1'b0 
INFO: [Synth 8-113] binding component instance 'CROSS2_PLEVEL_IN2SCNDRY_s_level_out_bus_d3' to cell 'FDR' [c:/Users/owenm/Programming/Verilog/ADC_interface_low_HZ/ADC_interface_low_HZ.gen/sources_1/bd/design_1/ipshared/ef1e/hdl/lib_cdc_v1_0_rfs.vhd:788]
	Parameter INIT bound to: 1'b0 
INFO: [Synth 8-113] binding component instance 'CROSS2_PLEVEL_IN2SCNDRY_s_level_out_bus_d3' to cell 'FDR' [c:/Users/owenm/Programming/Verilog/ADC_interface_low_HZ/ADC_interface_low_HZ.gen/sources_1/bd/design_1/ipshared/ef1e/hdl/lib_cdc_v1_0_rfs.vhd:788]
	Parameter INIT bound to: 1'b0 
INFO: [Synth 8-113] binding component instance 'CROSS2_PLEVEL_IN2SCNDRY_s_level_out_bus_d3' to cell 'FDR' [c:/Users/owenm/Programming/Verilog/ADC_interface_low_HZ/ADC_interface_low_HZ.gen/sources_1/bd/design_1/ipshared/ef1e/hdl/lib_cdc_v1_0_rfs.vhd:788]
	Parameter INIT bound to: 1'b0 
INFO: [Synth 8-113] binding component instance 'CROSS2_PLEVEL_IN2SCNDRY_s_level_out_bus_d3' to cell 'FDR' [c:/Users/owenm/Programming/Verilog/ADC_interface_low_HZ/ADC_interface_low_HZ.gen/sources_1/bd/design_1/ipshared/ef1e/hdl/lib_cdc_v1_0_rfs.vhd:788]
	Parameter INIT bound to: 1'b0 
INFO: [Synth 8-113] binding component instance 'CROSS2_PLEVEL_IN2SCNDRY_s_level_out_bus_d3' to cell 'FDR' [c:/Users/owenm/Programming/Verilog/ADC_interface_low_HZ/ADC_interface_low_HZ.gen/sources_1/bd/design_1/ipshared/ef1e/hdl/lib_cdc_v1_0_rfs.vhd:788]
	Parameter INIT bound to: 1'b0 
INFO: [Synth 8-113] binding component instance 'CROSS2_PLEVEL_IN2SCNDRY_s_level_out_bus_d3' to cell 'FDR' [c:/Users/owenm/Programming/Verilog/ADC_interface_low_HZ/ADC_interface_low_HZ.gen/sources_1/bd/design_1/ipshared/ef1e/hdl/lib_cdc_v1_0_rfs.vhd:788]
	Parameter INIT bound to: 1'b0 
INFO: [Synth 8-113] binding component instance 'CROSS2_PLEVEL_IN2SCNDRY_s_level_out_bus_d3' to cell 'FDR' [c:/Users/owenm/Programming/Verilog/ADC_interface_low_HZ/ADC_interface_low_HZ.gen/sources_1/bd/design_1/ipshared/ef1e/hdl/lib_cdc_v1_0_rfs.vhd:788]
	Parameter INIT bound to: 1'b0 
INFO: [Synth 8-113] binding component instance 'CROSS2_PLEVEL_IN2SCNDRY_s_level_out_bus_d3' to cell 'FDR' [c:/Users/owenm/Programming/Verilog/ADC_interface_low_HZ/ADC_interface_low_HZ.gen/sources_1/bd/design_1/ipshared/ef1e/hdl/lib_cdc_v1_0_rfs.vhd:788]
	Parameter INIT bound to: 1'b0 
INFO: [Synth 8-113] binding component instance 'CROSS2_PLEVEL_IN2SCNDRY_s_level_out_bus_d3' to cell 'FDR' [c:/Users/owenm/Programming/Verilog/ADC_interface_low_HZ/ADC_interface_low_HZ.gen/sources_1/bd/design_1/ipshared/ef1e/hdl/lib_cdc_v1_0_rfs.vhd:788]
	Parameter INIT bound to: 1'b0 
INFO: [Synth 8-113] binding component instance 'CROSS2_PLEVEL_IN2SCNDRY_s_level_out_bus_d3' to cell 'FDR' [c:/Users/owenm/Programming/Verilog/ADC_interface_low_HZ/ADC_interface_low_HZ.gen/sources_1/bd/design_1/ipshared/ef1e/hdl/lib_cdc_v1_0_rfs.vhd:788]
	Parameter INIT bound to: 1'b0 
INFO: [Synth 8-113] binding component instance 'CROSS2_PLEVEL_IN2SCNDRY_s_level_out_bus_d3' to cell 'FDR' [c:/Users/owenm/Programming/Verilog/ADC_interface_low_HZ/ADC_interface_low_HZ.gen/sources_1/bd/design_1/ipshared/ef1e/hdl/lib_cdc_v1_0_rfs.vhd:788]
	Parameter INIT bound to: 1'b0 
INFO: [Synth 8-113] binding component instance 'CROSS2_PLEVEL_IN2SCNDRY_s_level_out_bus_d3' to cell 'FDR' [c:/Users/owenm/Programming/Verilog/ADC_interface_low_HZ/ADC_interface_low_HZ.gen/sources_1/bd/design_1/ipshared/ef1e/hdl/lib_cdc_v1_0_rfs.vhd:788]
	Parameter INIT bound to: 1'b0 
INFO: [Synth 8-113] binding component instance 'CROSS2_PLEVEL_IN2SCNDRY_s_level_out_bus_d3' to cell 'FDR' [c:/Users/owenm/Programming/Verilog/ADC_interface_low_HZ/ADC_interface_low_HZ.gen/sources_1/bd/design_1/ipshared/ef1e/hdl/lib_cdc_v1_0_rfs.vhd:788]
	Parameter INIT bound to: 1'b0 
INFO: [Synth 8-113] binding component instance 'CROSS2_PLEVEL_IN2SCNDRY_s_level_out_bus_d3' to cell 'FDR' [c:/Users/owenm/Programming/Verilog/ADC_interface_low_HZ/ADC_interface_low_HZ.gen/sources_1/bd/design_1/ipshared/ef1e/hdl/lib_cdc_v1_0_rfs.vhd:788]
	Parameter INIT bound to: 1'b0 
INFO: [Synth 8-113] binding component instance 'CROSS2_PLEVEL_IN2SCNDRY_s_level_out_bus_d3' to cell 'FDR' [c:/Users/owenm/Programming/Verilog/ADC_interface_low_HZ/ADC_interface_low_HZ.gen/sources_1/bd/design_1/ipshared/ef1e/hdl/lib_cdc_v1_0_rfs.vhd:788]
	Parameter INIT bound to: 1'b0 
INFO: [Synth 8-113] binding component instance 'CROSS2_PLEVEL_IN2SCNDRY_s_level_out_bus_d3' to cell 'FDR' [c:/Users/owenm/Programming/Verilog/ADC_interface_low_HZ/ADC_interface_low_HZ.gen/sources_1/bd/design_1/ipshared/ef1e/hdl/lib_cdc_v1_0_rfs.vhd:788]
	Parameter INIT bound to: 1'b0 
INFO: [Synth 8-113] binding component instance 'CROSS2_PLEVEL_IN2SCNDRY_s_level_out_bus_d3' to cell 'FDR' [c:/Users/owenm/Programming/Verilog/ADC_interface_low_HZ/ADC_interface_low_HZ.gen/sources_1/bd/design_1/ipshared/ef1e/hdl/lib_cdc_v1_0_rfs.vhd:788]
	Parameter INIT bound to: 1'b0 
INFO: [Synth 8-113] binding component instance 'CROSS2_PLEVEL_IN2SCNDRY_s_level_out_bus_d3' to cell 'FDR' [c:/Users/owenm/Programming/Verilog/ADC_interface_low_HZ/ADC_interface_low_HZ.gen/sources_1/bd/design_1/ipshared/ef1e/hdl/lib_cdc_v1_0_rfs.vhd:788]
	Parameter INIT bound to: 1'b0 
INFO: [Synth 8-113] binding component instance 'CROSS2_PLEVEL_IN2SCNDRY_s_level_out_bus_d3' to cell 'FDR' [c:/Users/owenm/Programming/Verilog/ADC_interface_low_HZ/ADC_interface_low_HZ.gen/sources_1/bd/design_1/ipshared/ef1e/hdl/lib_cdc_v1_0_rfs.vhd:788]
	Parameter INIT bound to: 1'b0 
INFO: [Synth 8-113] binding component instance 'CROSS2_PLEVEL_IN2SCNDRY_s_level_out_bus_d3' to cell 'FDR' [c:/Users/owenm/Programming/Verilog/ADC_interface_low_HZ/ADC_interface_low_HZ.gen/sources_1/bd/design_1/ipshared/ef1e/hdl/lib_cdc_v1_0_rfs.vhd:788]
	Parameter INIT bound to: 1'b0 
INFO: [Synth 8-113] binding component instance 'CROSS2_PLEVEL_IN2SCNDRY_s_level_out_bus_d4' to cell 'FDR' [c:/Users/owenm/Programming/Verilog/ADC_interface_low_HZ/ADC_interface_low_HZ.gen/sources_1/bd/design_1/ipshared/ef1e/hdl/lib_cdc_v1_0_rfs.vhd:804]
	Parameter INIT bound to: 1'b0 
INFO: [Synth 8-113] binding component instance 'CROSS2_PLEVEL_IN2SCNDRY_s_level_out_bus_d4' to cell 'FDR' [c:/Users/owenm/Programming/Verilog/ADC_interface_low_HZ/ADC_interface_low_HZ.gen/sources_1/bd/design_1/ipshared/ef1e/hdl/lib_cdc_v1_0_rfs.vhd:804]
	Parameter INIT bound to: 1'b0 
INFO: [Synth 8-113] binding component instance 'CROSS2_PLEVEL_IN2SCNDRY_s_level_out_bus_d4' to cell 'FDR' [c:/Users/owenm/Programming/Verilog/ADC_interface_low_HZ/ADC_interface_low_HZ.gen/sources_1/bd/design_1/ipshared/ef1e/hdl/lib_cdc_v1_0_rfs.vhd:804]
	Parameter INIT bound to: 1'b0 
INFO: [Synth 8-113] binding component instance 'CROSS2_PLEVEL_IN2SCNDRY_s_level_out_bus_d4' to cell 'FDR' [c:/Users/owenm/Programming/Verilog/ADC_interface_low_HZ/ADC_interface_low_HZ.gen/sources_1/bd/design_1/ipshared/ef1e/hdl/lib_cdc_v1_0_rfs.vhd:804]
INFO: [Common 17-14] Message 'Synth 8-113' appears 100 times and further instances of the messages will be disabled. Use the Tcl command set_msg_config to change the current settings.
	Parameter INIT bound to: 1'b0 
	Parameter INIT bound to: 1'b0 
	Parameter INIT bound to: 1'b0 
	Parameter INIT bound to: 1'b0 
	Parameter INIT bound to: 1'b0 
	Parameter INIT bound to: 1'b0 
	Parameter INIT bound to: 1'b0 
	Parameter INIT bound to: 1'b0 
	Parameter INIT bound to: 1'b0 
	Parameter INIT bound to: 1'b0 
	Parameter INIT bound to: 1'b0 
	Parameter INIT bound to: 1'b0 
	Parameter INIT bound to: 1'b0 
	Parameter INIT bound to: 1'b0 
	Parameter INIT bound to: 1'b0 
	Parameter INIT bound to: 1'b0 
	Parameter INIT bound to: 1'b0 
	Parameter INIT bound to: 1'b0 
	Parameter INIT bound to: 1'b0 
	Parameter INIT bound to: 1'b0 
	Parameter INIT bound to: 1'b0 
	Parameter INIT bound to: 1'b0 
	Parameter INIT bound to: 1'b0 
	Parameter INIT bound to: 1'b0 
	Parameter INIT bound to: 1'b0 
	Parameter INIT bound to: 1'b0 
	Parameter INIT bound to: 1'b0 
	Parameter INIT bound to: 1'b0 
	Parameter INIT bound to: 1'b0 
	Parameter INIT bound to: 1'b0 
	Parameter INIT bound to: 1'b0 
	Parameter INIT bound to: 1'b0 
	Parameter INIT bound to: 1'b0 
	Parameter INIT bound to: 1'b0 
	Parameter INIT bound to: 1'b0 
	Parameter INIT bound to: 1'b0 
	Parameter INIT bound to: 1'b0 
	Parameter INIT bound to: 1'b0 
	Parameter INIT bound to: 1'b0 
	Parameter INIT bound to: 1'b0 
	Parameter INIT bound to: 1'b0 
	Parameter INIT bound to: 1'b0 
	Parameter INIT bound to: 1'b0 
	Parameter INIT bound to: 1'b0 
	Parameter INIT bound to: 1'b0 
	Parameter INIT bound to: 1'b0 
	Parameter INIT bound to: 1'b0 
	Parameter INIT bound to: 1'b0 
	Parameter INIT bound to: 1'b0 
	Parameter INIT bound to: 1'b0 
	Parameter INIT bound to: 1'b0 
	Parameter INIT bound to: 1'b0 
	Parameter INIT bound to: 1'b0 
	Parameter INIT bound to: 1'b0 
	Parameter INIT bound to: 1'b0 
	Parameter INIT bound to: 1'b0 
	Parameter INIT bound to: 1'b0 
	Parameter INIT bound to: 1'b0 
	Parameter INIT bound to: 1'b0 
	Parameter INIT bound to: 1'b0 
	Parameter INIT bound to: 1'b0 
	Parameter INIT bound to: 1'b0 
	Parameter INIT bound to: 1'b0 
	Parameter INIT bound to: 1'b0 
	Parameter INIT bound to: 1'b0 
	Parameter INIT bound to: 1'b0 
	Parameter INIT bound to: 1'b0 
	Parameter INIT bound to: 1'b0 
	Parameter INIT bound to: 1'b0 
	Parameter INIT bound to: 1'b0 
	Parameter INIT bound to: 1'b0 
	Parameter INIT bound to: 1'b0 
	Parameter INIT bound to: 1'b0 
	Parameter INIT bound to: 1'b0 
	Parameter INIT bound to: 1'b0 
	Parameter INIT bound to: 1'b0 
	Parameter INIT bound to: 1'b0 
	Parameter INIT bound to: 1'b0 
	Parameter INIT bound to: 1'b0 
	Parameter INIT bound to: 1'b0 
	Parameter INIT bound to: 1'b0 
	Parameter INIT bound to: 1'b0 
	Parameter INIT bound to: 1'b0 
	Parameter INIT bound to: 1'b0 
	Parameter INIT bound to: 1'b0 
	Parameter INIT bound to: 1'b0 
	Parameter INIT bound to: 1'b0 
	Parameter INIT bound to: 1'b0 
	Parameter INIT bound to: 1'b0 
	Parameter INIT bound to: 1'b0 
	Parameter INIT bound to: 1'b0 
	Parameter INIT bound to: 1'b0 
INFO: [Synth 8-256] done synthesizing module 'cdc_sync' (0#1) [c:/Users/owenm/Programming/Verilog/ADC_interface_low_HZ/ADC_interface_low_HZ.gen/sources_1/bd/design_1/ipshared/ef1e/hdl/lib_cdc_v1_0_rfs.vhd:106]
INFO: [Synth 8-638] synthesizing module 'cdc_sync__parameterized0' [c:/Users/owenm/Programming/Verilog/ADC_interface_low_HZ/ADC_interface_low_HZ.gen/sources_1/bd/design_1/ipshared/ef1e/hdl/lib_cdc_v1_0_rfs.vhd:106]
	Parameter INIT bound to: 1'b0 
	Parameter INIT bound to: 1'b0 
	Parameter INIT bound to: 1'b0 
	Parameter INIT bound to: 1'b0 
	Parameter INIT bound to: 1'b0 
	Parameter INIT bound to: 1'b0 
INFO: [Synth 8-256] done synthesizing module 'cdc_sync__parameterized0' (0#1) [c:/Users/owenm/Programming/Verilog/ADC_interface_low_HZ/ADC_interface_low_HZ.gen/sources_1/bd/design_1/ipshared/ef1e/hdl/lib_cdc_v1_0_rfs.vhd:106]
INFO: [Synth 8-256] done synthesizing module 'GPIO_Core' (0#1) [c:/Users/owenm/Programming/Verilog/ADC_interface_low_HZ/ADC_interface_low_HZ.gen/sources_1/bd/design_1/ipshared/3ed9/hdl/axi_gpio_v2_0_vh_rfs.vhd:178]
INFO: [Synth 8-256] done synthesizing module 'axi_gpio' (0#1) [c:/Users/owenm/Programming/Verilog/ADC_interface_low_HZ/ADC_interface_low_HZ.gen/sources_1/bd/design_1/ipshared/3ed9/hdl/axi_gpio_v2_0_vh_rfs.vhd:1351]
INFO: [Synth 8-256] done synthesizing module 'design_1_axi_gpio_0_0' (0#1) [c:/Users/owenm/Programming/Verilog/ADC_interface_low_HZ/ADC_interface_low_HZ.gen/sources_1/bd/design_1/ip/design_1_axi_gpio_0_0/synth/design_1_axi_gpio_0_0.vhd:89]
WARNING: [Synth 8-6014] Unused sequential element Dual.ALLOUT0_ND_G0.READ_REG_GEN[0].GPIO_DBus_i_reg was removed.  [c:/Users/owenm/Programming/Verilog/ADC_interface_low_HZ/ADC_interface_low_HZ.gen/sources_1/bd/design_1/ipshared/3ed9/hdl/axi_gpio_v2_0_vh_rfs.vhd:619]
WARNING: [Synth 8-6014] Unused sequential element Dual.ALLOUT0_ND_G0.READ_REG_GEN[1].GPIO_DBus_i_reg was removed.  [c:/Users/owenm/Programming/Verilog/ADC_interface_low_HZ/ADC_interface_low_HZ.gen/sources_1/bd/design_1/ipshared/3ed9/hdl/axi_gpio_v2_0_vh_rfs.vhd:619]
WARNING: [Synth 8-6014] Unused sequential element Dual.ALLOUT0_ND_G0.READ_REG_GEN[2].GPIO_DBus_i_reg was removed.  [c:/Users/owenm/Programming/Verilog/ADC_interface_low_HZ/ADC_interface_low_HZ.gen/sources_1/bd/design_1/ipshared/3ed9/hdl/axi_gpio_v2_0_vh_rfs.vhd:619]
WARNING: [Synth 8-6014] Unused sequential element Dual.ALLOUT0_ND_G0.READ_REG_GEN[3].GPIO_DBus_i_reg was removed.  [c:/Users/owenm/Programming/Verilog/ADC_interface_low_HZ/ADC_interface_low_HZ.gen/sources_1/bd/design_1/ipshared/3ed9/hdl/axi_gpio_v2_0_vh_rfs.vhd:619]
WARNING: [Synth 8-6014] Unused sequential element Dual.ALLOUT0_ND_G0.READ_REG_GEN[4].GPIO_DBus_i_reg was removed.  [c:/Users/owenm/Programming/Verilog/ADC_interface_low_HZ/ADC_interface_low_HZ.gen/sources_1/bd/design_1/ipshared/3ed9/hdl/axi_gpio_v2_0_vh_rfs.vhd:619]
WARNING: [Synth 8-6014] Unused sequential element Dual.ALLOUT0_ND_G0.READ_REG_GEN[5].GPIO_DBus_i_reg was removed.  [c:/Users/owenm/Programming/Verilog/ADC_interface_low_HZ/ADC_interface_low_HZ.gen/sources_1/bd/design_1/ipshared/3ed9/hdl/axi_gpio_v2_0_vh_rfs.vhd:619]
WARNING: [Synth 8-6014] Unused sequential element Dual.ALLOUT0_ND_G0.READ_REG_GEN[6].GPIO_DBus_i_reg was removed.  [c:/Users/owenm/Programming/Verilog/ADC_interface_low_HZ/ADC_interface_low_HZ.gen/sources_1/bd/design_1/ipshared/3ed9/hdl/axi_gpio_v2_0_vh_rfs.vhd:619]
WARNING: [Synth 8-6014] Unused sequential element Dual.ALLOUT0_ND_G0.READ_REG_GEN[7].GPIO_DBus_i_reg was removed.  [c:/Users/owenm/Programming/Verilog/ADC_interface_low_HZ/ADC_interface_low_HZ.gen/sources_1/bd/design_1/ipshared/3ed9/hdl/axi_gpio_v2_0_vh_rfs.vhd:619]
WARNING: [Synth 8-6014] Unused sequential element Dual.ALLOUT0_ND_G0.READ_REG_GEN[8].GPIO_DBus_i_reg was removed.  [c:/Users/owenm/Programming/Verilog/ADC_interface_low_HZ/ADC_interface_low_HZ.gen/sources_1/bd/design_1/ipshared/3ed9/hdl/axi_gpio_v2_0_vh_rfs.vhd:619]
WARNING: [Synth 8-6014] Unused sequential element Dual.ALLOUT0_ND_G0.READ_REG_GEN[9].GPIO_DBus_i_reg was removed.  [c:/Users/owenm/Programming/Verilog/ADC_interface_low_HZ/ADC_interface_low_HZ.gen/sources_1/bd/design_1/ipshared/3ed9/hdl/axi_gpio_v2_0_vh_rfs.vhd:619]
WARNING: [Synth 8-6014] Unused sequential element Dual.ALLOUT0_ND_G0.READ_REG_GEN[10].GPIO_DBus_i_reg was removed.  [c:/Users/owenm/Programming/Verilog/ADC_interface_low_HZ/ADC_interface_low_HZ.gen/sources_1/bd/design_1/ipshared/3ed9/hdl/axi_gpio_v2_0_vh_rfs.vhd:619]
WARNING: [Synth 8-6014] Unused sequential element Dual.ALLOUT0_ND_G0.READ_REG_GEN[11].GPIO_DBus_i_reg was removed.  [c:/Users/owenm/Programming/Verilog/ADC_interface_low_HZ/ADC_interface_low_HZ.gen/sources_1/bd/design_1/ipshared/3ed9/hdl/axi_gpio_v2_0_vh_rfs.vhd:619]
WARNING: [Synth 8-6014] Unused sequential element Dual.ALLOUT0_ND_G0.READ_REG_GEN[12].GPIO_DBus_i_reg was removed.  [c:/Users/owenm/Programming/Verilog/ADC_interface_low_HZ/ADC_interface_low_HZ.gen/sources_1/bd/design_1/ipshared/3ed9/hdl/axi_gpio_v2_0_vh_rfs.vhd:619]
WARNING: [Synth 8-6014] Unused sequential element Dual.ALLOUT0_ND_G0.READ_REG_GEN[13].GPIO_DBus_i_reg was removed.  [c:/Users/owenm/Programming/Verilog/ADC_interface_low_HZ/ADC_interface_low_HZ.gen/sources_1/bd/design_1/ipshared/3ed9/hdl/axi_gpio_v2_0_vh_rfs.vhd:619]
WARNING: [Synth 8-6014] Unused sequential element Dual.ALLOUT0_ND_G0.READ_REG_GEN[14].GPIO_DBus_i_reg was removed.  [c:/Users/owenm/Programming/Verilog/ADC_interface_low_HZ/ADC_interface_low_HZ.gen/sources_1/bd/design_1/ipshared/3ed9/hdl/axi_gpio_v2_0_vh_rfs.vhd:619]
WARNING: [Synth 8-6014] Unused sequential element Dual.ALLOUT0_ND_G0.READ_REG_GEN[15].GPIO_DBus_i_reg was removed.  [c:/Users/owenm/Programming/Verilog/ADC_interface_low_HZ/ADC_interface_low_HZ.gen/sources_1/bd/design_1/ipshared/3ed9/hdl/axi_gpio_v2_0_vh_rfs.vhd:619]
WARNING: [Synth 8-6014] Unused sequential element Dual.ALLOUT0_ND_G0.READ_REG_GEN[16].GPIO_DBus_i_reg was removed.  [c:/Users/owenm/Programming/Verilog/ADC_interface_low_HZ/ADC_interface_low_HZ.gen/sources_1/bd/design_1/ipshared/3ed9/hdl/axi_gpio_v2_0_vh_rfs.vhd:619]
WARNING: [Synth 8-6014] Unused sequential element Dual.ALLOUT0_ND_G0.READ_REG_GEN[17].GPIO_DBus_i_reg was removed.  [c:/Users/owenm/Programming/Verilog/ADC_interface_low_HZ/ADC_interface_low_HZ.gen/sources_1/bd/design_1/ipshared/3ed9/hdl/axi_gpio_v2_0_vh_rfs.vhd:619]
WARNING: [Synth 8-6014] Unused sequential element Dual.ALLOUT0_ND_G0.READ_REG_GEN[18].GPIO_DBus_i_reg was removed.  [c:/Users/owenm/Programming/Verilog/ADC_interface_low_HZ/ADC_interface_low_HZ.gen/sources_1/bd/design_1/ipshared/3ed9/hdl/axi_gpio_v2_0_vh_rfs.vhd:619]
WARNING: [Synth 8-6014] Unused sequential element Dual.ALLOUT0_ND_G0.READ_REG_GEN[19].GPIO_DBus_i_reg was removed.  [c:/Users/owenm/Programming/Verilog/ADC_interface_low_HZ/ADC_interface_low_HZ.gen/sources_1/bd/design_1/ipshared/3ed9/hdl/axi_gpio_v2_0_vh_rfs.vhd:619]
WARNING: [Synth 8-6014] Unused sequential element Dual.ALLOUT0_ND_G0.READ_REG_GEN[20].GPIO_DBus_i_reg was removed.  [c:/Users/owenm/Programming/Verilog/ADC_interface_low_HZ/ADC_interface_low_HZ.gen/sources_1/bd/design_1/ipshared/3ed9/hdl/axi_gpio_v2_0_vh_rfs.vhd:619]
WARNING: [Synth 8-6014] Unused sequential element Dual.ALLOUT0_ND_G0.READ_REG_GEN[21].GPIO_DBus_i_reg was removed.  [c:/Users/owenm/Programming/Verilog/ADC_interface_low_HZ/ADC_interface_low_HZ.gen/sources_1/bd/design_1/ipshared/3ed9/hdl/axi_gpio_v2_0_vh_rfs.vhd:619]
WARNING: [Synth 8-6014] Unused sequential element Dual.ALLOUT0_ND_G0.READ_REG_GEN[22].GPIO_DBus_i_reg was removed.  [c:/Users/owenm/Programming/Verilog/ADC_interface_low_HZ/ADC_interface_low_HZ.gen/sources_1/bd/design_1/ipshared/3ed9/hdl/axi_gpio_v2_0_vh_rfs.vhd:619]
WARNING: [Synth 8-6014] Unused sequential element Dual.ALLOUT0_ND_G0.READ_REG_GEN[23].GPIO_DBus_i_reg was removed.  [c:/Users/owenm/Programming/Verilog/ADC_interface_low_HZ/ADC_interface_low_HZ.gen/sources_1/bd/design_1/ipshared/3ed9/hdl/axi_gpio_v2_0_vh_rfs.vhd:619]
WARNING: [Synth 8-6014] Unused sequential element Dual.ALLOUT0_ND_G0.READ_REG_GEN[24].GPIO_DBus_i_reg was removed.  [c:/Users/owenm/Programming/Verilog/ADC_interface_low_HZ/ADC_interface_low_HZ.gen/sources_1/bd/design_1/ipshared/3ed9/hdl/axi_gpio_v2_0_vh_rfs.vhd:619]
WARNING: [Synth 8-6014] Unused sequential element Dual.ALLOUT0_ND_G0.READ_REG_GEN[25].GPIO_DBus_i_reg was removed.  [c:/Users/owenm/Programming/Verilog/ADC_interface_low_HZ/ADC_interface_low_HZ.gen/sources_1/bd/design_1/ipshared/3ed9/hdl/axi_gpio_v2_0_vh_rfs.vhd:619]
WARNING: [Synth 8-6014] Unused sequential element Dual.ALLOUT0_ND_G0.READ_REG_GEN[26].GPIO_DBus_i_reg was removed.  [c:/Users/owenm/Programming/Verilog/ADC_interface_low_HZ/ADC_interface_low_HZ.gen/sources_1/bd/design_1/ipshared/3ed9/hdl/axi_gpio_v2_0_vh_rfs.vhd:619]
WARNING: [Synth 8-6014] Unused sequential element Dual.ALLOUT0_ND_G0.READ_REG_GEN[27].GPIO_DBus_i_reg was removed.  [c:/Users/owenm/Programming/Verilog/ADC_interface_low_HZ/ADC_interface_low_HZ.gen/sources_1/bd/design_1/ipshared/3ed9/hdl/axi_gpio_v2_0_vh_rfs.vhd:619]
WARNING: [Synth 8-6014] Unused sequential element Dual.ALLOUT0_ND_G0.READ_REG_GEN[28].GPIO_DBus_i_reg was removed.  [c:/Users/owenm/Programming/Verilog/ADC_interface_low_HZ/ADC_interface_low_HZ.gen/sources_1/bd/design_1/ipshared/3ed9/hdl/axi_gpio_v2_0_vh_rfs.vhd:619]
WARNING: [Synth 8-6014] Unused sequential element Dual.ALLOUT0_ND_G0.READ_REG_GEN[29].GPIO_DBus_i_reg was removed.  [c:/Users/owenm/Programming/Verilog/ADC_interface_low_HZ/ADC_interface_low_HZ.gen/sources_1/bd/design_1/ipshared/3ed9/hdl/axi_gpio_v2_0_vh_rfs.vhd:619]
WARNING: [Synth 8-6014] Unused sequential element Dual.ALLOUT0_ND_G0.READ_REG_GEN[30].GPIO_DBus_i_reg was removed.  [c:/Users/owenm/Programming/Verilog/ADC_interface_low_HZ/ADC_interface_low_HZ.gen/sources_1/bd/design_1/ipshared/3ed9/hdl/axi_gpio_v2_0_vh_rfs.vhd:619]
WARNING: [Synth 8-6014] Unused sequential element Dual.ALLOUT0_ND_G0.READ_REG_GEN[31].GPIO_DBus_i_reg was removed.  [c:/Users/owenm/Programming/Verilog/ADC_interface_low_HZ/ADC_interface_low_HZ.gen/sources_1/bd/design_1/ipshared/3ed9/hdl/axi_gpio_v2_0_vh_rfs.vhd:619]
WARNING: [Synth 8-6014] Unused sequential element Dual.ALLOUT0_ND_G2.READ_REG2_GEN[0].GPIO2_DBus_i_reg was removed.  [c:/Users/owenm/Programming/Verilog/ADC_interface_low_HZ/ADC_interface_low_HZ.gen/sources_1/bd/design_1/ipshared/3ed9/hdl/axi_gpio_v2_0_vh_rfs.vhd:750]
WARNING: [Synth 8-7129] Port prmry_aclk in module cdc_sync__parameterized0 is either unconnected or has no load
WARNING: [Synth 8-7129] Port prmry_resetn in module cdc_sync__parameterized0 is either unconnected or has no load
WARNING: [Synth 8-7129] Port prmry_in in module cdc_sync__parameterized0 is either unconnected or has no load
WARNING: [Synth 8-7129] Port scndry_resetn in module cdc_sync__parameterized0 is either unconnected or has no load
WARNING: [Synth 8-7129] Port prmry_aclk in module cdc_sync is either unconnected or has no load
WARNING: [Synth 8-7129] Port prmry_resetn in module cdc_sync is either unconnected or has no load
WARNING: [Synth 8-7129] Port prmry_in in module cdc_sync is either unconnected or has no load
WARNING: [Synth 8-7129] Port scndry_resetn in module cdc_sync is either unconnected or has no load
WARNING: [Synth 8-7129] Port ABus_Reg[1] in module GPIO_Core is either unconnected or has no load
WARNING: [Synth 8-7129] Port ABus_Reg[2] in module GPIO_Core is either unconnected or has no load
WARNING: [Synth 8-7129] Port ABus_Reg[3] in module GPIO_Core is either unconnected or has no load
WARNING: [Synth 8-7129] Port ABus_Reg[4] in module GPIO_Core is either unconnected or has no load
WARNING: [Synth 8-7129] Port ABus_Reg[7] in module GPIO_Core is either unconnected or has no load
WARNING: [Synth 8-7129] Port ABus_Reg[8] in module GPIO_Core is either unconnected or has no load
WARNING: [Synth 8-7129] Port BE_Reg[0] in module GPIO_Core is either unconnected or has no load
WARNING: [Synth 8-7129] Port BE_Reg[1] in module GPIO_Core is either unconnected or has no load
WARNING: [Synth 8-7129] Port BE_Reg[2] in module GPIO_Core is either unconnected or has no load
WARNING: [Synth 8-7129] Port BE_Reg[3] in module GPIO_Core is either unconnected or has no load
WARNING: [Synth 8-7129] Port Address_In_Erly[0] in module address_decoder is either unconnected or has no load
WARNING: [Synth 8-7129] Port Address_In_Erly[1] in module address_decoder is either unconnected or has no load
WARNING: [Synth 8-7129] Port Address_In_Erly[2] in module address_decoder is either unconnected or has no load
WARNING: [Synth 8-7129] Port Address_In_Erly[3] in module address_decoder is either unconnected or has no load
WARNING: [Synth 8-7129] Port Address_In_Erly[4] in module address_decoder is either unconnected or has no load
WARNING: [Synth 8-7129] Port Address_In_Erly[7] in module address_decoder is either unconnected or has no load
WARNING: [Synth 8-7129] Port Address_In_Erly[8] in module address_decoder is either unconnected or has no load
WARNING: [Synth 8-7129] Port Bus_RNW in module address_decoder is either unconnected or has no load
WARNING: [Synth 8-7129] Port S_AXI_WSTRB[3] in module slave_attachment is either unconnected or has no load
WARNING: [Synth 8-7129] Port S_AXI_WSTRB[2] in module slave_attachment is either unconnected or has no load
WARNING: [Synth 8-7129] Port S_AXI_WSTRB[1] in module slave_attachment is either unconnected or has no load
WARNING: [Synth 8-7129] Port S_AXI_WSTRB[0] in module slave_attachment is either unconnected or has no load
---------------------------------------------------------------------------------
Finished RTL Elaboration : Time (s): cpu = 00:00:10 ; elapsed = 00:02:20 . Memory (MB): peak = 2575.840 ; gain = 400.285
---------------------------------------------------------------------------------
---------------------------------------------------------------------------------
Start Handling Custom Attributes
---------------------------------------------------------------------------------
---------------------------------------------------------------------------------
Finished Handling Custom Attributes : Time (s): cpu = 00:00:10 ; elapsed = 00:02:22 . Memory (MB): peak = 2575.840 ; gain = 400.285
---------------------------------------------------------------------------------
---------------------------------------------------------------------------------
Finished RTL Optimization Phase 1 : Time (s): cpu = 00:00:10 ; elapsed = 00:02:22 . Memory (MB): peak = 2575.840 ; gain = 400.285
---------------------------------------------------------------------------------
Netlist sorting complete. Time (s): cpu = 00:00:00 ; elapsed = 00:00:00.030 . Memory (MB): peak = 2575.840 ; gain = 0.000
INFO: [Netlist 29-17] Analyzing 198 Unisim elements for replacement
INFO: [Netlist 29-28] Unisim Transformation completed in 1 CPU seconds
INFO: [Project 1-570] Preparing netlist for logic optimization

Processing XDC Constraints
Initializing timing engine
Parsing XDC File [c:/Users/owenm/Programming/Verilog/ADC_interface_low_HZ/ADC_interface_low_HZ.gen/sources_1/bd/design_1/ip/design_1_axi_gpio_0_0/design_1_axi_gpio_0_0_ooc.xdc] for cell 'U0'
Finished Parsing XDC File [c:/Users/owenm/Programming/Verilog/ADC_interface_low_HZ/ADC_interface_low_HZ.gen/sources_1/bd/design_1/ip/design_1_axi_gpio_0_0/design_1_axi_gpio_0_0_ooc.xdc] for cell 'U0'
Parsing XDC File [c:/Users/owenm/Programming/Verilog/ADC_interface_low_HZ/ADC_interface_low_HZ.gen/sources_1/bd/design_1/ip/design_1_axi_gpio_0_0/design_1_axi_gpio_0_0_board.xdc] for cell 'U0'
Finished Parsing XDC File [c:/Users/owenm/Programming/Verilog/ADC_interface_low_HZ/ADC_interface_low_HZ.gen/sources_1/bd/design_1/ip/design_1_axi_gpio_0_0/design_1_axi_gpio_0_0_board.xdc] for cell 'U0'
Parsing XDC File [c:/Users/owenm/Programming/Verilog/ADC_interface_low_HZ/ADC_interface_low_HZ.gen/sources_1/bd/design_1/ip/design_1_axi_gpio_0_0/design_1_axi_gpio_0_0.xdc] for cell 'U0'
Finished Parsing XDC File [c:/Users/owenm/Programming/Verilog/ADC_interface_low_HZ/ADC_interface_low_HZ.gen/sources_1/bd/design_1/ip/design_1_axi_gpio_0_0/design_1_axi_gpio_0_0.xdc] for cell 'U0'
Parsing XDC File [C:/Users/owenm/Programming/Verilog/ADC_interface_low_HZ/ADC_interface_low_HZ.runs/design_1_axi_gpio_0_0_synth_1/dont_touch.xdc]
Finished Parsing XDC File [C:/Users/owenm/Programming/Verilog/ADC_interface_low_HZ/ADC_interface_low_HZ.runs/design_1_axi_gpio_0_0_synth_1/dont_touch.xdc]
Completed Processing XDC Constraints

Netlist sorting complete. Time (s): cpu = 00:00:00 ; elapsed = 00:00:00.005 . Memory (MB): peak = 2575.840 ; gain = 0.000
INFO: [Project 1-111] Unisim Transformation Summary:
  A total of 198 instances were transformed.
  FDR => FDRE: 198 instances

Constraint Validation Runtime : Time (s): cpu = 00:00:00 ; elapsed = 00:00:03 . Memory (MB): peak = 2575.840 ; gain = 0.000
INFO: [Designutils 20-5008] Incremental synthesis strategy off
