
*** Running vivado
    with args -log design_1_axi_uartlite_0_0.vds -m64 -product Vivado -mode batch -messageDb vivado.pb -notrace -source design_1_axi_uartlite_0_0.tcl



****** Vivado v2022.1 (64-bit)
  **** SW Build 3526262 on Mon Apr 18 15:48:16 MDT 2022
  **** IP Build 3524634 on Mon Apr 18 20:55:01 MDT 2022
    ** Copyright 1986-2022 Xilinx, Inc. All Rights Reserved.

source design_1_axi_uartlite_0_0.tcl -notrace
create_project: Time (s): cpu = 00:00:03 ; elapsed = 00:00:13 . Memory (MB): peak = 1245.957 ; gain = 88.391
Command: synth_design -top design_1_axi_uartlite_0_0 -part xc7a15tcpg236-1 -incremental_mode off -mode out_of_context
Starting synth_design
Attempting to get a license for feature 'Synthesis' and/or device 'xc7a15t'
INFO: [Common 17-349] Got license for feature 'Synthesis' and/or device 'xc7a15t'
INFO: [Device 21-403] Loading part xc7a15tcpg236-1
INFO: [Synth 8-7079] Multithreading enabled for synth_design using a maximum of 2 processes.
INFO: [Synth 8-7078] Launching helper process for spawning children vivado processes
INFO: [Synth 8-7075] Helper process launched with PID 15028
WARNING: [Synth 8-9501] generate block is allowed only inside loop and conditional generate in SystemVerilog mode [C:/Xilinx/Vivado/2022.1/data/ip/xpm/xpm_fifo/hdl/xpm_fifo.sv:4023]
---------------------------------------------------------------------------------
Starting RTL Elaboration : Time (s): cpu = 00:00:06 ; elapsed = 00:00:31 . Memory (MB): peak = 2138.004 ; gain = 0.000
---------------------------------------------------------------------------------
INFO: [Synth 8-638] synthesizing module 'design_1_axi_uartlite_0_0' [c:/Users/owenm/Programming/Verilog/ADC_interface_low_HZ/ADC_interface_low_HZ.gen/sources_1/bd/design_1/ip/design_1_axi_uartlite_0_0/synth/design_1_axi_uartlite_0_0.vhd:86]
	Parameter C_FAMILY bound to: artix7 - type: string 
	Parameter C_S_AXI_ACLK_FREQ_HZ bound to: 100000000 - type: integer 
	Parameter C_S_AXI_ADDR_WIDTH bound to: 4 - type: integer 
	Parameter C_S_AXI_DATA_WIDTH bound to: 32 - type: integer 
	Parameter C_BAUDRATE bound to: 9600 - type: integer 
	Parameter C_DATA_BITS bound to: 8 - type: integer 
	Parameter C_USE_PARITY bound to: 0 - type: integer 
	Parameter C_ODD_PARITY bound to: 0 - type: integer 
INFO: [Synth 8-3491] module 'axi_uartlite' declared at 'c:/Users/owenm/Programming/Verilog/ADC_interface_low_HZ/ADC_interface_low_HZ.gen/sources_1/bd/design_1/ipshared/5d2b/hdl/axi_uartlite_v2_0_vh_rfs.vhd:2128' bound to instance 'U0' of component 'axi_uartlite' [c:/Users/owenm/Programming/Verilog/ADC_interface_low_HZ/ADC_interface_low_HZ.gen/sources_1/bd/design_1/ip/design_1_axi_uartlite_0_0/synth/design_1_axi_uartlite_0_0.vhd:162]
INFO: [Synth 8-638] synthesizing module 'axi_uartlite' [c:/Users/owenm/Programming/Verilog/ADC_interface_low_HZ/ADC_interface_low_HZ.gen/sources_1/bd/design_1/ipshared/5d2b/hdl/axi_uartlite_v2_0_vh_rfs.vhd:2190]
INFO: [Synth 8-638] synthesizing module 'uartlite_core' [c:/Users/owenm/Programming/Verilog/ADC_interface_low_HZ/ADC_interface_low_HZ.gen/sources_1/bd/design_1/ipshared/5d2b/hdl/axi_uartlite_v2_0_vh_rfs.vhd:1650]
INFO: [Synth 8-638] synthesizing module 'baudrate' [c:/Users/owenm/Programming/Verilog/ADC_interface_low_HZ/ADC_interface_low_HZ.gen/sources_1/bd/design_1/ipshared/5d2b/hdl/axi_uartlite_v2_0_vh_rfs.vhd:1453]
INFO: [Synth 8-256] done synthesizing module 'baudrate' (0#1) [c:/Users/owenm/Programming/Verilog/ADC_interface_low_HZ/ADC_interface_low_HZ.gen/sources_1/bd/design_1/ipshared/5d2b/hdl/axi_uartlite_v2_0_vh_rfs.vhd:1453]
INFO: [Synth 8-638] synthesizing module 'uartlite_rx' [c:/Users/owenm/Programming/Verilog/ADC_interface_low_HZ/ADC_interface_low_HZ.gen/sources_1/bd/design_1/ipshared/5d2b/hdl/axi_uartlite_v2_0_vh_rfs.vhd:927]
INFO: [Synth 8-638] synthesizing module 'cdc_sync' [c:/Users/owenm/Programming/Verilog/ADC_interface_low_HZ/ADC_interface_low_HZ.gen/sources_1/bd/design_1/ipshared/ef1e/hdl/lib_cdc_v1_0_rfs.vhd:106]
	Parameter INIT bound to: 1'b0 
INFO: [Synth 8-113] binding component instance 'CROSS_PLEVEL_IN2SCNDRY_IN_cdc_to' to cell 'FDR' [c:/Users/owenm/Programming/Verilog/ADC_interface_low_HZ/ADC_interface_low_HZ.gen/sources_1/bd/design_1/ipshared/ef1e/hdl/lib_cdc_v1_0_rfs.vhd:514]
	Parameter INIT bound to: 1'b0 
INFO: [Synth 8-113] binding component instance 'CROSS_PLEVEL_IN2SCNDRY_s_level_out_d2' to cell 'FDR' [c:/Users/owenm/Programming/Verilog/ADC_interface_low_HZ/ADC_interface_low_HZ.gen/sources_1/bd/design_1/ipshared/ef1e/hdl/lib_cdc_v1_0_rfs.vhd:545]
	Parameter INIT bound to: 1'b0 
INFO: [Synth 8-113] binding component instance 'CROSS_PLEVEL_IN2SCNDRY_s_level_out_d3' to cell 'FDR' [c:/Users/owenm/Programming/Verilog/ADC_interface_low_HZ/ADC_interface_low_HZ.gen/sources_1/bd/design_1/ipshared/ef1e/hdl/lib_cdc_v1_0_rfs.vhd:554]
	Parameter INIT bound to: 1'b0 
INFO: [Synth 8-113] binding component instance 'CROSS_PLEVEL_IN2SCNDRY_s_level_out_d4' to cell 'FDR' [c:/Users/owenm/Programming/Verilog/ADC_interface_low_HZ/ADC_interface_low_HZ.gen/sources_1/bd/design_1/ipshared/ef1e/hdl/lib_cdc_v1_0_rfs.vhd:564]
	Parameter INIT bound to: 1'b0 
INFO: [Synth 8-113] binding component instance 'CROSS_PLEVEL_IN2SCNDRY_s_level_out_d5' to cell 'FDR' [c:/Users/owenm/Programming/Verilog/ADC_interface_low_HZ/ADC_interface_low_HZ.gen/sources_1/bd/design_1/ipshared/ef1e/hdl/lib_cdc_v1_0_rfs.vhd:574]
	Parameter INIT bound to: 1'b0 
INFO: [Synth 8-113] binding component instance 'CROSS_PLEVEL_IN2SCNDRY_s_level_out_d6' to cell 'FDR' [c:/Users/owenm/Programming/Verilog/ADC_interface_low_HZ/ADC_interface_low_HZ.gen/sources_1/bd/design_1/ipshared/ef1e/hdl/lib_cdc_v1_0_rfs.vhd:584]
INFO: [Synth 8-256] done synthesizing module 'cdc_sync' (0#1) [c:/Users/owenm/Programming/Verilog/ADC_interface_low_HZ/ADC_interface_low_HZ.gen/sources_1/bd/design_1/ipshared/ef1e/hdl/lib_cdc_v1_0_rfs.vhd:106]
INFO: [Synth 8-638] synthesizing module 'srl_fifo_f' [c:/Users/owenm/Programming/Verilog/ADC_interface_low_HZ/ADC_interface_low_HZ.gen/sources_1/bd/design_1/ipshared/51ce/hdl/lib_srl_fifo_v1_0_rfs.vhd:1000]
INFO: [Synth 8-638] synthesizing module 'srl_fifo_rbu_f' [c:/Users/owenm/Programming/Verilog/ADC_interface_low_HZ/ADC_interface_low_HZ.gen/sources_1/bd/design_1/ipshared/51ce/hdl/lib_srl_fifo_v1_0_rfs.vhd:697]
INFO: [Synth 8-638] synthesizing module 'cntr_incr_decr_addn_f' [c:/Users/owenm/Programming/Verilog/ADC_interface_low_HZ/ADC_interface_low_HZ.gen/sources_1/bd/design_1/ipshared/51ce/hdl/lib_srl_fifo_v1_0_rfs.vhd:143]
INFO: [Synth 8-256] done synthesizing module 'cntr_incr_decr_addn_f' (0#1) [c:/Users/owenm/Programming/Verilog/ADC_interface_low_HZ/ADC_interface_low_HZ.gen/sources_1/bd/design_1/ipshared/51ce/hdl/lib_srl_fifo_v1_0_rfs.vhd:143]
INFO: [Synth 8-638] synthesizing module 'dynshreg_f' [c:/Users/owenm/Programming/Verilog/ADC_interface_low_HZ/ADC_interface_low_HZ.gen/sources_1/bd/design_1/ipshared/51ce/hdl/lib_srl_fifo_v1_0_rfs.vhd:397]
INFO: [Synth 8-256] done synthesizing module 'dynshreg_f' (0#1) [c:/Users/owenm/Programming/Verilog/ADC_interface_low_HZ/ADC_interface_low_HZ.gen/sources_1/bd/design_1/ipshared/51ce/hdl/lib_srl_fifo_v1_0_rfs.vhd:397]
INFO: [Synth 8-256] done synthesizing module 'srl_fifo_rbu_f' (0#1) [c:/Users/owenm/Programming/Verilog/ADC_interface_low_HZ/ADC_interface_low_HZ.gen/sources_1/bd/design_1/ipshared/51ce/hdl/lib_srl_fifo_v1_0_rfs.vhd:697]
INFO: [Synth 8-256] done synthesizing module 'srl_fifo_f' (0#1) [c:/Users/owenm/Programming/Verilog/ADC_interface_low_HZ/ADC_interface_low_HZ.gen/sources_1/bd/design_1/ipshared/51ce/hdl/lib_srl_fifo_v1_0_rfs.vhd:1000]
INFO: [Synth 8-256] done synthesizing module 'uartlite_rx' (0#1) [c:/Users/owenm/Programming/Verilog/ADC_interface_low_HZ/ADC_interface_low_HZ.gen/sources_1/bd/design_1/ipshared/5d2b/hdl/axi_uartlite_v2_0_vh_rfs.vhd:927]
INFO: [Synth 8-638] synthesizing module 'uartlite_tx' [c:/Users/owenm/Programming/Verilog/ADC_interface_low_HZ/ADC_interface_low_HZ.gen/sources_1/bd/design_1/ipshared/5d2b/hdl/axi_uartlite_v2_0_vh_rfs.vhd:408]
INFO: [Synth 8-256] done synthesizing module 'uartlite_tx' (0#1) [c:/Users/owenm/Programming/Verilog/ADC_interface_low_HZ/ADC_interface_low_HZ.gen/sources_1/bd/design_1/ipshared/5d2b/hdl/axi_uartlite_v2_0_vh_rfs.vhd:408]
INFO: [Synth 8-256] done synthesizing module 'uartlite_core' (0#1) [c:/Users/owenm/Programming/Verilog/ADC_interface_low_HZ/ADC_interface_low_HZ.gen/sources_1/bd/design_1/ipshared/5d2b/hdl/axi_uartlite_v2_0_vh_rfs.vhd:1650]
INFO: [Synth 8-638] synthesizing module 'axi_lite_ipif' [c:/Users/owenm/Programming/Verilog/ADC_interface_low_HZ/ADC_interface_low_HZ.gen/sources_1/bd/design_1/ipshared/66ea/hdl/axi_lite_ipif_v3_0_vh_rfs.vhd:2948]
INFO: [Synth 8-638] synthesizing module 'slave_attachment' [c:/Users/owenm/Programming/Verilog/ADC_interface_low_HZ/ADC_interface_low_HZ.gen/sources_1/bd/design_1/ipshared/66ea/hdl/axi_lite_ipif_v3_0_vh_rfs.vhd:2341]
INFO: [Synth 8-638] synthesizing module 'address_decoder' [c:/Users/owenm/Programming/Verilog/ADC_interface_low_HZ/ADC_interface_low_HZ.gen/sources_1/bd/design_1/ipshared/66ea/hdl/axi_lite_ipif_v3_0_vh_rfs.vhd:1775]
INFO: [Synth 8-638] synthesizing module 'pselect_f' [c:/Users/owenm/Programming/Verilog/ADC_interface_low_HZ/ADC_interface_low_HZ.gen/sources_1/bd/design_1/ipshared/66ea/hdl/axi_lite_ipif_v3_0_vh_rfs.vhd:1534]
INFO: [Synth 8-256] done synthesizing module 'pselect_f' (0#1) [c:/Users/owenm/Programming/Verilog/ADC_interface_low_HZ/ADC_interface_low_HZ.gen/sources_1/bd/design_1/ipshared/66ea/hdl/axi_lite_ipif_v3_0_vh_rfs.vhd:1534]
INFO: [Synth 8-638] synthesizing module 'pselect_f__parameterized0' [c:/Users/owenm/Programming/Verilog/ADC_interface_low_HZ/ADC_interface_low_HZ.gen/sources_1/bd/design_1/ipshared/66ea/hdl/axi_lite_ipif_v3_0_vh_rfs.vhd:1534]
INFO: [Synth 8-256] done synthesizing module 'pselect_f__parameterized0' (0#1) [c:/Users/owenm/Programming/Verilog/ADC_interface_low_HZ/ADC_interface_low_HZ.gen/sources_1/bd/design_1/ipshared/66ea/hdl/axi_lite_ipif_v3_0_vh_rfs.vhd:1534]
INFO: [Synth 8-638] synthesizing module 'pselect_f__parameterized1' [c:/Users/owenm/Programming/Verilog/ADC_interface_low_HZ/ADC_interface_low_HZ.gen/sources_1/bd/design_1/ipshared/66ea/hdl/axi_lite_ipif_v3_0_vh_rfs.vhd:1534]
INFO: [Synth 8-256] done synthesizing module 'pselect_f__parameterized1' (0#1) [c:/Users/owenm/Programming/Verilog/ADC_interface_low_HZ/ADC_interface_low_HZ.gen/sources_1/bd/design_1/ipshared/66ea/hdl/axi_lite_ipif_v3_0_vh_rfs.vhd:1534]
INFO: [Synth 8-638] synthesizing module 'pselect_f__parameterized2' [c:/Users/owenm/Programming/Verilog/ADC_interface_low_HZ/ADC_interface_low_HZ.gen/sources_1/bd/design_1/ipshared/66ea/hdl/axi_lite_ipif_v3_0_vh_rfs.vhd:1534]
INFO: [Synth 8-256] done synthesizing module 'pselect_f__parameterized2' (0#1) [c:/Users/owenm/Programming/Verilog/ADC_interface_low_HZ/ADC_interface_low_HZ.gen/sources_1/bd/design_1/ipshared/66ea/hdl/axi_lite_ipif_v3_0_vh_rfs.vhd:1534]
INFO: [Synth 8-256] done synthesizing module 'address_decoder' (0#1) [c:/Users/owenm/Programming/Verilog/ADC_interface_low_HZ/ADC_interface_low_HZ.gen/sources_1/bd/design_1/ipshared/66ea/hdl/axi_lite_ipif_v3_0_vh_rfs.vhd:1775]
INFO: [Synth 8-226] default block is never used [c:/Users/owenm/Programming/Verilog/ADC_interface_low_HZ/ADC_interface_low_HZ.gen/sources_1/bd/design_1/ipshared/66ea/hdl/axi_lite_ipif_v3_0_vh_rfs.vhd:2550]
INFO: [Synth 8-256] done synthesizing module 'slave_attachment' (0#1) [c:/Users/owenm/Programming/Verilog/ADC_interface_low_HZ/ADC_interface_low_HZ.gen/sources_1/bd/design_1/ipshared/66ea/hdl/axi_lite_ipif_v3_0_vh_rfs.vhd:2341]
INFO: [Synth 8-256] done synthesizing module 'axi_lite_ipif' (0#1) [c:/Users/owenm/Programming/Verilog/ADC_interface_low_HZ/ADC_interface_low_HZ.gen/sources_1/bd/design_1/ipshared/66ea/hdl/axi_lite_ipif_v3_0_vh_rfs.vhd:2948]
INFO: [Synth 8-256] done synthesizing module 'axi_uartlite' (0#1) [c:/Users/owenm/Programming/Verilog/ADC_interface_low_HZ/ADC_interface_low_HZ.gen/sources_1/bd/design_1/ipshared/5d2b/hdl/axi_uartlite_v2_0_vh_rfs.vhd:2190]
INFO: [Synth 8-256] done synthesizing module 'design_1_axi_uartlite_0_0' (0#1) [c:/Users/owenm/Programming/Verilog/ADC_interface_low_HZ/ADC_interface_low_HZ.gen/sources_1/bd/design_1/ip/design_1_axi_uartlite_0_0/synth/design_1_axi_uartlite_0_0.vhd:86]
WARNING: [Synth 8-6014] Unused sequential element is_read_reg was removed.  [c:/Users/owenm/Programming/Verilog/ADC_interface_low_HZ/ADC_interface_low_HZ.gen/sources_1/bd/design_1/ipshared/66ea/hdl/axi_lite_ipif_v3_0_vh_rfs.vhd:2447]
WARNING: [Synth 8-6014] Unused sequential element is_write_reg was removed.  [c:/Users/owenm/Programming/Verilog/ADC_interface_low_HZ/ADC_interface_low_HZ.gen/sources_1/bd/design_1/ipshared/66ea/hdl/axi_lite_ipif_v3_0_vh_rfs.vhd:2448]
WARNING: [Synth 8-7129] Port Address_In_Erly[2] in module address_decoder is either unconnected or has no load
WARNING: [Synth 8-7129] Port Address_In_Erly[3] in module address_decoder is either unconnected or has no load
WARNING: [Synth 8-7129] Port Bus_RNW in module address_decoder is either unconnected or has no load
WARNING: [Synth 8-7129] Port S_AXI_WSTRB[3] in module slave_attachment is either unconnected or has no load
WARNING: [Synth 8-7129] Port S_AXI_WSTRB[2] in module slave_attachment is either unconnected or has no load
WARNING: [Synth 8-7129] Port S_AXI_WSTRB[1] in module slave_attachment is either unconnected or has no load
WARNING: [Synth 8-7129] Port S_AXI_WSTRB[0] in module slave_attachment is either unconnected or has no load
WARNING: [Synth 8-7129] Port prmry_aclk in module cdc_sync is either unconnected or has no load
WARNING: [Synth 8-7129] Port prmry_resetn in module cdc_sync is either unconnected or has no load
WARNING: [Synth 8-7129] Port prmry_vect_in[31] in module cdc_sync is either unconnected or has no load
WARNING: [Synth 8-7129] Port prmry_vect_in[30] in module cdc_sync is either unconnected or has no load
WARNING: [Synth 8-7129] Port prmry_vect_in[29] in module cdc_sync is either unconnected or has no load
WARNING: [Synth 8-7129] Port prmry_vect_in[28] in module cdc_sync is either unconnected or has no load
WARNING: [Synth 8-7129] Port prmry_vect_in[27] in module cdc_sync is either unconnected or has no load
WARNING: [Synth 8-7129] Port prmry_vect_in[26] in module cdc_sync is either unconnected or has no load
WARNING: [Synth 8-7129] Port prmry_vect_in[25] in module cdc_sync is either unconnected or has no load
WARNING: [Synth 8-7129] Port prmry_vect_in[24] in module cdc_sync is either unconnected or has no load
WARNING: [Synth 8-7129] Port prmry_vect_in[23] in module cdc_sync is either unconnected or has no load
WARNING: [Synth 8-7129] Port prmry_vect_in[22] in module cdc_sync is either unconnected or has no load
WARNING: [Synth 8-7129] Port prmry_vect_in[21] in module cdc_sync is either unconnected or has no load
WARNING: [Synth 8-7129] Port prmry_vect_in[20] in module cdc_sync is either unconnected or has no load
WARNING: [Synth 8-7129] Port prmry_vect_in[19] in module cdc_sync is either unconnected or has no load
WARNING: [Synth 8-7129] Port prmry_vect_in[18] in module cdc_sync is either unconnected or has no load
WARNING: [Synth 8-7129] Port prmry_vect_in[17] in module cdc_sync is either unconnected or has no load
WARNING: [Synth 8-7129] Port prmry_vect_in[16] in module cdc_sync is either unconnected or has no load
WARNING: [Synth 8-7129] Port prmry_vect_in[15] in module cdc_sync is either unconnected or has no load
WARNING: [Synth 8-7129] Port prmry_vect_in[14] in module cdc_sync is either unconnected or has no load
WARNING: [Synth 8-7129] Port prmry_vect_in[13] in module cdc_sync is either unconnected or has no load
WARNING: [Synth 8-7129] Port prmry_vect_in[12] in module cdc_sync is either unconnected or has no load
WARNING: [Synth 8-7129] Port prmry_vect_in[11] in module cdc_sync is either unconnected or has no load
WARNING: [Synth 8-7129] Port prmry_vect_in[10] in module cdc_sync is either unconnected or has no load
WARNING: [Synth 8-7129] Port prmry_vect_in[9] in module cdc_sync is either unconnected or has no load
WARNING: [Synth 8-7129] Port prmry_vect_in[8] in module cdc_sync is either unconnected or has no load
WARNING: [Synth 8-7129] Port prmry_vect_in[7] in module cdc_sync is either unconnected or has no load
WARNING: [Synth 8-7129] Port prmry_vect_in[6] in module cdc_sync is either unconnected or has no load
WARNING: [Synth 8-7129] Port prmry_vect_in[5] in module cdc_sync is either unconnected or has no load
WARNING: [Synth 8-7129] Port prmry_vect_in[4] in module cdc_sync is either unconnected or has no load
WARNING: [Synth 8-7129] Port prmry_vect_in[3] in module cdc_sync is either unconnected or has no load
WARNING: [Synth 8-7129] Port prmry_vect_in[2] in module cdc_sync is either unconnected or has no load
WARNING: [Synth 8-7129] Port prmry_vect_in[1] in module cdc_sync is either unconnected or has no load
WARNING: [Synth 8-7129] Port prmry_vect_in[0] in module cdc_sync is either unconnected or has no load
WARNING: [Synth 8-7129] Port scndry_resetn in module cdc_sync is either unconnected or has no load
WARNING: [Synth 8-7129] Port bus2ip_cs in module uartlite_core is either unconnected or has no load
---------------------------------------------------------------------------------
Finished RTL Elaboration : Time (s): cpu = 00:00:08 ; elapsed = 00:00:44 . Memory (MB): peak = 2138.004 ; gain = 0.000
---------------------------------------------------------------------------------
---------------------------------------------------------------------------------
Start Handling Custom Attributes
---------------------------------------------------------------------------------
---------------------------------------------------------------------------------
Finished Handling Custom Attributes : Time (s): cpu = 00:00:08 ; elapsed = 00:00:45 . Memory (MB): peak = 2138.004 ; gain = 0.000
---------------------------------------------------------------------------------
---------------------------------------------------------------------------------
Finished RTL Optimization Phase 1 : Time (s): cpu = 00:00:08 ; elapsed = 00:00:45 . Memory (MB): peak = 2138.004 ; gain = 0.000
---------------------------------------------------------------------------------
Netlist sorting complete. Time (s): cpu = 00:00:00 ; elapsed = 00:00:00.063 . Memory (MB): peak = 2138.004 ; gain = 0.000
INFO: [Netlist 29-17] Analyzing 6 Unisim elements for replacement
INFO: [Netlist 29-28] Unisim Transformation completed in 0 CPU seconds
