19:58:39 INFO  : Launching XSCT server: xsct.bat -n  -interactive C:\Users\owenm\OneDrive\Documents\programming\Verilog\ADC_interface_low_HZ\ADC_interface_low_HZ_mk2.vitus\temp_xsdb_launch_script.tcl
19:58:39 INFO  : Registering command handlers for Vitis TCF services
19:58:39 INFO  : Platform repository initialization has completed.
19:58:43 INFO  : XSCT server has started successfully.
19:58:45 INFO  : Successfully done setting XSCT server connection channel  
19:58:45 INFO  : plnx-install-location is set to ''
19:58:45 INFO  : Successfully done query RDI_DATADIR 
19:58:45 INFO  : Successfully done setting workspace for the tool. 
20:00:04 ERROR : (XSDB Server)ERROR: [Hsi 55-1433] Error boost::filesystem::copy_file: The system cannot find the path specified: "C:/Xilinx/Vitis/2021.2/data/embeddedsw\lib\bsp\standalone_v7_6/src\arm\ARMv8\64bit\platform\versal\armclang\translation_table.S", "C:\Users\owenm\OneDrive\Documents\programming\Verilog\ADC_interface_low_HZ\ADC_interface_low_HZ_mk2.vitus\ADC_interface_low_Hz_mk2\microblaze_0\standalone_domain\bsp\microblaze_0/libsrc/standalone_v7_6/src\arm\ARMv8\64bit\platform\versal\armclang\translation_table.S"

20:00:06 INFO  : Result from executing command 'getProjects': ADC_interface_low_Hz_mk2
20:00:06 INFO  : Result from executing command 'getPlatforms': 
20:06:01 INFO  : Launching XSCT server: xsct.bat -n  -interactive C:\Users\owenm\OneDrive\Documents\programming\Verilog\ADC_interface_low_HZ\ADC_interface_low_HZ_mk2.vitus\temp_xsdb_launch_script.tcl
20:06:04 INFO  : XSCT server has started successfully.
20:06:04 ERROR : Error encountered while initializing user repository paths
Reason: No Platforms Found.


20:06:04 INFO  : Platform repository initialization has completed.
20:06:05 INFO  : plnx-install-location is set to ''
20:06:05 INFO  : Successfully done setting XSCT server connection channel  
20:06:05 INFO  : Successfully done query RDI_DATADIR 
20:06:05 INFO  : Successfully done setting workspace for the tool. 
20:06:05 INFO  : Registering command handlers for Vitis TCF services
20:07:38 INFO  : Result from executing command 'getProjects': ADC_interface_low_Hz_mk2;design_1_wrapper_mk2
20:07:38 INFO  : Result from executing command 'getPlatforms': 
20:07:38 INFO  : Platform 'design_1_wrapper_mk2' is added to custom repositories.
20:07:41 INFO  : Platform 'design_1_wrapper_mk2' is added to custom repositories.
20:10:28 INFO  : Checking for BSP changes to sync application flags for project 'ADC_interface_low_Hz_mk21'...
20:10:28 INFO  : Result from executing command 'getProjects': ADC_interface_low_Hz_mk2;ADC_interface_low_Hz_mk21;ADC_interface_low_Hz_mk21_system;RemoteSystemsTempFiles;design_1_wrapper_mk2
20:10:28 WARN  : Failed to closehw "C:/Users/owenm/OneDrive/Documents/programming/Verilog/ADC_interface_low_HZ/ADC_interface_low_HZ_mk2.vitus/design_1_wrapper_mk2/export/design_1_wrapper_mk2/hw/design_1_wrapper_mk2.xsa"
Reason: C:/Users/owenm/OneDrive/Documents/programming/Verilog/ADC_interface_low_HZ/ADC_interface_low_HZ_mk2.vitus/design_1_wrapper_mk2/export/design_1_wrapper_mk2/hw/design_1_wrapper_mk2.xsa is not available in the current workspace
use 'getprojects' command to see list of available projects in current workspace
20:10:28 INFO  : Result from executing command 'getProjects': ADC_interface_low_Hz_mk2;ADC_interface_low_Hz_mk21;ADC_interface_low_Hz_mk21_system;RemoteSystemsTempFiles;design_1_wrapper_mk2
20:10:28 ERROR : Failed to openhw "C:/Users/owenm/OneDrive/Documents/programming/Verilog/ADC_interface_low_HZ/ADC_interface_low_HZ_mk2.vitus/design_1_wrapper_mk2/export/design_1_wrapper_mk2/hw/design_1_wrapper_mk2.xsa"
Reason: C:/Users/owenm/OneDrive/Documents/programming/Verilog/ADC_interface_low_HZ/ADC_interface_low_HZ_mk2.vitus/design_1_wrapper_mk2/export/design_1_wrapper_mk2/hw/design_1_wrapper_mk2.xsa is not available in the current workspace
use 'getprojects' command to see list of available projects in current workspace
20:10:28 ERROR : Failed to update application flags from BSP for 'ADC_interface_low_Hz_mk21'. Reason: null
java.lang.NullPointerException
	at com.xilinx.sdx.sw.internal.SDxSwPlatform.<init>(SDxSwPlatform.java:305)
	at com.xilinx.sdx.sw.internal.SDxSwPlatform.create(SDxSwPlatform.java:214)
	at com.xilinx.sdx.sdk.core.util.SdkPlatformHelper.getSwPlatform(SdkPlatformHelper.java:61)
	at com.xilinx.sdx.sdk.core.build.SdkMakefileGenerationListener.getSwPlatform(SdkMakefileGenerationListener.java:160)
	at com.xilinx.sdx.sdk.core.build.SdkMakefileGenerationListener.syncAppFlags(SdkMakefileGenerationListener.java:78)
	at com.xilinx.sdx.sdk.core.build.SdkMakefileGenerationListener.preMakefileGeneration(SdkMakefileGenerationListener.java:48)
	at com.xilinx.sdk.managedbuilder.XilinxGnuMakefileGenerator.notifyPreMakefileGenerationListeners(XilinxGnuMakefileGenerator.java:91)
	at com.xilinx.sdk.managedbuilder.XilinxGnuMakefileGenerator.regenerateMakefiles(XilinxGnuMakefileGenerator.java:75)
	at org.eclipse.cdt.managedbuilder.internal.core.CommonBuilder.performMakefileGeneration(CommonBuilder.java:1006)
	at org.eclipse.cdt.managedbuilder.internal.core.CommonBuilder.performPrebuildGeneration(CommonBuilder.java:873)
	at org.eclipse.cdt.managedbuilder.internal.core.CommonBuilder.build(CommonBuilder.java:748)
	at org.eclipse.cdt.managedbuilder.internal.core.CommonBuilder.build(CommonBuilder.java:513)
	at org.eclipse.cdt.managedbuilder.internal.core.CommonBuilder.build(CommonBuilder.java:459)
	at org.eclipse.core.internal.events.BuildManager$2.run(BuildManager.java:832)
	at org.eclipse.core.runtime.SafeRunner.run(SafeRunner.java:45)
	at org.eclipse.core.internal.events.BuildManager.basicBuild(BuildManager.java:220)
	at org.eclipse.core.internal.events.BuildManager.basicBuild(BuildManager.java:263)
	at org.eclipse.core.internal.events.BuildManager$1.run(BuildManager.java:316)
	at org.eclipse.core.runtime.SafeRunner.run(SafeRunner.java:45)
	at org.eclipse.core.internal.events.BuildManager.basicBuild(BuildManager.java:319)
	at org.eclipse.core.internal.events.BuildManager.basicBuildLoop(BuildManager.java:371)
	at org.eclipse.core.internal.events.BuildManager.build(BuildManager.java:392)
	at org.eclipse.core.internal.resources.Workspace.buildInternal(Workspace.java:515)
	at org.eclipse.core.internal.resources.Workspace.build(Workspace.java:412)
	at org.eclipse.ui.actions.BuildAction$1.runInWorkspace(BuildAction.java:291)
	at org.eclipse.core.internal.resources.InternalWorkspaceJob.run(InternalWorkspaceJob.java:42)
	at org.eclipse.core.internal.jobs.Worker.run(Worker.java:63)
20:10:29 ERROR : Failed to compute checksum of hardware specification file used by project 'ADC_interface_low_Hz_mk21'
20:10:29 INFO  : Result from executing command 'getProjects': ADC_interface_low_Hz_mk2;ADC_interface_low_Hz_mk21;ADC_interface_low_Hz_mk21_system;RemoteSystemsTempFiles;design_1_wrapper_mk2
20:10:29 ERROR : Failed to openhw "C:/Users/owenm/OneDrive/Documents/programming/Verilog/ADC_interface_low_HZ/ADC_interface_low_HZ_mk2.vitus/design_1_wrapper_mk2/export/design_1_wrapper_mk2/hw/design_1_wrapper_mk2.xsa"
Reason: C:/Users/owenm/OneDrive/Documents/programming/Verilog/ADC_interface_low_HZ/ADC_interface_low_HZ_mk2.vitus/design_1_wrapper_mk2/export/design_1_wrapper_mk2/hw/design_1_wrapper_mk2.xsa is not available in the current workspace
use 'getprojects' command to see list of available projects in current workspace
20:10:29 INFO  : Result from executing command 'getProjects': ADC_interface_low_Hz_mk2;ADC_interface_low_Hz_mk21;ADC_interface_low_Hz_mk21_system;RemoteSystemsTempFiles;design_1_wrapper_mk2
20:10:29 ERROR : Failed to openhw "C:/Users/owenm/OneDrive/Documents/programming/Verilog/ADC_interface_low_HZ/ADC_interface_low_HZ_mk2.vitus/design_1_wrapper_mk2/export/design_1_wrapper_mk2/hw/design_1_wrapper_mk2.xsa"
Reason: C:/Users/owenm/OneDrive/Documents/programming/Verilog/ADC_interface_low_HZ/ADC_interface_low_HZ_mk2.vitus/design_1_wrapper_mk2/export/design_1_wrapper_mk2/hw/design_1_wrapper_mk2.xsa is not available in the current workspace
use 'getprojects' command to see list of available projects in current workspace
20:10:29 INFO  : Result from executing command 'getProjects': ADC_interface_low_Hz_mk2;ADC_interface_low_Hz_mk21;ADC_interface_low_Hz_mk21_system;RemoteSystemsTempFiles;design_1_wrapper_mk2
20:10:29 ERROR : Failed to openhw "C:/Users/owenm/OneDrive/Documents/programming/Verilog/ADC_interface_low_HZ/ADC_interface_low_HZ_mk2.vitus/design_1_wrapper_mk2/export/design_1_wrapper_mk2/hw/design_1_wrapper_mk2.xsa"
Reason: C:/Users/owenm/OneDrive/Documents/programming/Verilog/ADC_interface_low_HZ/ADC_interface_low_HZ_mk2.vitus/design_1_wrapper_mk2/export/design_1_wrapper_mk2/hw/design_1_wrapper_mk2.xsa is not available in the current workspace
use 'getprojects' command to see list of available projects in current workspace
20:11:26 ERROR : An unexpected exception occurred in the module 'reading platform'
20:11:26 ERROR : Error encountered while removing 'C:\Users\owenm\OneDrive\Documents\programming\Verilog\ADC_interface_low_HZ\ADC_interface_low_HZ_mk2.vitus\ADC_interface_low_Hz_mk2\export\ADC_interface_low_Hz_mk2' from custom repository paths
Reason: No Platforms Found.


20:11:35 ERROR : An unexpected exception occurred in the module 'reading platform'
20:14:16 INFO  : Result from executing command 'getProjects': design_1_wrapper_mk2
20:14:16 INFO  : Result from executing command 'getPlatforms': 
20:14:16 INFO  : Platform 'design_1_wrapper_mk2' is added to custom repositories.
20:14:17 INFO  : Platform 'design_1_wrapper_mk2' is added to custom repositories.
20:15:04 INFO  : Checking for BSP changes to sync application flags for project 'ADC_interface_low_Hz_application'...
20:15:04 INFO  : Result from executing command 'getProjects': ADC_interface_low_Hz_application;ADC_interface_low_Hz_application_system;RemoteSystemsTempFiles;design_1_wrapper_mk2
20:15:04 WARN  : Failed to closehw "C:/Users/owenm/OneDrive/Documents/programming/Verilog/ADC_interface_low_HZ/ADC_interface_low_HZ_mk2.vitus/design_1_wrapper_mk2/export/design_1_wrapper_mk2/hw/design_1_wrapper_mk2.xsa"
Reason: C:/Users/owenm/OneDrive/Documents/programming/Verilog/ADC_interface_low_HZ/ADC_interface_low_HZ_mk2.vitus/design_1_wrapper_mk2/export/design_1_wrapper_mk2/hw/design_1_wrapper_mk2.xsa is not available in the current workspace
use 'getprojects' command to see list of available projects in current workspace
20:15:04 INFO  : Result from executing command 'getProjects': ADC_interface_low_Hz_application;ADC_interface_low_Hz_application_system;RemoteSystemsTempFiles;design_1_wrapper_mk2
20:15:04 ERROR : Failed to openhw "C:/Users/owenm/OneDrive/Documents/programming/Verilog/ADC_interface_low_HZ/ADC_interface_low_HZ_mk2.vitus/design_1_wrapper_mk2/export/design_1_wrapper_mk2/hw/design_1_wrapper_mk2.xsa"
Reason: C:/Users/owenm/OneDrive/Documents/programming/Verilog/ADC_interface_low_HZ/ADC_interface_low_HZ_mk2.vitus/design_1_wrapper_mk2/export/design_1_wrapper_mk2/hw/design_1_wrapper_mk2.xsa is not available in the current workspace
use 'getprojects' command to see list of available projects in current workspace
20:15:04 ERROR : Failed to update application flags from BSP for 'ADC_interface_low_Hz_application'. Reason: null
java.lang.NullPointerException
	at com.xilinx.sdx.sw.internal.SDxSwPlatform.<init>(SDxSwPlatform.java:305)
	at com.xilinx.sdx.sw.internal.SDxSwPlatform.create(SDxSwPlatform.java:214)
	at com.xilinx.sdx.sdk.core.util.SdkPlatformHelper.getSwPlatform(SdkPlatformHelper.java:61)
	at com.xilinx.sdx.sdk.core.build.SdkMakefileGenerationListener.getSwPlatform(SdkMakefileGenerationListener.java:160)
	at com.xilinx.sdx.sdk.core.build.SdkMakefileGenerationListener.syncAppFlags(SdkMakefileGenerationListener.java:78)
	at com.xilinx.sdx.sdk.core.build.SdkMakefileGenerationListener.preMakefileGeneration(SdkMakefileGenerationListener.java:48)
	at com.xilinx.sdk.managedbuilder.XilinxGnuMakefileGenerator.notifyPreMakefileGenerationListeners(XilinxGnuMakefileGenerator.java:91)
	at com.xilinx.sdk.managedbuilder.XilinxGnuMakefileGenerator.regenerateMakefiles(XilinxGnuMakefileGenerator.java:75)
	at org.eclipse.cdt.managedbuilder.internal.core.CommonBuilder.performMakefileGeneration(CommonBuilder.java:1006)
	at org.eclipse.cdt.managedbuilder.internal.core.CommonBuilder.performPrebuildGeneration(CommonBuilder.java:873)
	at org.eclipse.cdt.managedbuilder.internal.core.CommonBuilder.build(CommonBuilder.java:748)
	at org.eclipse.cdt.managedbuilder.internal.core.CommonBuilder.build(CommonBuilder.java:513)
	at org.eclipse.cdt.managedbuilder.internal.core.CommonBuilder.build(CommonBuilder.java:459)
	at org.eclipse.core.internal.events.BuildManager$2.run(BuildManager.java:832)
	at org.eclipse.core.runtime.SafeRunner.run(SafeRunner.java:45)
	at org.eclipse.core.internal.events.BuildManager.basicBuild(BuildManager.java:220)
	at org.eclipse.core.internal.events.BuildManager.basicBuild(BuildManager.java:263)
	at org.eclipse.core.internal.events.BuildManager$1.run(BuildManager.java:316)
	at org.eclipse.core.runtime.SafeRunner.run(SafeRunner.java:45)
	at org.eclipse.core.internal.events.BuildManager.basicBuild(BuildManager.java:319)
	at org.eclipse.core.internal.events.BuildManager.basicBuildLoop(BuildManager.java:371)
	at org.eclipse.core.internal.events.BuildManager.build(BuildManager.java:392)
	at org.eclipse.core.internal.resources.Workspace.buildInternal(Workspace.java:515)
	at org.eclipse.core.internal.resources.Workspace.build(Workspace.java:412)
	at org.eclipse.ui.actions.BuildAction$1.runInWorkspace(BuildAction.java:291)
	at org.eclipse.core.internal.resources.InternalWorkspaceJob.run(InternalWorkspaceJob.java:42)
	at org.eclipse.core.internal.jobs.Worker.run(Worker.java:63)
20:15:04 ERROR : Failed to compute checksum of hardware specification file used by project 'ADC_interface_low_Hz_application'
20:15:04 INFO  : Result from executing command 'getProjects': ADC_interface_low_Hz_application;ADC_interface_low_Hz_application_system;RemoteSystemsTempFiles;design_1_wrapper_mk2
20:15:04 ERROR : Failed to openhw "C:/Users/owenm/OneDrive/Documents/programming/Verilog/ADC_interface_low_HZ/ADC_interface_low_HZ_mk2.vitus/design_1_wrapper_mk2/export/design_1_wrapper_mk2/hw/design_1_wrapper_mk2.xsa"
Reason: C:/Users/owenm/OneDrive/Documents/programming/Verilog/ADC_interface_low_HZ/ADC_interface_low_HZ_mk2.vitus/design_1_wrapper_mk2/export/design_1_wrapper_mk2/hw/design_1_wrapper_mk2.xsa is not available in the current workspace
use 'getprojects' command to see list of available projects in current workspace
20:15:04 INFO  : Result from executing command 'getProjects': ADC_interface_low_Hz_application;ADC_interface_low_Hz_application_system;RemoteSystemsTempFiles;design_1_wrapper_mk2
20:15:04 ERROR : Failed to openhw "C:/Users/owenm/OneDrive/Documents/programming/Verilog/ADC_interface_low_HZ/ADC_interface_low_HZ_mk2.vitus/design_1_wrapper_mk2/export/design_1_wrapper_mk2/hw/design_1_wrapper_mk2.xsa"
Reason: C:/Users/owenm/OneDrive/Documents/programming/Verilog/ADC_interface_low_HZ/ADC_interface_low_HZ_mk2.vitus/design_1_wrapper_mk2/export/design_1_wrapper_mk2/hw/design_1_wrapper_mk2.xsa is not available in the current workspace
use 'getprojects' command to see list of available projects in current workspace
20:15:04 INFO  : Result from executing command 'getProjects': ADC_interface_low_Hz_application;ADC_interface_low_Hz_application_system;RemoteSystemsTempFiles;design_1_wrapper_mk2
20:15:04 ERROR : Failed to openhw "C:/Users/owenm/OneDrive/Documents/programming/Verilog/ADC_interface_low_HZ/ADC_interface_low_HZ_mk2.vitus/design_1_wrapper_mk2/export/design_1_wrapper_mk2/hw/design_1_wrapper_mk2.xsa"
Reason: C:/Users/owenm/OneDrive/Documents/programming/Verilog/ADC_interface_low_HZ/ADC_interface_low_HZ_mk2.vitus/design_1_wrapper_mk2/export/design_1_wrapper_mk2/hw/design_1_wrapper_mk2.xsa is not available in the current workspace
use 'getprojects' command to see list of available projects in current workspace
20:15:44 ERROR : An unexpected exception occurred in the module 'reading platform'
20:16:24 INFO  : Result from executing command 'getProjects': ADC_interface_platform
20:16:24 INFO  : Result from executing command 'getPlatforms': 
